2018/07/31 11:12:47 OPEN (::ffff:192.168.1.228:51578)
2018/07/31 11:12:48 tcp  03 5a a2                 |.Z.|
2018/07/31 11:12:48 term 0b 5a 05 01 00 07 09 04  |.Z......|
2018/07/31 11:12:48 term 07 01 78                 |..x|
2018/07/31 11:12:48 tcp  0b 5a 31 32 33 34 35 36  |.Z123456|
2018/07/31 11:12:48 tcp  37 38 f6                 |78.|
2018/07/31 11:12:48 term 17 5a 45 6c 69 74 65 20  |.ZElite |
2018/07/31 11:12:48 term 32 34 20 20 20 20 56 34  |24    V4|
2018/07/31 11:12:48 term 2e 30 32 2e 30 31 ec     |.02.01.|
2018/07/31 11:12:48 tcp  07 4f 00 64 9b 10 9a     |.O.d...|
2018/07/31 11:12:48 term 17 49 00 64 9b 10 2f fc  |.I.d../.|
2018/07/31 11:12:48 term 56 50 85 90 48 44 76 11  |VP..HDv.|
2018/07/31 11:12:48 term 43 39 ce c4 19 76 fa     |C9...v.|
2018/07/31 11:12:48 tcp  07 4f 00 5d 04 10 38     |.O.]..8|
2018/07/31 11:12:48 term 17 49 00 5d 04 10 54 01  |.I.]..T.|
2018/07/31 11:12:48 term 07 94 71 b6 49 17 a5 1b  |..q.I...|
2018/07/31 11:12:48 term 32 5a 96 f9 6e 49 25     |2Z..nI%|
2018/07/31 11:12:48 tcp  07 4f 00 16 78 01 1a     |.O..x..|
2018/07/31 11:12:48 term 08 49 00 16 78 01 06 19  |.I..x...|
2018/07/31 11:12:48 tcp  07 4f 00 1f ca 07 b9     |.O.....|
2018/07/31 11:12:48 term 0e 49 00 1f ca 07 01 00  |.I......|
2018/07/31 11:12:48 term 00 00 ff ff 2c 8d        |....,.|
2018/07/31 11:12:48 tcp  07 4f 00 16 7e 01 14     |.O..~..|
2018/07/31 11:12:48 term 08 49 00 16 7e 01 00 19  |.I..~...|
2018/07/31 11:12:48 tcp  07 4f 00 5c 55 02 f6     |.O.\U..|
2018/07/31 11:12:48 term 09 49 00 5c 55 02 4c c1  |.I.\U.L.|
2018/07/31 11:12:48 term ed                       |.|
2018/07/31 11:12:48 tcp  07 4f 00 5c 57 02 f4     |.O.\W..|
2018/07/31 11:12:48 term 09 49 00 5c 57 02 23 9c  |.I.\W.#.|
2018/07/31 11:12:48 term 39                       |9|
2018/07/31 11:12:58 tcp  03 50 ac                 |.P.|
2018/07/31 11:12:58 term 05 50 ff ff ac           |.P...|
2018/07/31 11:13:08 tcp  03 50 ac                 |.P.|
2018/07/31 11:13:08 term 05 50 ff ff ac           |.P...|
2018/07/31 11:13:09 tcp  07 4f 00 1f d1 2d 8c     |.O...-.|
2018/07/31 11:13:09 term 34 49 00 1f d1 2d b0 05  |4I...-..|
2018/07/31 11:13:09 term 01 00 07 09 04 07 01 00  |........|
2018/07/31 11:13:09 term 00 0a ff 2c ff c6 18 96  |...,....|
2018/07/31 11:13:09 term 17 69 30 07 32 08 32 09  |.i0.2.2.|
2018/07/31 11:13:09 term 32 0a 32 a4 18 78 1d 26  |2.2..x.&|
2018/07/31 11:13:09 term 16 00 00 94 11 de 15 26  |.......&|
2018/07/31 11:13:09 term 14 20 15 bd              |. ..|
2018/07/31 11:13:10 tcp  07 52 00 30 69 06 07     |.R.0i..|
2018/07/31 11:13:10 term 0d 57 00 30 69 06 0f 14  |.W.0i...|
2018/07/31 11:13:10 term 2a 01 02 12 9a           |*....|
2018/07/31 11:13:10 tcp  07 52 00 30 69 06 07     |.R.0i..|
2018/07/31 11:13:10 term 0d 57 00 30 69 06 0f 14  |.W.0i...|
2018/07/31 11:13:10 term 2b 01 02 12 99           |+....|
2018/07/31 11:13:10 tcp  07 52 00 30 69 06 07     |.R.0i..|
2018/07/31 11:13:10 term 0d 57 00 30 69 06 0f 14  |.W.0i...|
2018/07/31 11:13:10 term 2b 01 02 12 99           |+....|
2018/07/31 11:13:10 tcp  07 52 00 30 69 06 07     |.R.0i..|
2018/07/31 11:13:10 term 0d 57 00 30 69 06 0f 14  |.W.0i...|
2018/07/31 11:13:10 term 2b 01 02 12 99           |+....|
2018/07/31 11:13:10 tcp  07 52 00 30 69 06 07     |.R.0i..|
2018/07/31 11:13:10 term 0d 57 00 30 69 06 0f 14  |.W.0i...|
2018/07/31 11:13:10 term 2b 01 02 12 99           |+....|
2018/07/31 11:13:11 tcp  07 52 00 30 69 06 07     |.R.0i..|
2018/07/31 11:13:11 term 0d 57 00 30 69 06 0f 14  |.W.0i...|
2018/07/31 11:13:11 term 2b 01 02 12 99           |+....|
2018/07/31 11:13:11 tcp  07 52 00 30 69 06 07     |.R.0i..|
2018/07/31 11:13:11 term 0d 57 00 30 69 06 0f 14  |.W.0i...|
2018/07/31 11:13:11 term 2c 01 02 12 98           |,....|
2018/07/31 11:13:11 tcp  07 52 00 30 69 06 07     |.R.0i..|
2018/07/31 11:13:11 term 0d 57 00 30 69 06 0f 14  |.W.0i...|
2018/07/31 11:13:11 term 2c 01 02 12 98           |,....|
2018/07/31 11:13:11 tcp  07 52 00 30 69 06 07     |.R.0i..|
2018/07/31 11:13:11 term 0d 57 00 30 69 06 0f 14  |.W.0i...|
2018/07/31 11:13:11 term 2c 01 02 12 98           |,....|
2018/07/31 11:13:12 tcp  07 52 00 30 69 06 07     |.R.0i..|
2018/07/31 11:13:12 term 0d 57 00 30 69 06 0f 14  |.W.0i...|
2018/07/31 11:13:12 term 2c 01 02 12 98           |,....|
2018/07/31 11:13:12 tcp  07 52 00 30 69 06 07     |.R.0i..|
2018/07/31 11:13:12 term 0d 57 00 30 69 06 0f 14  |.W.0i...|
2018/07/31 11:13:12 term 2d 01 02 12 97           |-....|
2018/07/31 11:13:12 tcp  07 52 00 30 69 06 07     |.R.0i..|
2018/07/31 11:13:12 term 0d 57 00 30 69 06 0f 14  |.W.0i...|
2018/07/31 11:13:12 term 2d 01 02 12 97           |-....|
2018/07/31 11:13:12 tcp  07 52 00 30 69 06 07     |.R.0i..|
2018/07/31 11:13:13 term 0d 57 00 30 69 06 0f 14  |.W.0i...|
2018/07/31 11:13:13 term 2d 01 02 12 97           |-....|
2018/07/31 11:13:13 tcp  07 52 00 30 69 06 07     |.R.0i..|
2018/07/31 11:13:13 term 0d 57 00 30 69 06 0f 14  |.W.0i...|
2018/07/31 11:13:13 term 2e 01 02 12 96           |.....|
2018/07/31 11:13:13 tcp  07 52 00 30 69 06 07     |.R.0i..|
2018/07/31 11:13:13 term 0d 57 00 30 69 06 0f 14  |.W.0i...|
2018/07/31 11:13:13 term 2e 01 02 12 96           |.....|
2018/07/31 11:13:13 tcp  07 52 00 30 69 06 07     |.R.0i..|
2018/07/31 11:13:13 term 0d 57 00 30 69 06 0f 14  |.W.0i...|
2018/07/31 11:13:13 term 2e 01 02 12 96           |.....|
2018/07/31 11:13:13 tcp  07 52 00 30 69 06 07     |.R.0i..|
2018/07/31 11:13:13 term 0d 57 00 30 69 06 0f 14  |.W.0i...|
2018/07/31 11:13:13 term 2e 01 02 12 96           |.....|
2018/07/31 11:13:14 tcp  07 52 00 30 69 06 07     |.R.0i..|
2018/07/31 11:13:14 term 0d 57 00 30 69 06 0f 14  |.W.0i...|
2018/07/31 11:13:14 term 2e 01 02 12 96           |.....|
2018/07/31 11:13:14 tcp  07 52 00 30 69 06 07     |.R.0i..|
2018/07/31 11:13:14 term 0d 57 00 30 69 06 0f 14  |.W.0i...|
2018/07/31 11:13:14 term 2f 01 02 12 95           |/....|
2018/07/31 11:13:14 tcp  07 52 00 30 69 06 07     |.R.0i..|
2018/07/31 11:13:14 term 0d 57 00 30 69 06 0f 14  |.W.0i...|
2018/07/31 11:13:14 term 2f 01 02 12 95           |/....|
2018/07/31 11:13:14 tcp  07 52 00 30 69 06 07     |.R.0i..|
2018/07/31 11:13:14 term 0d 57 00 30 69 06 0f 14  |.W.0i...|
2018/07/31 11:13:14 term 2f 01 02 12 95           |/....|
2018/07/31 11:13:15 tcp  07 52 00 30 69 06 07     |.R.0i..|
2018/07/31 11:13:15 term 0d 57 00 30 69 06 0f 14  |.W.0i...|
2018/07/31 11:13:15 term 2f 01 02 12 95           |/....|
2018/07/31 11:13:15 tcp  07 52 00 30 69 06 07     |.R.0i..|
2018/07/31 11:13:15 term 0d 57 00 30 69 06 0f 14  |.W.0i...|
2018/07/31 11:13:15 term 30 01 02 12 94           |0....|
2018/07/31 11:13:15 tcp  07 52 00 30 69 06 07     |.R.0i..|
2018/07/31 11:13:15 term 0d 57 00 30 69 06 0f 14  |.W.0i...|
2018/07/31 11:13:15 term 30 01 02 12 94           |0....|
2018/07/31 11:13:15 tcp  07 52 00 30 69 06 07     |.R.0i..|
2018/07/31 11:13:15 term 0d 57 00 30 69 06 0f 14  |.W.0i...|
2018/07/31 11:13:15 term 30 01 02 12 94           |0....|
2018/07/31 11:13:16 tcp  07 52 00 30 69 06 07     |.R.0i..|
2018/07/31 11:13:16 term 0d 57 00 30 69 06 0f 14  |.W.0i...|
2018/07/31 11:13:16 term 30 01 02 12 94           |0....|
2018/07/31 11:13:16 tcp  07 52 00 30 69 06 07     |.R.0i..|
2018/07/31 11:13:16 term 0d 57 00 30 69 06 0f 14  |.W.0i...|
2018/07/31 11:13:16 term 30 01 02 12 94           |0....|
2018/07/31 11:13:16 tcp  07 52 00 30 69 06 07     |.R.0i..|
2018/07/31 11:13:16 term 0d 57 00 30 69 06 0f 14  |.W.0i...|
2018/07/31 11:13:16 term 31 01 02 12 93           |1....|
2018/07/31 11:13:16 tcp  07 52 00 30 69 06 07     |.R.0i..|
2018/07/31 11:13:16 term 0d 57 00 30 69 06 0f 14  |.W.0i...|
2018/07/31 11:13:16 term 31 01 02 12 93           |1....|
2018/07/31 11:13:16 tcp  07 52 00 30 69 06 07     |.R.0i..|
2018/07/31 11:13:16 term 0d 57 00 30 69 06 0f 14  |.W.0i...|
2018/07/31 11:13:16 term 31 01 02 12 93           |1....|
2018/07/31 11:13:17 tcp  07 52 00 30 69 06 07     |.R.0i..|
2018/07/31 11:13:17 term 0d 57 00 30 69 06 0f 14  |.W.0i...|
2018/07/31 11:13:17 term 31 01 02 12 93           |1....|
2018/07/31 11:13:17 tcp  07 52 00 30 69 06 07     |.R.0i..|
2018/07/31 11:13:17 term 0d 57 00 30 69 06 0f 14  |.W.0i...|
2018/07/31 11:13:17 term 32 01 02 12 92           |2....|
2018/07/31 11:13:17 tcp  07 52 00 30 69 06 07     |.R.0i..|
2018/07/31 11:13:17 term 0d 57 00 30 69 06 0f 14  |.W.0i...|
2018/07/31 11:13:17 term 32 01 02 12 92           |2....|
2018/07/31 11:13:17 tcp  07 52 00 30 69 06 07     |.R.0i..|
2018/07/31 11:13:17 term 0d 57 00 30 69 06 0f 14  |.W.0i...|
2018/07/31 11:13:17 term 32 01 02 12 92           |2....|
2018/07/31 11:13:18 tcp  07 52 00 30 69 06 07     |.R.0i..|
2018/07/31 11:13:18 term 0d 57 00 30 69 06 0f 14  |.W.0i...|
2018/07/31 11:13:18 term 32 01 02 12 92           |2....|
2018/07/31 11:13:18 tcp  07 52 00 30 69 06 07     |.R.0i..|
2018/07/31 11:13:18 term 0d 57 00 30 69 06 0f 14  |.W.0i...|
2018/07/31 11:13:18 term 33 01 02 12 91           |3....|
2018/07/31 11:13:18 tcp  07 52 00 30 69 06 07     |.R.0i..|
2018/07/31 11:13:18 term 0d 57 00 30 69 06 0f 14  |.W.0i...|
2018/07/31 11:13:18 term 33 01 02 12 91           |3....|
2018/07/31 11:13:18 tcp  07 52 00 30 69 06 07     |.R.0i..|
2018/07/31 11:13:18 term 0d 57 00 30 69 06 0f 14  |.W.0i...|
2018/07/31 11:13:18 term 33 01 02 12 91           |3....|
2018/07/31 11:13:18 tcp  07 52 00 30 69 06 07     |.R.0i..|
2018/07/31 11:13:18 term 0d 57 00 30 69 06 0f 14  |.W.0i...|
2018/07/31 11:13:19 term 33 01 02 12 91           |3....|
2018/07/31 11:13:19 tcp  07 52 00 30 69 06 07     |.R.0i..|
2018/07/31 11:13:19 term 0d 57 00 30 69 06 0f 14  |.W.0i...|
2018/07/31 11:13:19 term 33 01 02 12 91           |3....|
2018/07/31 11:13:19 tcp  07 52 00 30 69 06 07     |.R.0i..|
2018/07/31 11:13:19 term 0d 57 00 30 69 06 0f 14  |.W.0i...|
2018/07/31 11:13:19 term 34 01 02 12 90           |4....|
2018/07/31 11:13:19 tcp  07 52 00 30 69 06 07     |.R.0i..|
2018/07/31 11:13:19 term 0d 57 00 30 69 06 0f 14  |.W.0i...|
2018/07/31 11:13:19 term 34 01 02 12 90           |4....|
2018/07/31 11:13:19 tcp  07 52 00 30 69 06 07     |.R.0i..|
2018/07/31 11:13:19 term 0d 57 00 30 69 06 0f 14  |.W.0i...|
2018/07/31 11:13:19 term 34 01 02 12 90           |4....|
2018/07/31 11:13:20 tcp  07 52 00 30 69 06 07     |.R.0i..|
2018/07/31 11:13:20 term 0d 57 00 30 69 06 0f 14  |.W.0i...|
2018/07/31 11:13:20 term 34 01 02 12 90           |4....|
2018/07/31 11:13:20 tcp  07 52 00 30 69 06 07     |.R.0i..|
2018/07/31 11:13:20 term 0d 57 00 30 69 06 0f 14  |.W.0i...|
2018/07/31 11:13:20 term 35 01 02 12 8f           |5....|
2018/07/31 11:13:20 tcp  07 52 00 30 69 06 07     |.R.0i..|
2018/07/31 11:13:20 term 0d 57 00 30 69 06 0f 14  |.W.0i...|
2018/07/31 11:13:20 term 35 01 02 12 8f           |5....|
2018/07/31 11:13:20 tcp  07 52 00 30 69 06 07     |.R.0i..|
2018/07/31 11:13:20 term 0d 57 00 30 69 06 0f 14  |.W.0i...|
2018/07/31 11:13:20 term 35 01 02 12 8f           |5....|
2018/07/31 11:13:20 tcp  07 52 00 30 69 06 07     |.R.0i..|
2018/07/31 11:13:21 term 0d 57 00 30 69 06 0f 14  |.W.0i...|
2018/07/31 11:13:21 term 35 01 02 12 8f           |5....|
2018/07/31 11:13:21 tcp  07 52 00 30 69 06 07     |.R.0i..|
2018/07/31 11:13:21 term 0d 57 00 30 69 06 0f 14  |.W.0i...|
2018/07/31 11:13:21 term 35 01 02 12 8f           |5....|
2018/07/31 11:13:21 tcp  07 52 00 30 69 06 07     |.R.0i..|
2018/07/31 11:13:21 term 0d 57 00 30 69 06 0f 14  |.W.0i...|
2018/07/31 11:13:21 term 36 01 02 12 8e           |6....|
2018/07/31 11:13:21 tcp  07 52 00 30 69 06 07     |.R.0i..|
2018/07/31 11:13:21 term 0d 57 00 30 69 06 0f 14  |.W.0i...|
2018/07/31 11:13:21 term 36 01 02 12 8e           |6....|
2018/07/31 11:13:21 tcp  07 52 00 30 69 06 07     |.R.0i..|
2018/07/31 11:13:21 term 0d 57 00 30 69 06 0f 14  |.W.0i...|
2018/07/31 11:13:21 term 36 01 02 12 8e           |6....|
2018/07/31 11:13:22 tcp  07 52 00 30 69 06 07     |.R.0i..|
2018/07/31 11:13:22 term 0d 57 00 30 69 06 0f 14  |.W.0i...|
2018/07/31 11:13:22 term 36 01 02 12 8e           |6....|
2018/07/31 11:13:22 tcp  07 52 00 30 69 06 07     |.R.0i..|
2018/07/31 11:13:22 term 0d 57 00 30 69 06 0f 14  |.W.0i...|
2018/07/31 11:13:22 term 37 01 02 12 8d           |7....|
2018/07/31 11:13:22 tcp  07 52 00 30 69 06 07     |.R.0i..|
2018/07/31 11:13:22 term 0d 57 00 30 69 06 0f 14  |.W.0i...|
2018/07/31 11:13:22 term 37 01 02 12 8d           |7....|
2018/07/31 11:13:22 tcp  07 52 00 30 69 06 07     |.R.0i..|
2018/07/31 11:13:22 term 0d 57 00 30 69 06 0f 14  |.W.0i...|
2018/07/31 11:13:22 term 37 01 02 12 8d           |7....|
2018/07/31 11:13:22 tcp  07 52 00 30 69 06 07     |.R.0i..|
2018/07/31 11:13:23 term 0d 57 00 30 69 06 0f 14  |.W.0i...|
2018/07/31 11:13:23 term 37 01 02 12 8d           |7....|
2018/07/31 11:13:23 tcp  07 52 00 30 69 06 07     |.R.0i..|
2018/07/31 11:13:23 term 0d 57 00 30 69 06 0f 14  |.W.0i...|
2018/07/31 11:13:23 term 38 01 02 12 8c           |8....|
2018/07/31 11:13:23 tcp  07 52 00 30 69 06 07     |.R.0i..|
2018/07/31 11:13:23 term 0d 57 00 30 69 06 0f 14  |.W.0i...|
2018/07/31 11:13:23 term 38 01 02 12 8c           |8....|
2018/07/31 11:13:23 tcp  07 52 00 30 69 06 07     |.R.0i..|
2018/07/31 11:13:23 term 0d 57 00 30 69 06 0f 14  |.W.0i...|
2018/07/31 11:13:23 term 38 01 02 12 8c           |8....|
2018/07/31 11:13:23 tcp  07 52 00 30 69 06 07     |.R.0i..|
2018/07/31 11:13:23 term 0d 57 00 30 69 06 0f 14  |.W.0i...|
2018/07/31 11:13:23 term 38 01 02 12 8c           |8....|
2018/07/31 11:13:24 tcp  07 52 00 30 69 06 07     |.R.0i..|
2018/07/31 11:13:24 term 0d 57 00 30 69 06 0f 14  |.W.0i...|
2018/07/31 11:13:24 term 38 01 02 12 8c           |8....|
2018/07/31 11:13:24 tcp  07 52 00 30 69 06 07     |.R.0i..|
2018/07/31 11:13:24 term 0d 57 00 30 69 06 0f 14  |.W.0i...|
2018/07/31 11:13:24 term 39 01 02 12 8b           |9....|
2018/07/31 11:13:24 tcp  07 52 00 30 69 06 07     |.R.0i..|
2018/07/31 11:13:24 term 0d 57 00 30 69 06 0f 14  |.W.0i...|
2018/07/31 11:13:24 term 39 01 02 12 8b           |9....|
2018/07/31 11:13:24 tcp  0d 57 00 30 69 06 0c 0d  |.W.0i...|
2018/07/31 11:13:24 tcp  01 1f 07 12 aa           |.....|
2018/07/31 11:13:24 term 03 06 f6                 |...|
2018/07/31 11:13:24 tcp  08 42 38 09 1d 01 00 56  |.B8....V|
2018/07/31 11:13:24 term 03 06 f6                 |...|
2018/07/31 11:13:24 tcp  08 42 39 09 1d 01 00 55  |.B9....U|
2018/07/31 11:13:24 term 03 06 f6                 |...|
2018/07/31 11:13:25 tcp  07 52 00 30 69 06 07     |.R.0i..|
2018/07/31 11:13:25 term 0d 57 00 30 69 06 0c 0d  |.W.0i...|
2018/07/31 11:13:25 term 01 1f 07 12 aa           |.....|
2018/07/31 11:13:25 tcp  07 52 00 30 69 06 07     |.R.0i..|
2018/07/31 11:13:25 term 0d 57 00 30 69 06 0c 0d  |.W.0i...|
2018/07/31 11:13:25 term 02 1f 07 12 a9           |.....|
2018/07/31 11:13:25 tcp  07 52 00 30 69 06 07     |.R.0i..|
2018/07/31 11:13:25 term 0d 57 00 30 69 06 0c 0d  |.W.0i...|
2018/07/31 11:13:25 term 02 1f 07 12 a9           |.....|
2018/07/31 11:13:25 tcp  07 52 00 30 69 06 07     |.R.0i..|
2018/07/31 11:13:25 term 0d 57 00 30 69 06 0c 0d  |.W.0i...|
2018/07/31 11:13:25 term 02 1f 07 12 a9           |.....|
2018/07/31 11:13:26 tcp  07 52 00 30 69 06 07     |.R.0i..|
2018/07/31 11:13:26 term 0d 57 00 30 69 06 0c 0d  |.W.0i...|
2018/07/31 11:13:26 term 02 1f 07 12 a9           |.....|
2018/07/31 11:13:26 tcp  07 52 00 30 69 06 07     |.R.0i..|
2018/07/31 11:13:26 term 0d 57 00 30 69 06 0c 0d  |.W.0i...|
2018/07/31 11:13:26 term 03 1f 07 12 a8           |.....|
2018/07/31 11:13:26 tcp  07 52 00 30 69 06 07     |.R.0i..|
2018/07/31 11:13:26 term 0d 57 00 30 69 06 0c 0d  |.W.0i...|
2018/07/31 11:13:26 term 03 1f 07 12 a8           |.....|
2018/07/31 11:13:26 tcp  07 52 00 30 69 06 07     |.R.0i..|
2018/07/31 11:13:26 term 0d 57 00 30 69 06 0c 0d  |.W.0i...|
2018/07/31 11:13:26 term 03 1f 07 12 a8           |.....|
2018/07/31 11:13:26 tcp  07 52 00 30 69 06 07     |.R.0i..|
2018/07/31 11:13:26 term 0d 57 00 30 69 06 0c 0d  |.W.0i...|
2018/07/31 11:13:26 term 03 1f 07 12 a8           |.....|
2018/07/31 11:13:27 tcp  07 52 00 30 69 06 07     |.R.0i..|
2018/07/31 11:13:27 term 0d 57 00 30 69 06 0c 0d  |.W.0i...|
2018/07/31 11:13:27 term 03 1f 07 12 a8           |.....|
2018/07/31 11:13:27 tcp  07 52 00 30 69 06 07     |.R.0i..|
2018/07/31 11:13:27 term 0d 57 00 30 69 06 0c 0d  |.W.0i...|
2018/07/31 11:13:27 term 04 1f 07 12 a7           |.....|
2018/07/31 11:13:27 tcp  07 52 00 30 69 06 07     |.R.0i..|
2018/07/31 11:13:27 term 0d 57 00 30 69 06 0c 0d  |.W.0i...|
2018/07/31 11:13:27 term 04 1f 07 12 a7           |.....|
2018/07/31 11:13:27 tcp  07 52 00 30 69 06 07     |.R.0i..|
2018/07/31 11:13:27 term 0d 57 00 30 69 06 0c 0d  |.W.0i...|
2018/07/31 11:13:27 term 04 1f 07 12 a7           |.....|
2018/07/31 11:13:28 tcp  07 52 00 30 69 06 07     |.R.0i..|
2018/07/31 11:13:28 term 0d 57 00 30 69 06 0c 0d  |.W.0i...|
2018/07/31 11:13:28 term 04 1f 07 12 a7           |.....|
2018/07/31 11:13:28 tcp  07 52 00 30 69 06 07     |.R.0i..|
2018/07/31 11:13:28 term 0d 57 00 30 69 06 0c 0d  |.W.0i...|
2018/07/31 11:13:28 term 05 1f 07 12 a6           |.....|
2018/07/31 11:13:28 tcp  07 52 00 30 69 06 07     |.R.0i..|
2018/07/31 11:13:28 term 0d 57 00 30 69 06 0c 0d  |.W.0i...|
2018/07/31 11:13:28 term 05 1f 07 12 a6           |.....|
2018/07/31 11:13:28 tcp  07 52 00 30 69 06 07     |.R.0i..|
2018/07/31 11:13:28 term 0d 57 00 30 69 06 0c 0d  |.W.0i...|
2018/07/31 11:13:28 term 05 1f 07 12 a6           |.....|
2018/07/31 11:13:29 tcp  07 52 00 30 69 06 07     |.R.0i..|
2018/07/31 11:13:29 term 0d 57 00 30 69 06 0c 0d  |.W.0i...|
2018/07/31 11:13:29 term 05 1f 07 12 a6           |.....|
2018/07/31 11:13:29 tcp  07 52 00 30 69 06 07     |.R.0i..|
2018/07/31 11:13:29 term 0d 57 00 30 69 06 0c 0d  |.W.0i...|
2018/07/31 11:13:29 term 06 1f 07 12 a5           |.....|
2018/07/31 11:13:29 tcp  07 52 00 30 69 06 07     |.R.0i..|
2018/07/31 11:13:29 term 0d 57 00 30 69 06 0c 0d  |.W.0i...|
2018/07/31 11:13:29 term 06 1f 07 12 a5           |.....|
2018/07/31 11:13:29 tcp  07 52 00 30 69 06 07     |.R.0i..|
2018/07/31 11:13:29 term 0d 57 00 30 69 06 0c 0d  |.W.0i...|
2018/07/31 11:13:29 term 06 1f 07 12 a5           |.....|
2018/07/31 11:13:29 tcp  07 52 00 30 69 06 07     |.R.0i..|
2018/07/31 11:13:29 term 0d 57 00 30 69 06 0c 0d  |.W.0i...|
2018/07/31 11:13:29 term 06 1f 07 12 a5           |.....|
2018/07/31 11:13:30 tcp  07 52 00 30 69 06 07     |.R.0i..|
2018/07/31 11:13:30 term 0d 57 00 30 69 06 0c 0d  |.W.0i...|
2018/07/31 11:13:30 term 06 1f 07 12 a5           |.....|
2018/07/31 11:13:30 tcp  07 52 00 30 69 06 07     |.R.0i..|
2018/07/31 11:13:30 term 0d 57 00 30 69 06 0c 0d  |.W.0i...|
2018/07/31 11:13:30 term 07 1f 07 12 a4           |.....|
2018/07/31 11:13:30 tcp  07 52 00 30 69 06 07     |.R.0i..|
2018/07/31 11:13:30 term 0d 57 00 30 69 06 0c 0d  |.W.0i...|
2018/07/31 11:13:30 term 07 1f 07 12 a4           |.....|
2018/07/31 11:13:30 tcp  07 52 00 30 69 06 07     |.R.0i..|
2018/07/31 11:13:30 term 0d 57 00 30 69 06 0c 0d  |.W.0i...|
2018/07/31 11:13:30 term 07 1f 07 12 a4           |.....|
2018/07/31 11:13:33 tcp  03 48 b4                 |.H.|
2018/07/31 11:13:33 term 03 06 f6                 |...|
2018/07/31 11:13:34 CLOSE (tcp read close)
