2018/07/31 10:32:47 OPEN (::ffff:192.168.1.228:64670)
2018/07/31 10:32:49 tcp  03 5a a2                 |.Z.|
2018/07/31 10:32:49 term 0b 5a 05 01 00 07 09 04  |.Z......|
2018/07/31 10:32:49 term 07 01 78                 |..x|
2018/07/31 10:32:49 tcp  0b 5a 31 32 33 34 35 36  |.Z123456|
2018/07/31 10:32:49 tcp  37 38 f6                 |78.|
2018/07/31 10:32:49 term 17 5a 45 6c 69 74 65 20  |.ZElite |
2018/07/31 10:32:49 term 32 34 20 20 20 20 56 34  |24    V4|
2018/07/31 10:32:49 term 2e 30 32 2e 30 31 ec     |.02.01.|
2018/07/31 10:32:49 tcp  07 4f 00 64 9b 10 9a     |.O.d...|
2018/07/31 10:32:49 term 17 49 00 64 9b 10 2f fc  |.I.d../.|
2018/07/31 10:32:49 term 56 50 85 90 48 44 76 11  |VP..HDv.|
2018/07/31 10:32:49 term 43 39 ce c4 19 76 fa     |C9...v.|
2018/07/31 10:32:49 tcp  07 4f 00 5d 04 10 38     |.O.]..8|
2018/07/31 10:32:49 term 17 49 00 5d 04 10 54 01  |.I.]..T.|
2018/07/31 10:32:49 term 07 94 71 b6 49 17 a5 1b  |..q.I...|
2018/07/31 10:32:49 term 32 5a 96 f9 6e 49 25     |2Z..nI%|
2018/07/31 10:32:49 tcp  07 4f 00 16 78 01 1a     |.O..x..|
2018/07/31 10:32:49 term 08 49 00 16 78 01 06 19  |.I..x...|
2018/07/31 10:32:49 tcp  07 4f 00 1f ca 07 b9     |.O.....|
2018/07/31 10:32:49 term 0e 49 00 1f ca 07 01 00  |.I......|
2018/07/31 10:32:49 term 00 00 ff ff 2c 8d        |....,.|
2018/07/31 10:32:49 tcp  07 4f 00 16 7e 01 14     |.O..~..|
2018/07/31 10:32:49 term 08 49 00 16 7e 01 00 19  |.I..~...|
2018/07/31 10:32:49 tcp  07 4f 00 5c 55 02 f6     |.O.\U..|
2018/07/31 10:32:49 term 09 49 00 5c 55 02 28 c0  |.I.\U.(.|
2018/07/31 10:32:49 term 12                       |.|
2018/07/31 10:32:49 tcp  07 4f 00 5c 57 02 f4     |.O.\W..|
2018/07/31 10:32:49 term 09 49 00 5c 57 02 23 9c  |.I.\W.#.|
2018/07/31 10:32:49 term 39                       |9|
2018/07/31 10:32:59 tcp  07 4f 00 11 b0 40 a8     |.O...@.|
2018/07/31 10:32:59 term 47 49 00 11 b0 40 00 00  |GI...@..|
2018/07/31 10:32:59 term 00 00 ff ff ff ff ff ff  |........|
2018/07/31 10:32:59 term ff ff ff ff ff ff ff ff  |........|
2018/07/31 10:32:59 term ff ff ff ff ff ff ff ff  |........|
2018/07/31 10:32:59 term ff ff ff ff ff ff 0b 02  |........|
2018/07/31 10:32:59 term 03 00 08 02 03 00 00 02  |........|
2018/07/31 10:32:59 term 03 00 15 02 03 00 39 02  |......9.|
2018/07/31 10:32:59 term 03 00 42 02 03 00 47 02  |..B...G.|
2018/07/31 10:32:59 term 03 00 0f 02 03 00 69     |......i|
2018/07/31 10:32:59 tcp  07 4f 00 11 f0 40 68     |.O...@h|
2018/07/31 10:32:59 term 47 49 00 11 f0 40 43 02  |GI...@C.|
2018/07/31 10:32:59 term 03 00 15 02 03 00 2f 01  |....../.|
2018/07/31 10:32:59 term 00 00 00 0c 00 00 00 0b  |........|
2018/07/31 10:32:59 term 00 00 01 0b 00 00 02 0b  |........|
2018/07/31 10:32:59 term 00 00 03 0b 00 00 43 02  |......C.|
2018/07/31 10:32:59 term 03 00 15 02 03 00 2f 01  |....../.|
2018/07/31 10:32:59 term 00 00 00 00 00 00 00 00  |........|
2018/07/31 10:32:59 term 00 00 00 00 00 00 00 00  |........|
2018/07/31 10:32:59 term 00 00 00 00 00 00 cc     |.......|
2018/07/31 10:32:59 tcp  07 4f 00 12 30 40 27     |.O..0@'|
2018/07/31 10:32:59 term 47 49 00 12 30 40 ff ff  |GI..0@..|
2018/07/31 10:32:59 term ff ff ff ff ff ff ff ff  |........|
2018/07/31 10:32:59 term ff ff ff ff ff ff ff ff  |........|
2018/07/31 10:32:59 term ff ff ff ff ff ff ff ff  |........|
2018/07/31 10:32:59 term ff ff ff ff ff ff ff ff  |........|
2018/07/31 10:32:59 term ff ff ff ff ff ff ff ff  |........|
2018/07/31 10:32:59 term ff ff ff ff ff ff ff ff  |........|
2018/07/31 10:32:59 term ff ff ff ff ff ff ff ff  |........|
2018/07/31 10:32:59 term ff ff ff ff ff ff 2d     |......-|
2018/07/31 10:32:59 tcp  07 4f 00 12 70 40 e7     |.O..p@.|
2018/07/31 10:32:59 term 47 49 00 12 70 40 ff ff  |GI..p@..|
2018/07/31 10:32:59 term ff ff ff ff ff ff ff ff  |........|
2018/07/31 10:32:59 term ff ff ff ff ff ff ff ff  |........|
2018/07/31 10:32:59 term ff ff ff ff ff ff ff ff  |........|
2018/07/31 10:32:59 term ff ff ff ff ff ff ff ff  |........|
2018/07/31 10:32:59 term ff ff ff ff ff ff ff ff  |........|
2018/07/31 10:32:59 term ff ff ff ff ff ff ff ff  |........|
2018/07/31 10:32:59 term ff ff ff ff ff ff ff ff  |........|
2018/07/31 10:32:59 term ff ff ff ff ff ff ed     |.......|
2018/07/31 10:32:59 tcp  07 4f 00 12 b0 40 a7     |.O...@.|
2018/07/31 10:32:59 term 47 49 00 12 b0 40 ff ff  |GI...@..|
2018/07/31 10:32:59 term ff ff ff ff ff ff ff ff  |........|
2018/07/31 10:32:59 term ff ff ff ff ff ff ff ff  |........|
2018/07/31 10:32:59 term ff ff ff ff ff ff ff ff  |........|
2018/07/31 10:32:59 term ff ff ff ff ff ff ff ff  |........|
2018/07/31 10:32:59 term ff ff ff ff ff ff ff ff  |........|
2018/07/31 10:32:59 term ff ff ff ff ff ff ff ff  |........|
2018/07/31 10:32:59 term ff ff ff ff ff ff ff ff  |........|
2018/07/31 10:32:59 term ff ff ff ff ff ff ad     |.......|
2018/07/31 10:32:59 tcp  07 4f 00 12 f0 40 67     |.O...@g|
2018/07/31 10:32:59 term 47 49 00 12 f0 40 ff ff  |GI...@..|
2018/07/31 10:32:59 term ff ff ff ff ff ff ff ff  |........|
2018/07/31 10:32:59 term ff ff ff ff ff ff ff ff  |........|
2018/07/31 10:32:59 term ff ff ff ff ff ff ff ff  |........|
2018/07/31 10:32:59 term ff ff ff ff ff ff ff ff  |........|
2018/07/31 10:32:59 term ff ff ff ff ff ff ff ff  |........|
2018/07/31 10:32:59 term ff ff ff ff ff ff ff ff  |........|
2018/07/31 10:32:59 term ff ff ff ff ff ff ff ff  |........|
2018/07/31 10:32:59 term ff ff ff ff ff ff 6d     |......m|
2018/07/31 10:32:59 tcp  07 4f 00 13 30 40 26     |.O..0@&|
2018/07/31 10:32:59 term 47 49 00 13 30 40 ff ff  |GI..0@..|
2018/07/31 10:32:59 term ff ff ff ff ff ff ff ff  |........|
2018/07/31 10:32:59 term ff ff ff ff ff ff ff ff  |........|
2018/07/31 10:32:59 term ff ff ff ff ff ff ff ff  |........|
2018/07/31 10:32:59 term ff ff ff ff ff ff ff ff  |........|
2018/07/31 10:32:59 term ff ff ff ff ff ff ff ff  |........|
2018/07/31 10:32:59 term ff ff ff ff ff ff ff ff  |........|
2018/07/31 10:32:59 term ff ff ff ff ff ff ff ff  |........|
2018/07/31 10:32:59 term ff ff ff ff ff ff 2c     |......,|
2018/07/31 10:32:59 tcp  07 4f 00 13 70 40 e6     |.O..p@.|
2018/07/31 10:32:59 term 47 49 00 13 70 40 ff ff  |GI..p@..|
2018/07/31 10:32:59 term ff ff ff ff ff ff ff ff  |........|
2018/07/31 10:32:59 term ff ff ff ff ff ff ff ff  |........|
2018/07/31 10:32:59 term ff ff ff ff ff ff ff ff  |........|
2018/07/31 10:32:59 term ff ff ff ff ff ff ff ff  |........|
2018/07/31 10:32:59 term ff ff ff ff ff ff ff ff  |........|
2018/07/31 10:32:59 term ff ff ff ff ff ff ff ff  |........|
2018/07/31 10:32:59 term ff ff ff ff ff ff ff ff  |........|
2018/07/31 10:32:59 term ff ff ff ff ff ff ec     |.......|
2018/07/31 10:32:59 tcp  07 4f 00 13 b0 40 a6     |.O...@.|
2018/07/31 10:33:00 term 47 49 00 13 b0 40 ff ff  |GI...@..|
2018/07/31 10:33:00 term ff ff ff ff ff ff ff ff  |........|
2018/07/31 10:33:00 term ff ff ff ff ff ff ff ff  |........|
2018/07/31 10:33:00 term ff ff ff ff ff ff ff ff  |........|
2018/07/31 10:33:00 term ff ff ff ff ff ff ff ff  |........|
2018/07/31 10:33:00 term ff ff ff ff ff ff ff ff  |........|
2018/07/31 10:33:00 term ff ff ff ff ff ff ff ff  |........|
2018/07/31 10:33:00 term ff ff ff ff ff ff ff ff  |........|
2018/07/31 10:33:00 term ff ff ff ff ff ff ac     |.......|
2018/07/31 10:33:00 tcp  07 4f 00 13 f0 40 66     |.O...@f|
2018/07/31 10:33:00 term 47 49 00 13 f0 40 43 02  |GI...@C.|
2018/07/31 10:33:00 term 03 00 43 02 03 00 43 02  |..C...C.|
2018/07/31 10:33:00 term 03 00 43 02 03 00 ff ff  |..C.....|
2018/07/31 10:33:00 term ff ff ff ff ff ff ff ff  |........|
2018/07/31 10:33:00 term ff ff ff ff ff ff ff ff  |........|
2018/07/31 10:33:00 term ff ff ff ff ff ff ff ff  |........|
2018/07/31 10:33:00 term ff ff ff ff ff ff ff ff  |........|
2018/07/31 10:33:00 term ff ff ff ff ff ff ff ff  |........|
2018/07/31 10:33:00 term ff ff ff ff ff ff 3c     |......<|
2018/07/31 10:33:00 tcp  07 4f 00 14 30 40 25     |.O..0@%|
2018/07/31 10:33:00 term 47 49 00 14 30 40 0b 02  |GI..0@..|
2018/07/31 10:33:00 term 03 00 08 02 03 00 00 02  |........|
2018/07/31 10:33:00 term 03 00 15 02 03 00 39 02  |......9.|
2018/07/31 10:33:00 term 03 00 42 02 03 00 47 02  |..B...G.|
2018/07/31 10:33:00 term 03 00 0f 02 03 00 0b 02  |........|
2018/07/31 10:33:00 term 03 00 08 02 03 00 3d 02  |......=.|
2018/07/31 10:33:00 term 03 00 15 02 03 00 39 02  |......9.|
2018/07/31 10:33:00 term 03 00 42 02 03 00 47 02  |..B...G.|
2018/07/31 10:33:00 term 03 00 0f 02 03 00 6c     |......l|
2018/07/31 10:33:00 tcp  07 4f 00 14 70 40 e5     |.O..p@.|
2018/07/31 10:33:00 term 47 49 00 14 70 40 00 ff  |GI..p@..|
2018/07/31 10:33:00 term ff ff ff ff ff ff 00 00  |........|
2018/07/31 10:33:00 term 00 00 00 00 00 00 00 00  |........|
2018/07/31 10:33:00 term 00 00 00 00 00 00 00 00  |........|
2018/07/31 10:33:00 term 00 00 00 00 00 00 ff ff  |........|
2018/07/31 10:33:00 term ff ff ff ff ff ff ff ff  |........|
2018/07/31 10:33:00 term ff ff ff ff ff ff ff ff  |........|
2018/07/31 10:33:00 term ff ff ff ff ff ff ff ff  |........|
2018/07/31 10:33:00 term ff ff ff ff ff ff d2     |.......|
2018/07/31 10:33:00 tcp  07 4f 00 14 b0 40 a5     |.O...@.|
2018/07/31 10:33:00 term 47 49 00 14 b0 40 ff ff  |GI...@..|
2018/07/31 10:33:00 term ff ff ff ff ff ff ff ff  |........|
2018/07/31 10:33:00 term ff ff ff ff ff ff ff ff  |........|
2018/07/31 10:33:00 term ff ff ff ff ff ff ff ff  |........|
2018/07/31 10:33:00 term ff ff ff ff ff ff ff ff  |........|
2018/07/31 10:33:00 term ff ff ff ff ff ff ff ff  |........|
2018/07/31 10:33:00 term ff ff ff ff ff ff ff ff  |........|
2018/07/31 10:33:00 term ff ff ff ff ff ff ff ff  |........|
2018/07/31 10:33:00 term ff ff ff ff ff ff ab     |.......|
2018/07/31 10:33:00 tcp  07 4f 00 14 f0 30 75     |.O...0u|
2018/07/31 10:33:00 term 37 49 00 14 f0 30 ff ff  |7I...0..|
2018/07/31 10:33:00 term ff ff ff ff ff ff ff ff  |........|
2018/07/31 10:33:00 term ff ff ff ff ff ff 00 00  |........|
2018/07/31 10:33:00 term 00 00 ff ff ff ff ff ff  |........|
2018/07/31 10:33:00 term ff ff ff ff ff ff 00 00  |........|
2018/07/31 10:33:00 term 00 00 00 00 00 00 00 00  |........|
2018/07/31 10:33:00 term 00 00 00 00 00 00 67     |......g|
2018/07/31 10:33:00 tcp  07 4f 00 5a 00 28 27     |.O.Z.('|
2018/07/31 10:33:00 term 2f 49 00 5a 00 28 0e 02  |/I.Z.(..|
2018/07/31 10:33:00 term 03 00 01 01 00 00 00 00  |........|
2018/07/31 10:33:00 term 00 00 00 00 00 00 00 00  |........|
2018/07/31 10:33:00 term 00 00 00 00 00 00 00 00  |........|
2018/07/31 10:33:00 term 00 00 00 00 00 00 00 00  |........|
2018/07/31 10:33:00 term 00 00 00 00 00 00 f0     |.......|
2018/07/31 10:33:00 tcp  07 4f 00 19 80 40 d0     |.O...@.|
2018/07/31 10:33:00 term 47 49 00 19 80 40 02 0a  |GI...@..|
2018/07/31 10:33:00 term 00 00 00 00 00 00 00 00  |........|
2018/07/31 10:33:00 term 00 00 00 00 00 00 00 00  |........|
2018/07/31 10:33:00 term 00 00 00 00 00 00 00 00  |........|
2018/07/31 10:33:00 term 00 00 00 00 00 00 01 0d  |........|
2018/07/31 10:33:00 term 00 00 00 00 00 00 00 00  |........|
2018/07/31 10:33:00 term 00 00 00 00 00 00 44 02  |......D.|
2018/07/31 10:33:00 term 03 00 00 00 00 00 00 00  |........|
2018/07/31 10:33:00 term 00 00 00 00 00 00 33     |......3|
2018/07/31 10:33:00 tcp  07 4f 00 19 c0 40 90     |.O...@.|
2018/07/31 10:33:00 term 47 49 00 19 c0 40 00 00  |GI...@..|
2018/07/31 10:33:00 term 02 02 00 00 00 00 00 00  |........|
2018/07/31 10:33:00 term 02 02 00 00 02 02 00 00  |........|
2018/07/31 10:33:00 term 00 00 00 00 00 00 00 00  |........|
2018/07/31 10:33:00 term 00 00 00 00 00 00 00 00  |........|
2018/07/31 10:33:00 term 00 00 00 00 00 00 00 00  |........|
2018/07/31 10:33:00 term 00 00 00 00 00 00 00 00  |........|
2018/07/31 10:33:00 term 00 00 00 00 00 00 00 00  |........|
2018/07/31 10:33:00 term 00 00 00 00 00 00 4a     |......J|
2018/07/31 10:33:00 tcp  07 4f 00 1a 00 40 4f     |.O...@O|
2018/07/31 10:33:00 term 47 49 00 1a 00 40 00 00  |GI...@..|
2018/07/31 10:33:00 term 00 00 00 00 00 00 00 00  |........|
2018/07/31 10:33:00 term 00 00 00 00 00 00 20 20  |......  |
2018/07/31 10:33:00 term 20 20 20 20 20 20 20 20  |        |
2018/07/31 10:33:00 term 20 20 20 20 20 20 20 20  |        |
2018/07/31 10:33:00 term 20 20 20 20 20 20 20 20  |        |
2018/07/31 10:33:00 term 20 20 20 20 20 20 30 37  |      07|
2018/07/31 10:33:00 term 37 38 35 34 39 39 39 39  |78549999|
2018/07/31 10:33:00 term 33 00 00 00 00 00 bf     |3......|
2018/07/31 10:33:00 tcp  07 4f 00 1a 40 40 0f     |.O..@@.|
2018/07/31 10:33:00 term 47 49 00 1a 40 40 30 37  |GI..@@07|
2018/07/31 10:33:00 term 38 36 30 39 38 30 34 38  |86098048|
2018/07/31 10:33:00 term 30 00 00 00 00 00 00 00  |0.......|
2018/07/31 10:33:00 term 00 00 00 00 00 00 00 00  |........|
2018/07/31 10:33:00 term 00 00 00 00 00 00 03 00  |........|
2018/07/31 10:33:00 term 00 00 00 20 20 ff ff ff  |...  ...|
2018/07/31 10:33:00 term ff ff ff ff ff ff ff 7f  |........|
2018/07/31 10:33:00 term ff ff ff ff ff ff ff ff  |........|
2018/07/31 10:33:00 term ff ff ff ff ff ff e9     |.......|
2018/07/31 10:33:00 tcp  07 4f 00 1a 80 40 cf     |.O...@.|
2018/07/31 10:33:00 term 47 49 00 1a 80 40 00 00  |GI...@..|
2018/07/31 10:33:00 term 00 00 00 00 00 00 00 00  |........|
2018/07/31 10:33:00 term 00 00 00 00 00 00 00 00  |........|
2018/07/31 10:33:00 term 00 00 00 00 00 00 00 00  |........|
2018/07/31 10:33:00 term 00 00 00 00 00 00 00 00  |........|
2018/07/31 10:33:00 term 00 00 00 00 00 00 00 00  |........|
2018/07/31 10:33:00 term 00 00 00 00 00 00 00 00  |........|
2018/07/31 10:33:00 term 00 00 00 00 00 00 00 00  |........|
2018/07/31 10:33:00 term 00 00 00 00 00 00 95     |.......|
2018/07/31 10:33:00 tcp  07 4f 00 1a c0 40 8f     |.O...@.|
2018/07/31 10:33:01 term 47 49 00 1a c0 40 00 00  |GI...@..|
2018/07/31 10:33:01 term 00 00 00 00 00 00 ff ff  |........|
2018/07/31 10:33:01 term ff ff ff ff ff ff 00 00  |........|
2018/07/31 10:33:01 term 00 00 00 00 00 00 00 00  |........|
2018/07/31 10:33:01 term 00 00 00 00 00 00 00 00  |........|
2018/07/31 10:33:01 term 00 00 00 00 00 00 00 00  |........|
2018/07/31 10:33:01 term 00 00 00 00 00 00 00 00  |........|
2018/07/31 10:33:01 term 00 00 00 00 00 00 00 00  |........|
2018/07/31 10:33:01 term 00 00 00 00 00 00 5d     |......]|
2018/07/31 10:33:01 tcp  07 4f 00 1b 00 40 4e     |.O...@N|
2018/07/31 10:33:01 term 47 49 00 1b 00 40 00 00  |GI...@..|
2018/07/31 10:33:01 term 00 00 00 00 00 00 00 00  |........|
2018/07/31 10:33:01 term 00 00 00 00 00 00 00 00  |........|
2018/07/31 10:33:01 term 00 00 00 00 00 00 03 1e  |........|
2018/07/31 10:33:01 term 00 ff ff ff ff ff 00 00  |........|
2018/07/31 10:33:01 term 00 00 00 00 00 00 00 00  |........|
2018/07/31 10:33:01 term 00 00 00 00 00 00 00 00  |........|
2018/07/31 10:33:01 term 00 00 00 00 00 00 00 00  |........|
2018/07/31 10:33:01 term 00 00 00 00 00 00 f8     |.......|
2018/07/31 10:33:01 tcp  07 4f 00 1b 40 2f 1f     |.O..@/.|
2018/07/31 10:33:01 term 36 49 00 1b 40 2f 00 00  |6I..@/..|
2018/07/31 10:33:01 term 00 00 00 00 00 00 00 00  |........|
2018/07/31 10:33:01 term 00 00 00 00 00 00 78 00  |......x.|
2018/07/31 10:33:01 term 00 00 08 00 78 00 b4 00  |....x...|
2018/07/31 10:33:01 term 3c 00 ff ff ff ff ff ff  |<.......|
2018/07/31 10:33:01 term ff ff ff ff ff ff ff ff  |........|
2018/07/31 10:33:01 term ff ff ff ff ff 21        |.....!|
2018/07/31 10:33:01 tcp  07 4f 00 37 30 40 02     |.O.70@.|
2018/07/31 10:33:01 term 47 49 00 37 30 40 44 8b  |GI.70@D.|
2018/07/31 10:33:01 term 08 00 01 20 2c 48 64 09  |... ,Hd.|
2018/07/31 10:33:01 term 00 01 02 20 2c 48 30 09  |... ,H0.|
2018/07/31 10:33:01 term 00 01 0b 20 2c 48 44 8b  |... ,HD.|
2018/07/31 10:33:01 term 01 00 01 20 2c 48 44 8b  |... ,HD.|
2018/07/31 10:33:01 term 02 00 01 20 2c 48 44 8b  |... ,HD.|
2018/07/31 10:33:01 term 03 00 01 20 2c 48 44 8b  |... ,HD.|
2018/07/31 10:33:01 term 04 00 01 20 2c 48 44 8b  |... ,HD.|
2018/07/31 10:33:01 term 05 00 01 20 2c 48 7c     |... ,H||
2018/07/31 10:33:01 tcp  07 4f 00 37 70 40 c2     |.O.7p@.|
2018/07/31 10:33:01 term 47 49 00 37 70 40 44 8b  |GI.7p@D.|
2018/07/31 10:33:01 term 06 00 01 20 2c 48 44 8b  |... ,HD.|
2018/07/31 10:33:01 term 07 00 01 20 2c 48 44 8b  |... ,HD.|
2018/07/31 10:33:01 term 08 00 01 20 2c 48 64 09  |... ,Hd.|
2018/07/31 10:33:01 term 00 01 02 20 2c 48 30 09  |... ,H0.|
2018/07/31 10:33:01 term 00 01 0b 20 2c 48 44 8b  |... ,HD.|
2018/07/31 10:33:01 term 01 00 01 20 2c 48 44 8b  |... ,HD.|
2018/07/31 10:33:01 term 02 00 01 20 2c 48 44 8b  |... ,HD.|
2018/07/31 10:33:01 term 03 00 01 20 2c 48 38     |... ,H8|
2018/07/31 10:33:01 tcp  07 4f 00 37 b0 40 82     |.O.7.@.|
2018/07/31 10:33:01 term 47 49 00 37 b0 40 44 8b  |GI.7.@D.|
2018/07/31 10:33:01 term 04 00 01 20 2c 48 44 8b  |... ,HD.|
2018/07/31 10:33:01 term 05 00 01 20 2c 48 44 8b  |... ,HD.|
2018/07/31 10:33:01 term 06 00 01 20 2c 48 44 8b  |... ,HD.|
2018/07/31 10:33:01 term 07 00 01 20 2c 48 44 8b  |... ,HD.|
2018/07/31 10:33:01 term 08 00 01 20 2c 48 64 09  |... ,Hd.|
2018/07/31 10:33:01 term 00 01 02 20 2c 48 30 09  |... ,H0.|
2018/07/31 10:33:01 term 00 01 0b 20 2c 48 44 8b  |... ,HD.|
2018/07/31 10:33:01 term 01 00 01 20 2c 48 f4     |... ,H.|
2018/07/31 10:33:01 tcp  07 4f 00 37 f0 10 72     |.O.7..r|
2018/07/31 10:33:01 term 17 49 00 37 f0 10 44 8b  |.I.7..D.|
2018/07/31 10:33:01 term 02 00 01 20 2c 48 44 8b  |... ,HD.|
2018/07/31 10:33:01 term 03 00 01 20 2c 48 9b     |... ,H.|
2018/07/31 10:33:01 tcp  07 4f 00 09 68 30 08     |.O..h0.|
2018/07/31 10:33:01 term 37 49 00 09 68 30 00 00  |7I..h0..|
2018/07/31 10:33:01 term 00 00 00 00 00 00 00 00  |........|
2018/07/31 10:33:01 term 00 00 00 00 00 00 00 00  |........|
2018/07/31 10:33:01 term 00 00 00 00 00 00 00 00  |........|
2018/07/31 10:33:01 term 00 00 00 00 00 00 00 00  |........|
2018/07/31 10:33:01 term 00 00 00 00 00 00 00 00  |........|
2018/07/31 10:33:01 term 00 00 00 00 00 00 de     |.......|
2018/07/31 10:33:11 tcp  03 50 ac                 |.P.|
2018/07/31 10:33:11 term 05 50 ff ff ac           |.P...|
2018/07/31 10:33:21 tcp  03 50 ac                 |.P.|
2018/07/31 10:33:21 term 05 50 ff ff ac           |.P...|
2018/07/31 10:33:26 tcp  47 49 00 11 b0 40 00 00  |GI...@..|
2018/07/31 10:33:26 tcp  00 00 ff ff ff ff ff ff  |........|
2018/07/31 10:33:26 tcp  ff ff ff ff ff ff ff ff  |........|
2018/07/31 10:33:26 tcp  ff ff ff ff ff ff ff ff  |........|
2018/07/31 10:33:26 tcp  ff ff ff ff ff ff 0b 02  |........|
2018/07/31 10:33:26 tcp  03 00 08 02 03 00 00 02  |........|
2018/07/31 10:33:26 tcp  03 00 15 02 03 00 39 02  |......9.|
2018/07/31 10:33:26 tcp  03 00 42 02 03 00 47 02  |..B...G.|
2018/07/31 10:33:26 tcp  03 00 0f 02 03 00 69     |......i|
2018/07/31 10:33:26 term 03 06 f6                 |...|
2018/07/31 10:33:26 tcp  47 49 00 11 f0 40 43 02  |GI...@C.|
2018/07/31 10:33:26 tcp  03 00 15 02 03 00 2f 01  |....../.|
2018/07/31 10:33:26 tcp  00 00 00 0c 00 00 00 0b  |........|
2018/07/31 10:33:26 tcp  00 00 01 0b 00 00 02 0b  |........|
2018/07/31 10:33:26 tcp  00 00 03 0b 00 00 43 02  |......C.|
2018/07/31 10:33:26 tcp  03 00 15 02 03 00 2f 01  |....../.|
2018/07/31 10:33:26 tcp  00 00 00 00 00 00 00 00  |........|
2018/07/31 10:33:26 tcp  00 00 00 00 00 00 00 00  |........|
2018/07/31 10:33:26 tcp  00 00 00 00 00 00 cc     |.......|
2018/07/31 10:33:26 term 03 06 f6                 |...|
2018/07/31 10:33:26 tcp  47 49 00 12 30 40 ff ff  |GI..0@..|
2018/07/31 10:33:26 tcp  ff ff ff ff ff ff ff ff  |........|
2018/07/31 10:33:26 tcp  ff ff ff ff ff ff ff ff  |........|
2018/07/31 10:33:26 tcp  ff ff ff ff ff ff ff ff  |........|
2018/07/31 10:33:26 tcp  ff ff ff ff ff ff ff ff  |........|
2018/07/31 10:33:26 tcp  ff ff ff ff ff ff ff ff  |........|
2018/07/31 10:33:26 tcp  ff ff ff ff ff ff ff ff  |........|
2018/07/31 10:33:26 tcp  ff ff ff ff ff ff ff ff  |........|
2018/07/31 10:33:26 tcp  ff ff ff ff ff ff 2d     |......-|
2018/07/31 10:33:26 term 03 06 f6                 |...|
2018/07/31 10:33:26 tcp  47 49 00 12 70 40 ff ff  |GI..p@..|
2018/07/31 10:33:26 tcp  ff ff ff ff ff ff ff ff  |........|
2018/07/31 10:33:26 tcp  ff ff ff ff ff ff ff ff  |........|
2018/07/31 10:33:26 tcp  ff ff ff ff ff ff ff ff  |........|
2018/07/31 10:33:26 tcp  ff ff ff ff ff ff ff ff  |........|
2018/07/31 10:33:26 tcp  ff ff ff ff ff ff ff ff  |........|
2018/07/31 10:33:26 tcp  ff ff ff ff ff ff ff ff  |........|
2018/07/31 10:33:26 tcp  ff ff ff ff ff ff ff ff  |........|
2018/07/31 10:33:26 tcp  ff ff ff ff ff ff ed     |.......|
2018/07/31 10:33:26 term 03 06 f6                 |...|
2018/07/31 10:33:26 tcp  47 49 00 12 b0 40 ff ff  |GI...@..|
2018/07/31 10:33:26 tcp  ff ff ff ff ff ff ff ff  |........|
2018/07/31 10:33:26 tcp  ff ff ff ff ff ff ff ff  |........|
2018/07/31 10:33:26 tcp  ff ff ff ff ff ff ff ff  |........|
2018/07/31 10:33:26 tcp  ff ff ff ff ff ff ff ff  |........|
2018/07/31 10:33:26 tcp  ff ff ff ff ff ff ff ff  |........|
2018/07/31 10:33:26 tcp  ff ff ff ff ff ff ff ff  |........|
2018/07/31 10:33:26 tcp  ff ff ff ff ff ff ff ff  |........|
2018/07/31 10:33:26 tcp  ff ff ff ff ff ff ad     |.......|
2018/07/31 10:33:26 term 03 06 f6                 |...|
2018/07/31 10:33:26 tcp  47 49 00 12 f0 40 ff ff  |GI...@..|
2018/07/31 10:33:26 tcp  ff ff ff ff ff ff ff ff  |........|
2018/07/31 10:33:26 tcp  ff ff ff ff ff ff ff ff  |........|
2018/07/31 10:33:26 tcp  ff ff ff ff ff ff ff ff  |........|
2018/07/31 10:33:26 tcp  ff ff ff ff ff ff ff ff  |........|
2018/07/31 10:33:26 tcp  ff ff ff ff ff ff ff ff  |........|
2018/07/31 10:33:26 tcp  ff ff ff ff ff ff ff ff  |........|
2018/07/31 10:33:26 tcp  ff ff ff ff ff ff ff ff  |........|
2018/07/31 10:33:26 tcp  ff ff ff ff ff ff 6d     |......m|
2018/07/31 10:33:27 term 03 06 f6                 |...|
2018/07/31 10:33:27 tcp  47 49 00 13 30 40 ff ff  |GI..0@..|
2018/07/31 10:33:27 tcp  ff ff ff ff ff ff ff ff  |........|
2018/07/31 10:33:27 tcp  ff ff ff ff ff ff ff ff  |........|
2018/07/31 10:33:27 tcp  ff ff ff ff ff ff ff ff  |........|
2018/07/31 10:33:27 tcp  ff ff ff ff ff ff ff ff  |........|
2018/07/31 10:33:27 tcp  ff ff ff ff ff ff ff ff  |........|
2018/07/31 10:33:27 tcp  ff ff ff ff ff ff ff ff  |........|
2018/07/31 10:33:27 tcp  ff ff ff ff ff ff ff ff  |........|
2018/07/31 10:33:27 tcp  ff ff ff ff ff ff 2c     |......,|
2018/07/31 10:33:27 term 03 06 f6                 |...|
2018/07/31 10:33:27 tcp  47 49 00 13 70 40 ff ff  |GI..p@..|
2018/07/31 10:33:27 tcp  ff ff ff ff ff ff ff ff  |........|
2018/07/31 10:33:27 tcp  ff ff ff ff ff ff ff ff  |........|
2018/07/31 10:33:27 tcp  ff ff ff ff ff ff ff ff  |........|
2018/07/31 10:33:27 tcp  ff ff ff ff ff ff ff ff  |........|
2018/07/31 10:33:27 tcp  ff ff ff ff ff ff ff ff  |........|
2018/07/31 10:33:27 tcp  ff ff ff ff ff ff ff ff  |........|
2018/07/31 10:33:27 tcp  ff ff ff ff ff ff ff ff  |........|
2018/07/31 10:33:27 tcp  ff ff ff ff ff ff ec     |.......|
2018/07/31 10:33:27 term 03 06 f6                 |...|
2018/07/31 10:33:27 tcp  47 49 00 13 b0 40 ff ff  |GI...@..|
2018/07/31 10:33:27 tcp  ff ff ff ff ff ff ff ff  |........|
2018/07/31 10:33:27 tcp  ff ff ff ff ff ff ff ff  |........|
2018/07/31 10:33:27 tcp  ff ff ff ff ff ff ff ff  |........|
2018/07/31 10:33:27 tcp  ff ff ff ff ff ff ff ff  |........|
2018/07/31 10:33:27 tcp  ff ff ff ff ff ff ff ff  |........|
2018/07/31 10:33:27 tcp  ff ff ff ff ff ff ff ff  |........|
2018/07/31 10:33:27 tcp  ff ff ff ff ff ff ff ff  |........|
2018/07/31 10:33:27 tcp  ff ff ff ff ff ff ac     |.......|
2018/07/31 10:33:27 term 03 06 f6                 |...|
2018/07/31 10:33:27 tcp  47 49 00 13 f0 40 43 02  |GI...@C.|
2018/07/31 10:33:27 tcp  03 00 43 02 03 00 43 02  |..C...C.|
2018/07/31 10:33:27 tcp  03 00 43 02 03 00 ff ff  |..C.....|
2018/07/31 10:33:27 tcp  ff ff ff ff ff ff ff ff  |........|
2018/07/31 10:33:27 tcp  ff ff ff ff ff ff ff ff  |........|
2018/07/31 10:33:27 tcp  ff ff ff ff ff ff ff ff  |........|
2018/07/31 10:33:27 tcp  ff ff ff ff ff ff ff ff  |........|
2018/07/31 10:33:27 tcp  ff ff ff ff ff ff ff ff  |........|
2018/07/31 10:33:27 tcp  ff ff ff ff ff ff 3c     |......<|
2018/07/31 10:33:27 term 03 06 f6                 |...|
2018/07/31 10:33:27 tcp  47 49 00 14 30 40 0b 02  |GI..0@..|
2018/07/31 10:33:27 tcp  03 00 08 02 03 00 00 02  |........|
2018/07/31 10:33:27 tcp  03 00 15 02 03 00 39 02  |......9.|
2018/07/31 10:33:27 tcp  03 00 42 02 03 00 47 02  |..B...G.|
2018/07/31 10:33:27 tcp  03 00 0f 02 03 00 0b 02  |........|
2018/07/31 10:33:27 tcp  03 00 08 02 03 00 3d 02  |......=.|
2018/07/31 10:33:27 tcp  03 00 15 02 03 00 39 02  |......9.|
2018/07/31 10:33:27 tcp  03 00 42 02 03 00 47 02  |..B...G.|
2018/07/31 10:33:27 tcp  03 00 0f 02 03 00 6c     |......l|
2018/07/31 10:33:27 term 03 06 f6                 |...|
2018/07/31 10:33:27 tcp  47 49 00 14 70 40 00 ff  |GI..p@..|
2018/07/31 10:33:27 tcp  ff ff ff ff ff ff 00 00  |........|
2018/07/31 10:33:27 tcp  00 00 00 00 00 00 00 00  |........|
2018/07/31 10:33:27 tcp  00 00 00 00 00 00 00 00  |........|
2018/07/31 10:33:27 tcp  00 00 00 00 00 00 ff ff  |........|
2018/07/31 10:33:27 tcp  ff ff ff ff ff ff ff ff  |........|
2018/07/31 10:33:27 tcp  ff ff ff ff ff ff ff ff  |........|
2018/07/31 10:33:27 tcp  ff ff ff ff ff ff ff ff  |........|
2018/07/31 10:33:27 tcp  ff ff ff ff ff ff d2     |.......|
2018/07/31 10:33:27 term 03 06 f6                 |...|
2018/07/31 10:33:27 tcp  47 49 00 14 b0 40 ff ff  |GI...@..|
2018/07/31 10:33:27 tcp  ff ff ff ff ff ff ff ff  |........|
2018/07/31 10:33:27 tcp  ff ff ff ff ff ff ff ff  |........|
2018/07/31 10:33:27 tcp  ff ff ff ff ff ff ff ff  |........|
2018/07/31 10:33:27 tcp  ff ff ff ff ff ff ff ff  |........|
2018/07/31 10:33:27 tcp  ff ff ff ff ff ff ff ff  |........|
2018/07/31 10:33:27 tcp  ff ff ff ff ff ff ff ff  |........|
2018/07/31 10:33:27 tcp  ff ff ff ff ff ff ff ff  |........|
2018/07/31 10:33:27 tcp  ff ff ff ff ff ff ab     |.......|
2018/07/31 10:33:27 term 03 06 f6                 |...|
2018/07/31 10:33:27 tcp  37 49 00 14 f0 30 ff ff  |7I...0..|
2018/07/31 10:33:27 tcp  ff ff ff ff ff ff ff ff  |........|
2018/07/31 10:33:27 tcp  ff ff ff ff ff ff 00 00  |........|
2018/07/31 10:33:27 tcp  00 00 ff ff ff ff ff ff  |........|
2018/07/31 10:33:27 tcp  ff ff ff ff ff ff 00 00  |........|
2018/07/31 10:33:27 tcp  00 00 00 00 00 00 00 00  |........|
2018/07/31 10:33:27 tcp  00 00 00 00 00 00 67     |......g|
2018/07/31 10:33:27 term 03 06 f6                 |...|
2018/07/31 10:33:27 tcp  2f 49 00 5a 00 28 0e 02  |/I.Z.(..|
2018/07/31 10:33:27 tcp  03 00 01 01 00 00 00 00  |........|
2018/07/31 10:33:27 tcp  00 00 00 00 00 00 00 00  |........|
2018/07/31 10:33:27 tcp  00 00 00 00 00 00 00 00  |........|
2018/07/31 10:33:27 tcp  00 00 00 00 00 00 00 00  |........|
2018/07/31 10:33:27 tcp  00 00 00 00 00 00 f0     |.......|
2018/07/31 10:33:27 term 03 06 f6                 |...|
2018/07/31 10:33:27 tcp  47 49 00 19 80 40 02 0a  |GI...@..|
2018/07/31 10:33:27 tcp  00 00 00 00 00 00 00 00  |........|
2018/07/31 10:33:27 tcp  00 00 00 00 00 00 00 00  |........|
2018/07/31 10:33:27 tcp  00 00 00 00 00 00 00 00  |........|
2018/07/31 10:33:27 tcp  00 00 00 00 00 00 01 0d  |........|
2018/07/31 10:33:27 tcp  00 00 00 00 00 00 00 00  |........|
2018/07/31 10:33:27 tcp  00 00 00 00 00 00 44 02  |......D.|
2018/07/31 10:33:27 tcp  03 00 00 00 00 00 00 00  |........|
2018/07/31 10:33:27 tcp  00 00 00 00 00 00 33     |......3|
2018/07/31 10:33:28 term 03 06 f6                 |...|
2018/07/31 10:33:28 tcp  47 49 00 19 c0 40 00 00  |GI...@..|
2018/07/31 10:33:28 tcp  02 02 00 00 00 00 00 00  |........|
2018/07/31 10:33:28 tcp  02 02 00 00 02 02 00 00  |........|
2018/07/31 10:33:28 tcp  00 00 00 00 00 00 00 00  |........|
2018/07/31 10:33:28 tcp  00 00 00 00 00 00 00 00  |........|
2018/07/31 10:33:28 tcp  00 00 00 00 00 00 00 00  |........|
2018/07/31 10:33:28 tcp  00 00 00 00 00 00 00 00  |........|
2018/07/31 10:33:28 tcp  00 00 00 00 00 00 00 00  |........|
2018/07/31 10:33:28 tcp  00 00 00 00 00 00 4a     |......J|
2018/07/31 10:33:28 term 03 06 f6                 |...|
2018/07/31 10:33:28 tcp  47 49 00 1a 00 40 00 00  |GI...@..|
2018/07/31 10:33:28 tcp  00 00 00 00 00 00 00 00  |........|
2018/07/31 10:33:28 tcp  00 00 00 00 00 00 20 20  |......  |
2018/07/31 10:33:28 tcp  20 20 20 20 20 20 20 20  |        |
2018/07/31 10:33:28 tcp  20 20 20 20 20 20 20 20  |        |
2018/07/31 10:33:28 tcp  20 20 20 20 20 20 20 20  |        |
2018/07/31 10:33:28 tcp  20 20 20 20 20 20 30 37  |      07|
2018/07/31 10:33:28 tcp  37 38 35 34 39 39 39 39  |78549999|
2018/07/31 10:33:28 tcp  33 00 00 00 00 00 bf     |3......|
2018/07/31 10:33:28 term 03 06 f6                 |...|
2018/07/31 10:33:28 tcp  47 49 00 1a 40 40 30 37  |GI..@@07|
2018/07/31 10:33:28 tcp  38 36 30 39 38 30 34 38  |86098048|
2018/07/31 10:33:28 tcp  30 00 00 00 00 00 00 00  |0.......|
2018/07/31 10:33:28 tcp  00 00 00 00 00 00 00 00  |........|
2018/07/31 10:33:28 tcp  00 00 00 00 00 00 03 00  |........|
2018/07/31 10:33:28 tcp  00 00 00 20 20 ff ff ff  |...  ...|
2018/07/31 10:33:28 tcp  ff ff ff ff ff ff ff 7f  |........|
2018/07/31 10:33:28 tcp  ff ff ff ff ff ff ff ff  |........|
2018/07/31 10:33:28 tcp  ff ff ff ff ff ff e9     |.......|
2018/07/31 10:33:28 term 03 06 f6                 |...|
2018/07/31 10:33:28 tcp  47 49 00 1a 80 40 00 00  |GI...@..|
2018/07/31 10:33:28 tcp  00 00 00 00 00 00 00 00  |........|
2018/07/31 10:33:28 tcp  00 00 00 00 00 00 00 00  |........|
2018/07/31 10:33:28 tcp  00 00 00 00 00 00 00 00  |........|
2018/07/31 10:33:28 tcp  00 00 00 00 00 00 00 00  |........|
2018/07/31 10:33:28 tcp  00 00 00 00 00 00 00 00  |........|
2018/07/31 10:33:28 tcp  00 00 00 00 00 00 00 00  |........|
2018/07/31 10:33:28 tcp  00 00 00 00 00 00 00 00  |........|
2018/07/31 10:33:28 tcp  00 00 00 00 00 00 95     |.......|
2018/07/31 10:33:28 term 03 06 f6                 |...|
2018/07/31 10:33:28 tcp  47 49 00 1a c0 40 00 00  |GI...@..|
2018/07/31 10:33:28 tcp  00 00 00 00 00 00 ff ff  |........|
2018/07/31 10:33:28 tcp  ff ff ff ff ff ff 00 00  |........|
2018/07/31 10:33:28 tcp  00 00 00 00 00 00 00 00  |........|
2018/07/31 10:33:28 tcp  00 00 00 00 00 00 00 00  |........|
2018/07/31 10:33:28 tcp  00 00 00 00 00 00 00 00  |........|
2018/07/31 10:33:28 tcp  00 00 00 00 00 00 00 00  |........|
2018/07/31 10:33:28 tcp  00 00 00 00 00 00 00 00  |........|
2018/07/31 10:33:28 tcp  00 00 00 00 00 00 5d     |......]|
2018/07/31 10:33:28 term 03 06 f6                 |...|
2018/07/31 10:33:28 tcp  47 49 00 1b 00 40 00 00  |GI...@..|
2018/07/31 10:33:28 tcp  00 00 00 00 00 00 00 00  |........|
2018/07/31 10:33:28 tcp  00 00 00 00 00 00 00 00  |........|
2018/07/31 10:33:28 tcp  00 00 00 00 00 00 03 1e  |........|
2018/07/31 10:33:28 tcp  00 ff ff ff ff ff 00 00  |........|
2018/07/31 10:33:28 tcp  00 00 00 00 00 00 00 00  |........|
2018/07/31 10:33:28 tcp  00 00 00 00 00 00 00 00  |........|
2018/07/31 10:33:28 tcp  00 00 00 00 00 00 00 00  |........|
2018/07/31 10:33:28 tcp  00 00 00 00 00 00 f8     |.......|
2018/07/31 10:33:28 term 03 06 f6                 |...|
2018/07/31 10:33:28 tcp  36 49 00 1b 40 2f 00 00  |6I..@/..|
2018/07/31 10:33:28 tcp  00 00 00 00 00 00 00 00  |........|
2018/07/31 10:33:28 tcp  00 00 00 00 00 00 78 00  |......x.|
2018/07/31 10:33:28 tcp  00 00 08 00 78 00 b4 00  |....x...|
2018/07/31 10:33:28 tcp  3c 00 ff ff ff ff ff ff  |<.......|
2018/07/31 10:33:28 tcp  ff ff ff ff ff ff ff ff  |........|
2018/07/31 10:33:28 tcp  ff ff ff ff ff 21        |.....!|
2018/07/31 10:33:28 term 03 06 f6                 |...|
2018/07/31 10:33:28 tcp  47 49 00 37 30 40 44 8b  |GI.70@D.|
2018/07/31 10:33:28 tcp  08 00 01 20 2c 48 64 09  |... ,Hd.|
2018/07/31 10:33:29 tcp  00 01 02 20 2c 48 30 09  |... ,H0.|
2018/07/31 10:33:29 tcp  00 01 0b 20 2c 48 44 8b  |... ,HD.|
2018/07/31 10:33:29 tcp  01 00 01 20 2c 48 44 8b  |... ,HD.|
2018/07/31 10:33:29 tcp  02 00 01 20 2c 48 44 8b  |... ,HD.|
2018/07/31 10:33:29 tcp  03 00 01 20 2c 48 44 8b  |... ,HD.|
2018/07/31 10:33:29 tcp  04 00 01 20 2c 48 44 8b  |... ,HD.|
2018/07/31 10:33:29 tcp  05 00 01 20 2c 48 7c     |... ,H||
2018/07/31 10:33:29 term 03 06 f6                 |...|
2018/07/31 10:33:29 tcp  47 49 00 37 70 40 44 8b  |GI.7p@D.|
2018/07/31 10:33:29 tcp  06 00 01 20 2c 48 44 8b  |... ,HD.|
2018/07/31 10:33:29 tcp  07 00 01 20 2c 48 44 8b  |... ,HD.|
2018/07/31 10:33:29 tcp  08 00 01 20 2c 48 64 09  |... ,Hd.|
2018/07/31 10:33:29 tcp  00 01 02 20 2c 48 30 09  |... ,H0.|
2018/07/31 10:33:29 tcp  00 01 0b 20 2c 48 44 8b  |... ,HD.|
2018/07/31 10:33:29 tcp  01 00 01 20 2c 48 44 8b  |... ,HD.|
2018/07/31 10:33:29 tcp  02 00 01 20 2c 48 44 8b  |... ,HD.|
2018/07/31 10:33:29 tcp  03 00 01 20 2c 48 38     |... ,H8|
2018/07/31 10:33:29 term 03 06 f6                 |...|
2018/07/31 10:33:29 tcp  47 49 00 37 b0 40 44 8b  |GI.7.@D.|
2018/07/31 10:33:29 tcp  04 00 01 20 2c 48 44 8b  |... ,HD.|
2018/07/31 10:33:29 tcp  05 00 01 20 2c 48 44 8b  |... ,HD.|
2018/07/31 10:33:29 tcp  06 00 01 20 2c 48 44 8b  |... ,HD.|
2018/07/31 10:33:29 tcp  07 00 01 20 2c 48 44 8b  |... ,HD.|
2018/07/31 10:33:29 tcp  08 00 01 20 2c 48 64 09  |... ,Hd.|
2018/07/31 10:33:29 tcp  00 01 02 20 2c 48 30 09  |... ,H0.|
2018/07/31 10:33:29 tcp  00 01 0b 20 2c 48 44 8b  |... ,HD.|
2018/07/31 10:33:29 tcp  01 00 01 20 2c 48 f4     |... ,H.|
2018/07/31 10:33:29 term 03 06 f6                 |...|
2018/07/31 10:33:29 tcp  17 49 00 37 f0 10 44 8b  |.I.7..D.|
2018/07/31 10:33:29 tcp  02 00 01 20 2c 48 44 8b  |... ,HD.|
2018/07/31 10:33:29 tcp  03 00 01 20 2c 48 9b     |... ,H.|
2018/07/31 10:33:29 term 03 06 f6                 |...|
2018/07/31 10:33:39 tcp  03 50 ac                 |.P.|
2018/07/31 10:33:39 term 05 50 ff ff ac           |.P...|
2018/07/31 10:33:49 tcp  03 50 ac                 |.P.|
2018/07/31 10:33:49 term 05 50 ff ff ac           |.P...|
2018/07/31 10:33:58 tcp  08 42 64 09 01 01 00 46  |.Bd....F|
2018/07/31 10:33:58 term 03 06 f6                 |...|
2018/07/31 10:33:58 tcp  03 48 b4                 |.H.|
2018/07/31 10:33:58 term 03 06 f6                 |...|
2018/07/31 10:33:59 CLOSE (tcp read close)
