2018/07/31 10:59:54 OPEN (::ffff:192.168.1.228:50534)
2018/07/31 11:00:00 tcp  03 5a a2                 |.Z.|
2018/07/31 11:00:00 term 0b 5a 05 01 00 07 09 04  |.Z......|
2018/07/31 11:00:00 term 07 01 78                 |..x|
2018/07/31 11:00:00 tcp  0b 5a 31 32 33 34 35 36  |.Z123456|
2018/07/31 11:00:00 tcp  37 38 f6                 |78.|
2018/07/31 11:00:00 term 17 5a 45 6c 69 74 65 20  |.ZElite |
2018/07/31 11:00:00 term 32 34 20 20 20 20 56 34  |24    V4|
2018/07/31 11:00:00 term 2e 30 32 2e 30 31 ec     |.02.01.|
2018/07/31 11:00:00 tcp  07 4f 00 64 9b 10 9a     |.O.d...|
2018/07/31 11:00:00 term 17 49 00 64 9b 10 2f fc  |.I.d../.|
2018/07/31 11:00:00 term 56 50 85 90 48 44 76 11  |VP..HDv.|
2018/07/31 11:00:00 term 43 39 ce c4 19 76 fa     |C9...v.|
2018/07/31 11:00:00 tcp  07 4f 00 5d 04 10 38     |.O.]..8|
2018/07/31 11:00:00 term 17 49 00 5d 04 10 54 01  |.I.]..T.|
2018/07/31 11:00:00 term 07 94 71 b6 49 17 a5 1b  |..q.I...|
2018/07/31 11:00:00 term 32 5a 96 f9 6e 49 25     |2Z..nI%|
2018/07/31 11:00:00 tcp  07 4f 00 16 78 01 1a     |.O..x..|
2018/07/31 11:00:00 term 08 49 00 16 78 01 06 19  |.I..x...|
2018/07/31 11:00:00 tcp  07 4f 00 1f ca 07 b9     |.O.....|
2018/07/31 11:00:00 term 0e 49 00 1f ca 07 01 00  |.I......|
2018/07/31 11:00:00 term 00 00 ff ff 2c 8d        |....,.|
2018/07/31 11:00:00 tcp  07 4f 00 16 7e 01 14     |.O..~..|
2018/07/31 11:00:00 term 08 49 00 16 7e 01 00 19  |.I..~...|
2018/07/31 11:00:00 tcp  07 4f 00 5c 55 02 f6     |.O.\U..|
2018/07/31 11:00:01 term 09 49 00 5c 55 02 28 c0  |.I.\U.(.|
2018/07/31 11:00:01 term 12                       |.|
2018/07/31 11:00:01 tcp  07 4f 00 5c 57 02 f4     |.O.\W..|
2018/07/31 11:00:01 term 09 49 00 5c 57 02 23 9c  |.I.\W.#.|
2018/07/31 11:00:01 term 39                       |9|
2018/07/31 11:00:10 tcp  03 50 ac                 |.P.|
2018/07/31 11:00:10 term 05 50 ff ff ac           |.P...|
2018/07/31 11:00:20 tcp  03 50 ac                 |.P.|
2018/07/31 11:00:20 term 05 50 ff ff ac           |.P...|
2018/07/31 11:00:30 tcp  03 50 ac                 |.P.|
2018/07/31 11:00:30 term 05 50 ff ff ac           |.P...|
2018/07/31 11:00:40 tcp  03 50 ac                 |.P.|
2018/07/31 11:00:40 term 05 50 ff ff ac           |.P...|
2018/07/31 11:00:50 tcp  03 50 ac                 |.P.|
2018/07/31 11:00:50 term 05 50 ff ff ac           |.P...|
2018/07/31 11:01:00 tcp  03 50 ac                 |.P.|
2018/07/31 11:01:00 term 05 50 ff ff ac           |.P...|
2018/07/31 11:01:10 tcp  03 50 ac                 |.P.|
2018/07/31 11:01:10 term 05 50 ff ff ac           |.P...|
2018/07/31 11:01:20 tcp  03 50 ac                 |.P.|
2018/07/31 11:01:20 term 05 50 ff ff ac           |.P...|
2018/07/31 11:01:30 tcp  03 50 ac                 |.P.|
2018/07/31 11:01:30 term 05 50 ff ff ac           |.P...|
2018/07/31 11:01:40 tcp  03 50 ac                 |.P.|
2018/07/31 11:01:40 term 05 50 ff ff ac           |.P...|
2018/07/31 11:01:50 tcp  03 50 ac                 |.P.|
2018/07/31 11:01:50 term 05 50 ff ff ac           |.P...|
2018/07/31 11:02:00 tcp  03 50 ac                 |.P.|
2018/07/31 11:02:00 term 05 50 ff ff ac           |.P...|
2018/07/31 11:02:10 tcp  03 50 ac                 |.P.|
2018/07/31 11:02:10 term 05 50 ff ff ac           |.P...|
2018/07/31 11:02:20 tcp  03 50 ac                 |.P.|
2018/07/31 11:02:20 term 05 50 ff ff ac           |.P...|
2018/07/31 11:02:30 tcp  03 50 ac                 |.P.|
2018/07/31 11:02:30 term 05 50 ff ff ac           |.P...|
2018/07/31 11:02:40 tcp  03 50 ac                 |.P.|
2018/07/31 11:02:40 term 05 50 ff ff ac           |.P...|
2018/07/31 11:02:50 tcp  03 50 ac                 |.P.|
2018/07/31 11:02:50 term 05 50 ff ff ac           |.P...|
2018/07/31 11:03:00 tcp  03 50 ac                 |.P.|
2018/07/31 11:03:00 term 05 50 ff ff ac           |.P...|
2018/07/31 11:03:10 tcp  03 50 ac                 |.P.|
2018/07/31 11:03:10 term 05 50 ff ff ac           |.P...|
2018/07/31 11:03:20 tcp  03 50 ac                 |.P.|
2018/07/31 11:03:20 term 05 50 ff ff ac           |.P...|
2018/07/31 11:03:30 tcp  03 50 ac                 |.P.|
2018/07/31 11:03:30 term 05 50 ff ff ac           |.P...|
2018/07/31 11:03:40 tcp  03 50 ac                 |.P.|
2018/07/31 11:03:40 term 05 50 ff ff ac           |.P...|
2018/07/31 11:03:50 tcp  03 50 ac                 |.P.|
2018/07/31 11:03:50 term 05 50 ff ff ac           |.P...|
2018/07/31 11:04:00 tcp  03 50 ac                 |.P.|
2018/07/31 11:04:00 term 05 50 ff ff ac           |.P...|
2018/07/31 11:04:10 tcp  03 50 ac                 |.P.|
2018/07/31 11:04:10 term 05 50 ff ff ac           |.P...|
2018/07/31 11:04:20 tcp  03 50 ac                 |.P.|
2018/07/31 11:04:20 term 05 50 ff ff ac           |.P...|
2018/07/31 11:04:30 tcp  03 50 ac                 |.P.|
2018/07/31 11:04:31 term 05 50 ff ff ac           |.P...|
2018/07/31 11:04:40 tcp  03 50 ac                 |.P.|
2018/07/31 11:04:40 term 05 50 ff ff ac           |.P...|
2018/07/31 11:04:50 tcp  03 50 ac                 |.P.|
2018/07/31 11:04:50 term 05 50 ff ff ac           |.P...|
2018/07/31 11:05:00 tcp  03 50 ac                 |.P.|
2018/07/31 11:05:00 term 05 50 ff ff ac           |.P...|
2018/07/31 11:05:10 tcp  03 50 ac                 |.P.|
2018/07/31 11:05:11 term 05 50 ff ff ac           |.P...|
2018/07/31 11:05:20 tcp  03 50 ac                 |.P.|
2018/07/31 11:05:20 term 05 50 ff ff ac           |.P...|
2018/07/31 11:05:30 tcp  03 50 ac                 |.P.|
2018/07/31 11:05:30 term 05 50 ff ff ac           |.P...|
2018/07/31 11:05:40 tcp  03 50 ac                 |.P.|
2018/07/31 11:05:40 term 05 50 ff ff ac           |.P...|
2018/07/31 11:05:50 tcp  03 50 ac                 |.P.|
2018/07/31 11:05:50 term 05 50 ff ff ac           |.P...|
2018/07/31 11:06:00 tcp  03 50 ac                 |.P.|
2018/07/31 11:06:00 term 05 50 ff ff ac           |.P...|
2018/07/31 11:06:10 tcp  03 50 ac                 |.P.|
2018/07/31 11:06:10 term 05 50 ff ff ac           |.P...|
2018/07/31 11:06:20 tcp  03 50 ac                 |.P.|
2018/07/31 11:06:20 term 05 50 ff ff ac           |.P...|
2018/07/31 11:06:30 tcp  03 50 ac                 |.P.|
2018/07/31 11:06:30 term 05 50 ff ff ac           |.P...|
2018/07/31 11:06:40 tcp  03 50 ac                 |.P.|
2018/07/31 11:06:40 term 05 50 ff ff ac           |.P...|
2018/07/31 11:06:50 tcp  03 50 ac                 |.P.|
2018/07/31 11:06:50 term 05 50 ff ff ac           |.P...|
2018/07/31 11:07:00 tcp  03 50 ac                 |.P.|
2018/07/31 11:07:00 term 05 50 ff ff ac           |.P...|
2018/07/31 11:07:11 tcp  03 50 ac                 |.P.|
2018/07/31 11:07:11 term 05 50 ff ff ac           |.P...|
2018/07/31 11:07:21 tcp  03 50 ac                 |.P.|
2018/07/31 11:07:21 term 05 50 ff ff ac           |.P...|
2018/07/31 11:07:31 tcp  03 50 ac                 |.P.|
2018/07/31 11:07:31 term 05 50 ff ff ac           |.P...|
2018/07/31 11:07:41 tcp  03 50 ac                 |.P.|
2018/07/31 11:07:41 term 05 50 ff ff ac           |.P...|
2018/07/31 11:07:51 tcp  03 50 ac                 |.P.|
2018/07/31 11:07:51 term 05 50 ff ff ac           |.P...|
2018/07/31 11:08:01 tcp  03 50 ac                 |.P.|
2018/07/31 11:08:01 term 05 50 ff ff ac           |.P...|
2018/07/31 11:08:11 tcp  03 50 ac                 |.P.|
2018/07/31 11:08:11 term 05 50 ff ff ac           |.P...|
2018/07/31 11:08:21 tcp  03 50 ac                 |.P.|
2018/07/31 11:08:21 term 05 50 ff ff ac           |.P...|
2018/07/31 11:08:31 tcp  03 50 ac                 |.P.|
2018/07/31 11:08:31 term 05 50 ff ff ac           |.P...|
2018/07/31 11:08:41 tcp  03 50 ac                 |.P.|
2018/07/31 11:08:41 term 05 50 ff ff ac           |.P...|
2018/07/31 11:08:51 tcp  03 50 ac                 |.P.|
2018/07/31 11:08:51 term 05 50 ff ff ac           |.P...|
2018/07/31 11:08:52 tcp  03 48 b4                 |.H.|
2018/07/31 11:08:52 term 03 06 f6                 |...|
2018/07/31 11:08:53 CLOSE (tcp read close)
2018/07/31 11:09:16 OPEN (::ffff:192.168.1.228:51297)
2018/07/31 11:09:19 tcp  03 5a a2                 |.Z.|
2018/07/31 11:09:19 term 0b 5a 05 01 00 07 09 04  |.Z......|
2018/07/31 11:09:19 term 07 01 78                 |..x|
2018/07/31 11:09:19 tcp  0b 5a 31 32 33 34 35 36  |.Z123456|
2018/07/31 11:09:19 tcp  37 38 f6                 |78.|
2018/07/31 11:09:19 term 17 5a 45 6c 69 74 65 20  |.ZElite |
2018/07/31 11:09:19 term 32 34 20 20 20 20 56 34  |24    V4|
2018/07/31 11:09:19 term 2e 30 32 2e 30 31 ec     |.02.01.|
2018/07/31 11:09:19 tcp  07 4f 00 64 9b 10 9a     |.O.d...|
2018/07/31 11:09:19 term 17 49 00 64 9b 10 2f fc  |.I.d../.|
2018/07/31 11:09:19 term 56 50 85 90 48 44 76 11  |VP..HDv.|
2018/07/31 11:09:19 term 43 39 ce c4 19 76 fa     |C9...v.|
2018/07/31 11:09:19 tcp  07 4f 00 5d 04 10 38     |.O.]..8|
2018/07/31 11:09:19 term 17 49 00 5d 04 10 54 01  |.I.]..T.|
2018/07/31 11:09:19 term 07 94 71 b6 49 17 a5 1b  |..q.I...|
2018/07/31 11:09:19 term 32 5a 96 f9 6e 49 25     |2Z..nI%|
2018/07/31 11:09:19 tcp  07 4f 00 16 78 01 1a     |.O..x..|
2018/07/31 11:09:19 term 08 49 00 16 78 01 06 19  |.I..x...|
2018/07/31 11:09:19 tcp  07 4f 00 1f ca 07 b9     |.O.....|
2018/07/31 11:09:19 term 0e 49 00 1f ca 07 01 00  |.I......|
2018/07/31 11:09:19 term 00 00 ff ff 2c 8d        |....,.|
2018/07/31 11:09:19 tcp  07 4f 00 16 7e 01 14     |.O..~..|
2018/07/31 11:09:19 term 08 49 00 16 7e 01 00 19  |.I..~...|
2018/07/31 11:09:19 tcp  07 4f 00 5c 55 02 f6     |.O.\U..|
2018/07/31 11:09:19 term 09 49 00 5c 55 02 28 c0  |.I.\U.(.|
2018/07/31 11:09:19 term 12                       |.|
2018/07/31 11:09:26 tcp  08 49 00 1f de 01 2c 84  |.I....,.|
2018/07/31 11:09:26 term 03 06 f6                 |...|
2018/07/31 11:09:26 tcp  1f 49 00 00 00 18 01 02  |.I......|
2018/07/31 11:09:26 tcp  03 04 05 06 07 08 09 0a  |........|
2018/07/31 11:09:26 tcp  0b 0c 0d 0e 0f 10 11 12  |........|
2018/07/31 11:09:26 tcp  13 14 15 00 00 00 98     |.......|
2018/07/31 11:09:26 term 03 06 f6                 |...|
2018/07/31 11:09:26 tcp  1f 49 00 00 30 18 00 00  |.I..0...|
2018/07/31 11:09:26 tcp  00 00 00 00 00 00 00 00  |........|
2018/07/31 11:09:26 tcp  00 00 00 00 00 00 00 00  |........|
2018/07/31 11:09:26 tcp  00 00 00 00 00 00 4f     |......O|
2018/07/31 11:09:26 term 03 06 f6                 |...|
2018/07/31 11:09:26 tcp  1f 49 00 00 60 18 01 01  |.I..`...|
2018/07/31 11:09:26 tcp  00 01 01 01 01 01 01 01  |........|
2018/07/31 11:09:26 tcp  01 01 01 01 01 01 01 01  |........|
2018/07/31 11:09:26 tcp  01 01 01 01 01 01 08     |.......|
2018/07/31 11:09:26 term 03 06 f6                 |...|
2018/07/31 11:09:26 tcp  1f 49 00 00 90 18 01 01  |.I......|
2018/07/31 11:09:26 tcp  01 01 01 02 02 02 02 02  |........|
2018/07/31 11:09:26 tcp  02 02 02 02 02 02 02 02  |........|
2018/07/31 11:09:26 tcp  02 02 02 02 02 02 c4     |.......|
2018/07/31 11:09:26 term 03 06 f6                 |...|
2018/07/31 11:09:26 tcp  37 49 00 00 c0 30 00 20  |7I...0. |
2018/07/31 11:09:26 tcp  00 20 01 20 61 20 00 20  |. . a . |
2018/07/31 11:09:26 tcp  00 20 00 20 00 20 00 30  |. . . .0|
2018/07/31 11:09:26 tcp  00 20 00 20 00 20 00 20  |. . . . |
2018/07/31 11:09:26 tcp  00 00 00 00 00 00 00 00  |........|
2018/07/31 11:09:26 tcp  00 00 00 00 00 00 00 00  |........|
2018/07/31 11:09:26 tcp  00 00 00 00 00 00 7d     |......}|
2018/07/31 11:09:27 term 03 06 f6                 |...|
2018/07/31 11:09:27 tcp  47 49 00 54 00 40 5a 4f  |GI.T.@ZO|
2018/07/31 11:09:27 tcp  4d 45 30 30 31 61 62 63  |ME001abc|
2018/07/31 11:09:27 tcp  64 65 66 67 68 69 6a 6b  |defghijk|
2018/07/31 11:09:27 tcp  6c 6d 6e 6f 70 71 72 73  |lmnopqrs|
2018/07/31 11:09:27 tcp  74 75 76 77 78 79 7a 6f  |tuvwxyzo|
2018/07/31 11:09:27 tcp  6d 65 30 30 32 61 62 63  |me002abc|
2018/07/31 11:09:27 tcp  64 65 66 67 68 69 6a 6b  |defghijk|
2018/07/31 11:09:27 tcp  6d 6e 6f 70 71 72 73 74  |mnopqrst|
2018/07/31 11:09:27 tcp  75 76 77 78 79 7a 6a     |uvwxyzj|
2018/07/31 11:09:27 term 03 06 f6                 |...|
2018/07/31 11:09:27 tcp  47 49 00 54 40 40 5a 4f  |GI.T@@ZO|
2018/07/31 11:09:27 tcp  4d 45 30 30 33 00 00 00  |ME003...|
2018/07/31 11:09:27 tcp  00 00 00 00 00 00 20 20  |......  |
2018/07/31 11:09:27 tcp  20 20 20 20 20 20 20 20  |        |
2018/07/31 11:09:27 tcp  20 20 20 20 20 20 20 20  |        |
2018/07/31 11:09:27 tcp  20 20 20 20 20 20 20 20  |        |
2018/07/31 11:09:27 tcp  20 20 20 20 20 20 20 20  |        |
2018/07/31 11:09:27 tcp  20 20 20 20 20 20 20 20  |        |
2018/07/31 11:09:27 tcp  20 20 20 20 20 20 cd     |      .|
2018/07/31 11:09:27 term 03 06 f6                 |...|
2018/07/31 11:09:27 tcp  47 49 00 54 80 40 20 20  |GI.T.@  |
2018/07/31 11:09:27 tcp  20 20 20 20 20 20 20 20  |        |
2018/07/31 11:09:27 tcp  20 20 20 20 20 20 20 20  |        |
2018/07/31 11:09:27 tcp  20 20 20 20 20 20 20 20  |        |
2018/07/31 11:09:27 tcp  20 20 20 20 20 20 20 20  |        |
2018/07/31 11:09:27 tcp  20 20 20 20 20 20 20 20  |        |
2018/07/31 11:09:27 tcp  20 20 20 20 20 20 20 20  |        |
2018/07/31 11:09:27 tcp  20 20 20 20 20 20 20 20  |        |
2018/07/31 11:09:27 tcp  20 20 20 20 20 20 5b     |      [|
2018/07/31 11:09:27 term 03 06 f6                 |...|
2018/07/31 11:09:27 tcp  47 49 00 54 c0 40 20 20  |GI.T.@  |
2018/07/31 11:09:27 tcp  20 20 20 20 20 20 20 20  |        |
2018/07/31 11:09:27 tcp  20 20 20 20 20 20 20 20  |        |
2018/07/31 11:09:27 tcp  20 20 20 20 20 20 20 20  |        |
2018/07/31 11:09:27 tcp  20 20 20 20 20 20 20 20  |        |
2018/07/31 11:09:27 tcp  20 20 20 20 20 20 20 20  |        |
2018/07/31 11:09:27 tcp  20 20 20 20 20 20 20 20  |        |
2018/07/31 11:09:27 tcp  20 20 20 20 20 20 20 20  |        |
2018/07/31 11:09:27 tcp  20 20 20 20 20 20 1b     |      .|
2018/07/31 11:09:27 term 03 06 f6                 |...|
2018/07/31 11:09:27 tcp  47 49 00 55 00 40 20 20  |GI.U.@  |
2018/07/31 11:09:27 tcp  20 20 20 20 20 20 20 20  |        |
2018/07/31 11:09:27 tcp  20 20 20 20 20 20 20 20  |        |
2018/07/31 11:09:27 tcp  20 20 20 20 20 20 20 20  |        |
2018/07/31 11:09:27 tcp  20 20 20 20 20 20 20 20  |        |
2018/07/31 11:09:27 tcp  20 20 20 20 20 20 20 20  |        |
2018/07/31 11:09:27 tcp  20 20 20 20 20 20 20 20  |        |
2018/07/31 11:09:27 tcp  20 20 20 20 20 20 20 20  |        |
2018/07/31 11:09:27 tcp  20 20 20 20 20 20 da     |      .|
2018/07/31 11:09:27 term 03 06 f6                 |...|
2018/07/31 11:09:27 tcp  47 49 00 55 40 40 20 20  |GI.U@@  |
2018/07/31 11:09:27 tcp  20 20 20 20 20 20 20 20  |        |
2018/07/31 11:09:27 tcp  20 20 20 20 20 20 20 20  |        |
2018/07/31 11:09:27 tcp  20 20 20 20 20 20 20 20  |        |
2018/07/31 11:09:27 tcp  20 20 20 20 20 20 20 20  |        |
2018/07/31 11:09:27 tcp  20 20 20 20 20 20 20 20  |        |
2018/07/31 11:09:27 tcp  20 20 20 20 20 20 20 20  |        |
2018/07/31 11:09:27 tcp  20 20 20 20 20 20 20 20  |        |
2018/07/31 11:09:27 tcp  20 20 20 20 20 20 9a     |      .|
2018/07/31 11:09:27 term 03 06 f6                 |...|
2018/07/31 11:09:27 tcp  47 49 00 55 80 40 20 20  |GI.U.@  |
2018/07/31 11:09:27 tcp  20 20 20 20 20 20 20 20  |        |
2018/07/31 11:09:27 tcp  20 20 20 20 20 20 20 20  |        |
2018/07/31 11:09:27 tcp  20 20 20 20 20 20 20 20  |        |
2018/07/31 11:09:27 tcp  20 20 20 20 20 20 20 20  |        |
2018/07/31 11:09:27 tcp  20 20 20 20 20 20 20 20  |        |
2018/07/31 11:09:27 tcp  20 20 20 20 20 20 20 20  |        |
2018/07/31 11:09:27 tcp  20 20 20 20 20 20 20 20  |        |
2018/07/31 11:09:27 tcp  20 20 20 20 20 20 5a     |      Z|
2018/07/31 11:09:27 term 03 06 f6                 |...|
2018/07/31 11:09:27 tcp  47 49 00 55 c0 40 20 20  |GI.U.@  |
2018/07/31 11:09:27 tcp  20 20 20 20 20 20 20 20  |        |
2018/07/31 11:09:27 tcp  20 20 20 20 20 20 20 20  |        |
2018/07/31 11:09:27 tcp  20 20 20 20 20 20 20 20  |        |
2018/07/31 11:09:27 tcp  20 20 20 20 20 20 20 20  |        |
2018/07/31 11:09:27 tcp  20 20 20 20 20 20 20 20  |        |
2018/07/31 11:09:27 tcp  20 20 20 20 20 20 20 20  |        |
2018/07/31 11:09:27 tcp  20 20 20 20 20 20 20 20  |        |
2018/07/31 11:09:27 tcp  20 20 20 20 20 20 1a     |      .|
2018/07/31 11:09:27 term 03 06 f6                 |...|
2018/07/31 11:09:27 tcp  47 49 00 56 00 40 20 20  |GI.V.@  |
2018/07/31 11:09:27 tcp  20 20 20 20 20 20 20 20  |        |
2018/07/31 11:09:27 tcp  20 20 20 20 20 20 20 20  |        |
2018/07/31 11:09:27 tcp  20 20 20 20 20 20 20 20  |        |
2018/07/31 11:09:27 tcp  20 20 20 20 20 20 20 20  |        |
2018/07/31 11:09:27 tcp  20 20 20 20 20 20 20 20  |        |
2018/07/31 11:09:27 tcp  20 20 20 20 20 20 20 20  |        |
2018/07/31 11:09:27 tcp  20 20 20 20 20 20 20 20  |        |
2018/07/31 11:09:27 tcp  20 20 20 20 20 20 d9     |      .|
2018/07/31 11:09:27 term 03 06 f6                 |...|
2018/07/31 11:09:27 tcp  47 49 00 56 40 40 20 20  |GI.V@@  |
2018/07/31 11:09:27 tcp  20 20 20 20 20 20 20 20  |        |
2018/07/31 11:09:27 tcp  20 20 20 20 20 20 20 20  |        |
2018/07/31 11:09:27 tcp  20 20 20 20 20 20 20 20  |        |
2018/07/31 11:09:27 tcp  20 20 20 20 20 20 20 20  |        |
2018/07/31 11:09:27 tcp  20 20 20 20 20 20 20 20  |        |
2018/07/31 11:09:27 tcp  20 20 20 20 20 20 20 20  |        |
2018/07/31 11:09:27 tcp  20 20 20 20 20 20 20 20  |        |
2018/07/31 11:09:27 tcp  20 20 20 20 20 20 99     |      .|
2018/07/31 11:09:27 term 03 06 f6                 |...|
2018/07/31 11:09:27 tcp  47 49 00 56 80 40 20 20  |GI.V.@  |
2018/07/31 11:09:27 tcp  20 20 20 20 20 20 20 20  |        |
2018/07/31 11:09:27 tcp  20 20 20 20 20 20 20 20  |        |
2018/07/31 11:09:27 tcp  20 20 20 20 20 20 20 20  |        |
2018/07/31 11:09:27 tcp  20 20 20 20 20 20 20 20  |        |
2018/07/31 11:09:27 tcp  20 20 20 20 20 20 20 20  |        |
2018/07/31 11:09:27 tcp  20 20 20 20 20 20 20 20  |        |
2018/07/31 11:09:27 tcp  20 20 20 20 20 20 20 20  |        |
2018/07/31 11:09:27 tcp  20 20 20 20 20 20 59     |      Y|
2018/07/31 11:09:28 term 03 06 f6                 |...|
2018/07/31 11:09:28 tcp  47 49 00 56 c0 40 20 20  |GI.V.@  |
2018/07/31 11:09:28 tcp  20 20 20 20 20 20 20 20  |        |
2018/07/31 11:09:28 tcp  20 20 20 20 20 20 20 20  |        |
2018/07/31 11:09:28 tcp  20 20 20 20 20 20 20 20  |        |
2018/07/31 11:09:28 tcp  20 20 20 20 20 20 20 20  |        |
2018/07/31 11:09:28 tcp  20 20 20 20 20 20 20 20  |        |
2018/07/31 11:09:28 tcp  20 20 20 20 20 20 20 20  |        |
2018/07/31 11:09:28 tcp  20 20 20 20 20 20 20 20  |        |
2018/07/31 11:09:28 tcp  20 20 20 20 20 20 19     |      .|
2018/07/31 11:09:28 term 03 06 f6                 |...|
2018/07/31 11:09:28 tcp  17 49 00 06 e8 10 ff ff  |.I......|
2018/07/31 11:09:28 tcp  ff ff ff ff ff ff ff ff  |........|
2018/07/31 11:09:28 tcp  ff ff ff ff ff ff b1     |.......|
2018/07/31 11:09:28 term 03 06 f6                 |...|
2018/07/31 11:09:28 tcp  47 49 00 53 20 40 ff ff  |GI.S @..|
2018/07/31 11:09:28 tcp  ff ff ff ff ff ff ff ff  |........|
2018/07/31 11:09:28 tcp  ff ff ff ff ff ff ff ff  |........|
2018/07/31 11:09:28 tcp  ff ff ff ff ff ff ff ff  |........|
2018/07/31 11:09:28 tcp  ff ff ff ff ff ff ff ff  |........|
2018/07/31 11:09:28 tcp  ff ff ff ff ff ff ff ff  |........|
2018/07/31 11:09:28 tcp  ff ff ff ff ff ff ff ff  |........|
2018/07/31 11:09:28 tcp  ff ff ff ff ff ff ff ff  |........|
2018/07/31 11:09:28 tcp  ff ff ff ff ff ff fc     |.......|
2018/07/31 11:09:28 term 03 06 f6                 |...|
2018/07/31 11:09:28 tcp  2b 49 00 53 60 24 ff ff  |+I.S`$..|
2018/07/31 11:09:28 tcp  ff ff ff ff ff ff ff ff  |........|
2018/07/31 11:09:28 tcp  ff ff ff ff ff ff ff ff  |........|
2018/07/31 11:09:28 tcp  ff ff ff ff ff ff ff ff  |........|
2018/07/31 11:09:28 tcp  ff ff ff ff ff ff ff ff  |........|
2018/07/31 11:09:28 tcp  ff ff d8                 |...|
2018/07/31 11:09:28 term 03 06 f6                 |...|
2018/07/31 11:09:28 tcp  1f 49 00 07 08 18 00 00  |.I......|
2018/07/31 11:09:28 tcp  00 00 00 00 00 00 00 00  |........|
2018/07/31 11:09:28 tcp  00 00 00 00 00 00 00 00  |........|
2018/07/31 11:09:28 tcp  00 00 00 00 00 00 70     |......p|
2018/07/31 11:09:28 term 03 06 f6                 |...|
2018/07/31 11:09:28 tcp  1f 49 00 5b ac 18 00 00  |.I.[....|
2018/07/31 11:09:28 tcp  00 00 00 00 00 00 00 00  |........|
2018/07/31 11:09:28 tcp  00 00 00 00 00 00 00 00  |........|
2018/07/31 11:09:28 tcp  00 00 00 00 00 00 78     |......x|
2018/07/31 11:09:28 term 03 06 f6                 |...|
2018/07/31 11:09:28 tcp  37 49 00 51 ea 30 ff ff  |7I.Q.0..|
2018/07/31 11:09:28 tcp  ff ff ff ff ff ff ff ff  |........|
2018/07/31 11:09:28 tcp  ff ff ff ff ff ff ff ff  |........|
2018/07/31 11:09:28 tcp  ff ff ff ff ff ff ff ff  |........|
2018/07/31 11:09:28 tcp  ff ff ff ff ff ff ff ff  |........|
2018/07/31 11:09:28 tcp  ff ff ff ff ff ff ff ff  |........|
2018/07/31 11:09:28 tcp  ff ff ff ff ff ff 44     |......D|
2018/07/31 11:09:28 term 03 06 f6                 |...|
2018/07/31 11:09:28 tcp  47 49 00 5d 1d 40 ff ff  |GI.].@..|
2018/07/31 11:09:28 tcp  ff ff ff ff ff ff ff ff  |........|
2018/07/31 11:09:28 tcp  ff ff ff ff ff ff ff ff  |........|
2018/07/31 11:09:28 tcp  ff ff ff ff ff ff ff ff  |........|
2018/07/31 11:09:28 tcp  ff ff ff ff ff ff ff ff  |........|
2018/07/31 11:09:28 tcp  ff ff ff ff ff ff ff ff  |........|
2018/07/31 11:09:28 tcp  ff ff ff ff ff ff ff ff  |........|
2018/07/31 11:09:28 tcp  ff ff ff ff ff ff ff ff  |........|
2018/07/31 11:09:28 tcp  ff ff ff ff ff ff f5     |.......|
2018/07/31 11:09:28 term 03 06 f6                 |...|
2018/07/31 11:09:28 tcp  47 49 00 5d 5d 40 ff ff  |GI.]]@..|
2018/07/31 11:09:28 tcp  ff ff ff ff ff ff ff ff  |........|
2018/07/31 11:09:28 tcp  ff ff ff ff ff ff ff ff  |........|
2018/07/31 11:09:28 tcp  ff ff ff ff ff ff ff ff  |........|
2018/07/31 11:09:28 tcp  ff ff ff ff ff ff ff ff  |........|
2018/07/31 11:09:28 tcp  ff ff ff ff ff ff ff ff  |........|
2018/07/31 11:09:28 tcp  ff ff ff ff ff ff ff ff  |........|
2018/07/31 11:09:28 tcp  ff ff ff ff ff ff ff ff  |........|
2018/07/31 11:09:28 tcp  ff ff ff ff ff ff b5     |.......|
2018/07/31 11:09:28 term 03 06 f6                 |...|
2018/07/31 11:09:28 tcp  47 49 00 5d 9d 40 ff ff  |GI.].@..|
2018/07/31 11:09:28 tcp  ff ff ff ff ff ff ff ff  |........|
2018/07/31 11:09:28 tcp  ff ff ff ff ff ff ff ff  |........|
2018/07/31 11:09:28 tcp  ff ff ff ff ff ff ff ff  |........|
2018/07/31 11:09:28 tcp  ff ff ff ff ff ff ff ff  |........|
2018/07/31 11:09:28 tcp  ff ff ff ff ff ff ff ff  |........|
2018/07/31 11:09:28 tcp  ff ff ff ff ff ff ff ff  |........|
2018/07/31 11:09:28 tcp  ff ff ff ff ff ff ff ff  |........|
2018/07/31 11:09:28 tcp  ff ff ff ff ff ff 75     |......u|
2018/07/31 11:09:28 term 03 06 f6                 |...|
2018/07/31 11:09:28 tcp  0f 49 00 5d dd 08 ff ff  |.I.]....|
2018/07/31 11:09:28 tcp  ff ff ff ff ff ff 6d     |......m|
2018/07/31 11:09:28 term 03 06 f6                 |...|
2018/07/31 11:09:28 tcp  0b 49 00 5d e5 04 00 00  |.I.]....|
2018/07/31 11:09:28 tcp  ff ff 67                 |..g|
2018/07/31 11:09:28 term 03 06 f6                 |...|
2018/07/31 11:09:28 tcp  04 55 01 a5              |.U..|
2018/07/31 11:09:28 term 03 06 f6                 |...|
2018/07/31 11:09:38 tcp  03 50 ac                 |.P.|
2018/07/31 11:09:38 term 05 50 ff ff ac           |.P...|
2018/07/31 11:09:48 tcp  03 50 ac                 |.P.|
2018/07/31 11:09:48 term 05 50 ff ff ac           |.P...|
