2018/07/31 08:38:15 OPEN (::ffff:192.168.1.228:63571)
2018/07/31 08:38:17 tcp  03 5a a2                 |.Z.|
2018/07/31 08:38:17 term 0b 5a 05 01 00 07 09 04  |.Z......|
2018/07/31 08:38:17 term 07 01 78                 |..x|
2018/07/31 08:38:17 tcp  0b 5a 31 32 33 34 35 36  |.Z123456|
2018/07/31 08:38:17 tcp  37 38 f6                 |78.|
2018/07/31 08:38:17 term 17 5a 45 6c 69 74 65 20  |.ZElite |
2018/07/31 08:38:17 term 32 34 20 20 20 20 56 34  |24    V4|
2018/07/31 08:38:17 term 2e 30 32 2e 30 31 ec     |.02.01.|
2018/07/31 08:38:17 tcp  07 4f 00 64 9b 10 9a     |.O.d...|
2018/07/31 08:38:17 term 17 49 00 64 9b 10 2f fc  |.I.d../.|
2018/07/31 08:38:17 term 56 50 85 90 48 44 76 11  |VP..HDv.|
2018/07/31 08:38:17 term 43 39 ce c4 19 76 fa     |C9...v.|
2018/07/31 08:38:17 tcp  07 4f 00 5d 04 10 38     |.O.]..8|
2018/07/31 08:38:17 term 17 49 00 5d 04 10 54 01  |.I.]..T.|
2018/07/31 08:38:17 term 07 94 71 b6 49 17 a5 1b  |..q.I...|
2018/07/31 08:38:17 term 32 5a 96 f9 6e 49 25     |2Z..nI%|
2018/07/31 08:38:17 tcp  07 4f 00 16 78 01 1a     |.O..x..|
2018/07/31 08:38:17 term 08 49 00 16 78 01 06 19  |.I..x...|
2018/07/31 08:38:17 tcp  07 4f 00 1f ca 07 b9     |.O.....|
2018/07/31 08:38:17 term 0e 49 00 1f ca 07 01 00  |.I......|
2018/07/31 08:38:17 term 00 00 ff ff 2c 8d        |....,.|
2018/07/31 08:38:17 tcp  07 4f 00 16 7e 01 14     |.O..~..|
2018/07/31 08:38:17 term 08 49 00 16 7e 01 00 19  |.I..~...|
2018/07/31 08:38:17 tcp  07 4f 00 5c 55 02 f6     |.O.\U..|
2018/07/31 08:38:17 term 09 49 00 5c 55 02 28 c0  |.I.\U.(.|
2018/07/31 08:38:17 term 12                       |.|
2018/07/31 08:38:17 tcp  07 4f 00 5c 57 02 f4     |.O.\W..|
2018/07/31 08:38:17 term 09 49 00 5c 57 02 32 91  |.I.\W.2.|
2018/07/31 08:38:17 term 35                       |5|
2018/07/31 08:38:20 tcp  07 4f 00 0c 48 40 15     |.O..H@.|
2018/07/31 08:38:21 term 47 49 00 0c 48 40 1e 00  |GI..H@..|
2018/07/31 08:38:21 term 1e 00 1e 00 1e 00 1e 00  |........|
2018/07/31 08:38:21 term 1e 00 1e 00 1e 00 1e 00  |........|
2018/07/31 08:38:21 term 1e 00 1e 00 1e 00 1e 00  |........|
2018/07/31 08:38:21 term 1e 00 1e 00 1e 00 2d 00  |......-.|
2018/07/31 08:38:21 term 2d 00 2d 00 2d 00 2d 00  |-.-.-.-.|
2018/07/31 08:38:21 term 2d 00 2d 00 2d 00 2d 00  |-.-.-.-.|
2018/07/31 08:38:21 term 2d 00 2d 00 2d 00 2d 00  |-.-.-.-.|
2018/07/31 08:38:21 term 2d 00 2d 00 2d 00 2b     |-.-.-.+|
2018/07/31 08:38:21 tcp  07 4f 00 0c 88 40 d5     |.O...@.|
2018/07/31 08:38:21 term 47 49 00 0c 88 40 2d 00  |GI...@-.|
2018/07/31 08:38:21 term 2d 00 2d 00 2d 00 2d 00  |-.-.-.-.|
2018/07/31 08:38:21 term 2d 00 2d 00 2d 00 2d 00  |-.-.-.-.|
2018/07/31 08:38:21 term 2d 00 2d 00 2d 00 2d 00  |-.-.-.-.|
2018/07/31 08:38:21 term 2d 00 2d 00 2d 00 1e 00  |-.-.-...|
2018/07/31 08:38:21 term 1e 00 1e 00 1e 00 1e 00  |........|
2018/07/31 08:38:21 term 1e 00 1e 00 1e 00 1e 00  |........|
2018/07/31 08:38:21 term 1e 00 1e 00 1e 00 1e 00  |........|
2018/07/31 08:38:21 term 1e 00 1e 00 1e 00 eb     |.......|
2018/07/31 08:38:21 tcp  07 4f 00 0c c8 40 95     |.O...@.|
2018/07/31 08:38:21 term 47 49 00 0c c8 40 00 00  |GI...@..|
2018/07/31 08:38:21 term 00 00 00 00 00 00 00 00  |........|
2018/07/31 08:38:21 term 00 00 00 00 00 00 00 00  |........|
2018/07/31 08:38:21 term 00 00 00 00 00 00 00 00  |........|
2018/07/31 08:38:21 term 00 00 00 00 00 00 0f 00  |........|
2018/07/31 08:38:21 term 0f 00 0f 00 0f 00 0f 00  |........|
2018/07/31 08:38:21 term 0f 00 0f 00 0f 00 0f 00  |........|
2018/07/31 08:38:21 term 0f 00 0f 00 0f 00 0f 00  |........|
2018/07/31 08:38:21 term 0f 00 0f 00 0f 00 6b     |......k|
2018/07/31 08:38:21 tcp  07 4f 00 0d 08 40 54     |.O...@T|
2018/07/31 08:38:21 term 47 49 00 0d 08 40 00 00  |GI...@..|
2018/07/31 08:38:21 term 00 00 00 00 00 00 00 00  |........|
2018/07/31 08:38:21 term 00 00 00 00 00 00 00 00  |........|
2018/07/31 08:38:21 term 00 00 00 00 00 00 00 00  |........|
2018/07/31 08:38:21 term 00 00 00 00 00 00 00 00  |........|
2018/07/31 08:38:21 term ff ff ff ff ff ff ff ff  |........|
2018/07/31 08:38:21 term ff ff ff ff ff ff 00 00  |........|
2018/07/31 08:38:21 term 00 00 ff ff ff ff ff ff  |........|
2018/07/31 08:38:21 term ff ff ff ff ff ff 34     |......4|
2018/07/31 08:38:21 tcp  07 4f 00 0d 48 40 14     |.O..H@.|
2018/07/31 08:38:21 term 47 49 00 0d 48 40 ff ff  |GI..H@..|
2018/07/31 08:38:21 term ff ff ff ff ff ff ff ff  |........|
2018/07/31 08:38:21 term ff ff ff ff ff ff ff ff  |........|
2018/07/31 08:38:21 term ff ff ff ff ff ff ff ff  |........|
2018/07/31 08:38:21 term ff ff ff ff ff ff ff ff  |........|
2018/07/31 08:38:21 term ff ff ff ff ff ff ff ff  |........|
2018/07/31 08:38:21 term ff ff ff ff ff ff ff ff  |........|
2018/07/31 08:38:21 term ff ff ff ff ff ff ff ff  |........|
2018/07/31 08:38:21 term ff ff ff ff ff ff 1a     |.......|
2018/07/31 08:38:21 tcp  07 4f 00 0d 88 40 d4     |.O...@.|
2018/07/31 08:38:21 term 47 49 00 0d 88 40 ff ff  |GI...@..|
2018/07/31 08:38:21 term ff ff ff ff ff ff ff ff  |........|
2018/07/31 08:38:21 term ff ff ff ff ff ff ff ff  |........|
2018/07/31 08:38:21 term ff ff ff ff ff ff ff ff  |........|
2018/07/31 08:38:21 term ff ff ff ff ff ff ff ff  |........|
2018/07/31 08:38:21 term ff ff ff ff ff ff ff ff  |........|
2018/07/31 08:38:21 term ff ff ff ff ff ff ff ff  |........|
2018/07/31 08:38:21 term ff ff ff ff ff ff ff ff  |........|
2018/07/31 08:38:21 term ff ff ff ff ff ff da     |.......|
2018/07/31 08:38:21 tcp  07 4f 00 0d c8 40 94     |.O...@.|
2018/07/31 08:38:21 term 47 49 00 0d c8 40 02 02  |GI...@..|
2018/07/31 08:38:21 term ff ff ff ff ff ff ff ff  |........|
2018/07/31 08:38:21 term ff ff ff ff ff ff 00 00  |........|
2018/07/31 08:38:21 term 00 00 00 00 03 00 03 00  |........|
2018/07/31 08:38:21 term 01 00 01 00 01 00 03 00  |........|
2018/07/31 08:38:21 term 03 00 00 00 03 00 00 00  |........|
2018/07/31 08:38:21 term 03 00 01 00 00 00 01 00  |........|
2018/07/31 08:38:21 term 01 00 03 00 00 00 00 00  |........|
2018/07/31 08:38:21 term 00 00 00 00 00 00 49     |......I|
2018/07/31 08:38:21 tcp  07 4f 00 0e 08 40 53     |.O...@S|
2018/07/31 08:38:21 term 47 49 00 0e 08 40 00 00  |GI...@..|
2018/07/31 08:38:21 term 00 00 03 00 00 00 00 00  |........|
2018/07/31 08:38:21 term 03 00 03 00 00 00 00 00  |........|
2018/07/31 08:38:21 term 00 00 00 00 00 00 00 00  |........|
2018/07/31 08:38:21 term 00 00 00 00 00 00 00 00  |........|
2018/07/31 08:38:21 term ff ff ff ff ff ff ff ff  |........|
2018/07/31 08:38:21 term ff ff ff ff ff ff 00 00  |........|
2018/07/31 08:38:21 term ff ff ff ff ff ff ff ff  |........|
2018/07/31 08:38:21 term ff ff ff ff ff ff 2c     |......,|
2018/07/31 08:38:21 tcp  07 4f 00 16 a0 40 b3     |.O...@.|
2018/07/31 08:38:21 term 47 49 00 16 a0 40 20 20  |GI...@  |
2018/07/31 08:38:21 term 20 20 20 20 20 20 20 20  |        |
2018/07/31 08:38:21 term 20 20 20 20 20 20 20 20  |        |
2018/07/31 08:38:21 term 20 20 20 20 20 20 20 20  |        |
2018/07/31 08:38:21 term 20 20 20 20 20 20 ff ff  |      ..|
2018/07/31 08:38:21 term ff ff ff ff ff ff ff ff  |........|
2018/07/31 08:38:21 term ff ff ff ff ff ff ff ff  |........|
2018/07/31 08:38:21 term ff ff ff ff ff ff ff ff  |........|
2018/07/31 08:38:21 term ff ff ff ff ff ff 99     |.......|
2018/07/31 08:38:21 tcp  07 4f 00 16 e0 40 73     |.O...@s|
2018/07/31 08:38:21 term 47 49 00 16 e0 40 ff ff  |GI...@..|
2018/07/31 08:38:21 term ff ff ff ff ff ff ff ff  |........|
2018/07/31 08:38:21 term ff ff ff ff ff ff ff ff  |........|
2018/07/31 08:38:21 term ff ff ff ff ff ff ff ff  |........|
2018/07/31 08:38:21 term ff ff ff ff ff ff ff ff  |........|
2018/07/31 08:38:21 term ff ff ff ff ff ff ff ff  |........|
2018/07/31 08:38:21 term ff ff ff ff ff ff ff ff  |........|
2018/07/31 08:38:21 term ff ff ff ff ff ff ff ff  |........|
2018/07/31 08:38:21 term ff ff ff ff ff ff 79     |......y|
2018/07/31 08:38:21 tcp  07 4f 00 17 20 40 32     |.O.. @2|
2018/07/31 08:38:21 term 47 49 00 17 20 40 ff ff  |GI.. @..|
2018/07/31 08:38:21 term ff ff ff ff ff ff ff ff  |........|
2018/07/31 08:38:21 term ff ff ff ff ff ff ff ff  |........|
2018/07/31 08:38:21 term ff ff ff ff ff ff ff ff  |........|
2018/07/31 08:38:21 term ff ff ff ff ff ff ff ff  |........|
2018/07/31 08:38:21 term ff ff ff ff ff ff ff ff  |........|
2018/07/31 08:38:21 term ff ff ff ff ff ff ff ff  |........|
2018/07/31 08:38:21 term ff ff ff ff ff ff ff ff  |........|
2018/07/31 08:38:21 term ff ff ff ff ff ff 38     |......8|
2018/07/31 08:38:21 tcp  07 4f 00 17 60 40 f2     |.O..`@.|
2018/07/31 08:38:21 term 47 49 00 17 60 40 ff ff  |GI..`@..|
2018/07/31 08:38:21 term ff ff ff ff ff ff ff ff  |........|
2018/07/31 08:38:21 term ff ff ff ff ff ff ff ff  |........|
2018/07/31 08:38:21 term ff ff ff ff ff ff ff ff  |........|
2018/07/31 08:38:21 term ff ff ff ff ff ff ff ff  |........|
2018/07/31 08:38:21 term ff ff ff ff ff ff ff ff  |........|
2018/07/31 08:38:21 term ff ff ff ff ff ff ff ff  |........|
2018/07/31 08:38:21 term ff ff ff ff ff ff ff ff  |........|
2018/07/31 08:38:21 term ff ff ff ff ff ff f8     |.......|
2018/07/31 08:38:21 tcp  07 4f 00 18 30 20 41     |.O..0 A|
2018/07/31 08:38:22 term 27 49 00 18 30 20 00 00  |'I..0 ..|
2018/07/31 08:38:22 term 00 00 ff ff ff ff ff ff  |........|
2018/07/31 08:38:22 term ff ff ff ff ff ff ff ff  |........|
2018/07/31 08:38:22 term ff ff ff ff ff ff ff ff  |........|
2018/07/31 08:38:22 term ff ff ff ff ff ff 43     |......C|
2018/07/31 08:38:22 tcp  07 4f 00 05 e8 20 9c     |.O... .|
2018/07/31 08:38:22 term 27 49 00 05 e8 20 20 20  |'I...   |
2018/07/31 08:38:22 term 20 20 20 20 20 20 20 20  |        |
2018/07/31 08:38:22 term 20 20 20 20 20 20 20 20  |        |
2018/07/31 08:38:22 term 20 20 20 20 20 20 20 20  |        |
2018/07/31 08:38:22 term 20 20 20 20 20 20 82     |      .|
2018/07/31 08:38:31 tcp  03 50 ac                 |.P.|
2018/07/31 08:38:31 term 05 50 ff ff ac           |.P...|
2018/07/31 08:38:41 tcp  03 50 ac                 |.P.|
2018/07/31 08:38:41 term 05 50 ff ff ac           |.P...|
2018/07/31 08:38:51 tcp  03 50 ac                 |.P.|
2018/07/31 08:38:51 term 05 50 ff ff ac           |.P...|
2018/07/31 08:39:01 tcp  03 50 ac                 |.P.|
2018/07/31 08:39:01 term 05 50 ff ff ac           |.P...|
2018/07/31 08:39:11 tcp  03 50 ac                 |.P.|
2018/07/31 08:39:11 term 05 50 ff ff ac           |.P...|
2018/07/31 08:39:21 tcp  03 50 ac                 |.P.|
2018/07/31 08:39:21 term 05 50 ff ff ac           |.P...|
2018/07/31 08:39:28 tcp  47 49 00 0c 48 40 1e 00  |GI..H@..|
2018/07/31 08:39:28 tcp  1e 00 1e 00 1e 00 1e 00  |........|
2018/07/31 08:39:28 tcp  1e 00 1e 00 1e 00 1e 00  |........|
2018/07/31 08:39:28 tcp  1e 00 1e 00 1e 00 1e 00  |........|
2018/07/31 08:39:28 tcp  1e 00 1e 00 1e 00 2d 00  |......-.|
2018/07/31 08:39:28 tcp  2d 00 2d 00 2d 00 2d 00  |-.-.-.-.|
2018/07/31 08:39:28 tcp  2d 00 2d 00 2d 00 2d 00  |-.-.-.-.|
2018/07/31 08:39:28 tcp  2d 00 2d 00 2d 00 2d 00  |-.-.-.-.|
2018/07/31 08:39:28 tcp  2d 00 2d 00 2d 00 2b     |-.-.-.+|
2018/07/31 08:39:28 term 03 06 f6                 |...|
2018/07/31 08:39:28 tcp  47 49 00 0c 88 40 2d 00  |GI...@-.|
2018/07/31 08:39:28 tcp  2d 00 2d 00 2d 00 2d 00  |-.-.-.-.|
2018/07/31 08:39:28 tcp  2d 00 2d 00 2d 00 2d 00  |-.-.-.-.|
2018/07/31 08:39:28 tcp  2d 00 2d 00 2d 00 2d 00  |-.-.-.-.|
2018/07/31 08:39:28 tcp  2d 00 2d 00 2d 00 1e 00  |-.-.-...|
2018/07/31 08:39:28 tcp  1e 00 1e 00 1e 00 1e 00  |........|
2018/07/31 08:39:28 tcp  1e 00 1e 00 1e 00 1e 00  |........|
2018/07/31 08:39:28 tcp  1e 00 1e 00 1e 00 1e 00  |........|
2018/07/31 08:39:28 tcp  1e 00 1e 00 1e 00 eb     |.......|
2018/07/31 08:39:28 term 03 06 f6                 |...|
2018/07/31 08:39:28 tcp  47 49 00 0c c8 40 00 00  |GI...@..|
2018/07/31 08:39:28 tcp  00 00 00 00 00 00 00 00  |........|
2018/07/31 08:39:28 tcp  00 00 00 00 00 00 00 00  |........|
2018/07/31 08:39:28 tcp  00 00 00 00 00 00 00 00  |........|
2018/07/31 08:39:28 tcp  00 00 00 00 00 00 0f 00  |........|
2018/07/31 08:39:28 tcp  0f 00 0f 00 0f 00 0f 00  |........|
2018/07/31 08:39:28 tcp  0f 00 0f 00 0f 00 0f 00  |........|
2018/07/31 08:39:28 tcp  0f 00 0f 00 0f 00 0f 00  |........|
2018/07/31 08:39:28 tcp  0f 00 0f 00 0f 00 6b     |......k|
2018/07/31 08:39:28 term 03 06 f6                 |...|
2018/07/31 08:39:28 tcp  47 49 00 0d 08 40 00 00  |GI...@..|
2018/07/31 08:39:28 tcp  00 00 00 00 00 00 00 00  |........|
2018/07/31 08:39:28 tcp  00 00 00 00 00 00 00 00  |........|
2018/07/31 08:39:28 tcp  00 00 00 00 00 00 00 00  |........|
2018/07/31 08:39:28 tcp  00 00 00 00 00 00 00 00  |........|
2018/07/31 08:39:28 tcp  ff ff ff ff ff ff ff ff  |........|
2018/07/31 08:39:28 tcp  ff ff ff ff ff ff 01 00  |........|
2018/07/31 08:39:28 tcp  03 00 ff ff ff ff ff ff  |........|
2018/07/31 08:39:28 tcp  ff ff ff ff ff ff 30     |......0|
2018/07/31 08:39:29 term 03 06 f6                 |...|
2018/07/31 08:39:29 tcp  47 49 00 0d 48 40 ff ff  |GI..H@..|
2018/07/31 08:39:29 tcp  ff ff ff ff ff ff ff ff  |........|
2018/07/31 08:39:29 tcp  ff ff ff ff ff ff ff ff  |........|
2018/07/31 08:39:29 tcp  ff ff ff ff ff ff ff ff  |........|
2018/07/31 08:39:29 tcp  ff ff ff ff ff ff ff ff  |........|
2018/07/31 08:39:29 tcp  ff ff ff ff ff ff ff ff  |........|
2018/07/31 08:39:29 tcp  ff ff ff ff ff ff ff ff  |........|
2018/07/31 08:39:29 tcp  ff ff ff ff ff ff ff ff  |........|
2018/07/31 08:39:29 tcp  ff ff ff ff ff ff 1a     |.......|
2018/07/31 08:39:29 term 03 06 f6                 |...|
2018/07/31 08:39:29 tcp  47 49 00 0d 88 40 ff ff  |GI...@..|
2018/07/31 08:39:29 tcp  ff ff ff ff ff ff ff ff  |........|
2018/07/31 08:39:29 tcp  ff ff ff ff ff ff ff ff  |........|
2018/07/31 08:39:29 tcp  ff ff ff ff ff ff ff ff  |........|
2018/07/31 08:39:29 tcp  ff ff ff ff ff ff ff ff  |........|
2018/07/31 08:39:29 tcp  ff ff ff ff ff ff ff ff  |........|
2018/07/31 08:39:29 tcp  ff ff ff ff ff ff ff ff  |........|
2018/07/31 08:39:29 tcp  ff ff ff ff ff ff ff ff  |........|
2018/07/31 08:39:29 tcp  ff ff ff ff ff ff da     |.......|
2018/07/31 08:39:29 term 03 06 f6                 |...|
2018/07/31 08:39:29 tcp  47 49 00 0d c8 40 02 02  |GI...@..|
2018/07/31 08:39:29 tcp  ff ff ff ff ff ff ff ff  |........|
2018/07/31 08:39:29 tcp  ff ff ff ff ff ff 00 00  |........|
2018/07/31 08:39:29 tcp  00 00 00 00 03 00 03 00  |........|
2018/07/31 08:39:29 tcp  01 00 01 00 01 00 03 00  |........|
2018/07/31 08:39:29 tcp  03 00 00 00 03 00 00 00  |........|
2018/07/31 08:39:29 tcp  03 00 01 00 00 00 01 00  |........|
2018/07/31 08:39:29 tcp  01 00 03 00 00 00 00 00  |........|
2018/07/31 08:39:29 tcp  00 00 00 00 00 00 49     |......I|
2018/07/31 08:39:29 term 03 06 f6                 |...|
2018/07/31 08:39:29 tcp  47 49 00 0e 08 40 00 00  |GI...@..|
2018/07/31 08:39:29 tcp  00 00 03 00 00 00 00 00  |........|
2018/07/31 08:39:29 tcp  03 00 03 00 00 00 00 00  |........|
2018/07/31 08:39:29 tcp  00 00 00 00 00 00 00 00  |........|
2018/07/31 08:39:29 tcp  00 00 00 00 00 00 00 00  |........|
2018/07/31 08:39:29 tcp  ff ff ff ff ff ff ff ff  |........|
2018/07/31 08:39:29 tcp  ff ff ff ff ff ff 00 00  |........|
2018/07/31 08:39:29 tcp  ff ff ff ff ff ff ff ff  |........|
2018/07/31 08:39:29 tcp  ff ff ff ff ff ff 2c     |......,|
2018/07/31 08:39:29 term 03 06 f6                 |...|
2018/07/31 08:39:29 tcp  47 49 00 16 a0 40 20 20  |GI...@  |
2018/07/31 08:39:29 tcp  20 20 20 20 20 20 20 20  |        |
2018/07/31 08:39:29 tcp  20 20 20 20 20 20 20 20  |        |
2018/07/31 08:39:29 tcp  20 20 20 20 20 20 20 20  |        |
2018/07/31 08:39:29 tcp  20 20 20 20 20 20 ff ff  |      ..|
2018/07/31 08:39:29 tcp  ff ff ff ff ff ff ff ff  |........|
2018/07/31 08:39:29 tcp  ff ff ff ff ff ff ff ff  |........|
2018/07/31 08:39:29 tcp  ff ff ff ff ff ff ff ff  |........|
2018/07/31 08:39:29 tcp  ff ff ff ff ff ff 99     |.......|
2018/07/31 08:39:29 term 03 06 f6                 |...|
2018/07/31 08:39:29 tcp  47 49 00 16 e0 40 ff ff  |GI...@..|
2018/07/31 08:39:29 tcp  ff ff ff ff ff ff ff ff  |........|
2018/07/31 08:39:29 tcp  ff ff ff ff ff ff ff ff  |........|
2018/07/31 08:39:29 tcp  ff ff ff ff ff ff ff ff  |........|
2018/07/31 08:39:29 tcp  ff ff ff ff ff ff ff ff  |........|
2018/07/31 08:39:29 tcp  ff ff ff ff ff ff ff ff  |........|
2018/07/31 08:39:29 tcp  ff ff ff ff ff ff ff ff  |........|
2018/07/31 08:39:29 tcp  ff ff ff ff ff ff ff ff  |........|
2018/07/31 08:39:29 tcp  ff ff ff ff ff ff 79     |......y|
2018/07/31 08:39:29 term 03 06 f6                 |...|
2018/07/31 08:39:29 tcp  47 49 00 17 20 40 ff ff  |GI.. @..|
2018/07/31 08:39:29 tcp  ff ff ff ff ff ff ff ff  |........|
2018/07/31 08:39:29 tcp  ff ff ff ff ff ff ff ff  |........|
2018/07/31 08:39:29 tcp  ff ff ff ff ff ff ff ff  |........|
2018/07/31 08:39:29 tcp  ff ff ff ff ff ff ff ff  |........|
2018/07/31 08:39:29 tcp  ff ff ff ff ff ff ff ff  |........|
2018/07/31 08:39:29 tcp  ff ff ff ff ff ff ff ff  |........|
2018/07/31 08:39:29 tcp  ff ff ff ff ff ff ff ff  |........|
2018/07/31 08:39:29 tcp  ff ff ff ff ff ff 38     |......8|
2018/07/31 08:39:29 term 03 06 f6                 |...|
2018/07/31 08:39:29 tcp  47 49 00 17 60 40 ff ff  |GI..`@..|
2018/07/31 08:39:29 tcp  ff ff ff ff ff ff ff ff  |........|
2018/07/31 08:39:29 tcp  ff ff ff ff ff ff ff ff  |........|
2018/07/31 08:39:29 tcp  ff ff ff ff ff ff ff ff  |........|
2018/07/31 08:39:29 tcp  ff ff ff ff ff ff ff ff  |........|
2018/07/31 08:39:29 tcp  ff ff ff ff ff ff ff ff  |........|
2018/07/31 08:39:29 tcp  ff ff ff ff ff ff ff ff  |........|
2018/07/31 08:39:29 tcp  ff ff ff ff ff ff ff ff  |........|
2018/07/31 08:39:29 tcp  ff ff ff ff ff ff f8     |.......|
2018/07/31 08:39:29 term 03 06 f6                 |...|
2018/07/31 08:39:30 tcp  27 49 00 18 30 20 00 00  |'I..0 ..|
2018/07/31 08:39:30 tcp  00 00 ff ff ff ff ff ff  |........|
2018/07/31 08:39:30 tcp  ff ff ff ff ff ff ff ff  |........|
2018/07/31 08:39:30 tcp  ff ff ff ff ff ff ff ff  |........|
2018/07/31 08:39:30 tcp  ff ff ff ff ff ff 43     |......C|
2018/07/31 08:39:30 term 03 06 f6                 |...|
2018/07/31 08:39:30 tcp  27 49 00 05 e8 20 73 65  |'I... se|
2018/07/31 08:39:30 tcp  74 20 61 20 6f 6e 6c 79  |t a only|
2018/07/31 08:39:30 tcp  00 00 00 00 00 00 73 65  |......se|
2018/07/31 08:39:30 tcp  74 20 61 20 61 6e 64 20  |t a and |
2018/07/31 08:39:30 tcp  62 00 00 00 00 00 31     |b.....1|
2018/07/31 08:39:30 term 03 06 f6                 |...|
2018/07/31 08:39:32 tcp  08 42 64 09 01 01 00 46  |.Bd....F|
2018/07/31 08:39:32 term 03 06 f6                 |...|
2018/07/31 08:39:32 tcp  03 48 b4                 |.H.|
2018/07/31 08:39:32 term 03 06 f6                 |...|
2018/07/31 08:39:33 CLOSE (tcp read close)
