2018/07/31 10:34:27 OPEN (::ffff:192.168.1.228:64818)
2018/07/31 10:34:29 tcp  03 5a a2                 |.Z.|
2018/07/31 10:34:29 term 0b 5a 05 01 00 07 09 04  |.Z......|
2018/07/31 10:34:29 term 07 01 78                 |..x|
2018/07/31 10:34:29 tcp  0b 5a 31 32 33 34 35 36  |.Z123456|
2018/07/31 10:34:29 tcp  37 38 f6                 |78.|
2018/07/31 10:34:29 term 17 5a 45 6c 69 74 65 20  |.ZElite |
2018/07/31 10:34:29 term 32 34 20 20 20 20 56 34  |24    V4|
2018/07/31 10:34:29 term 2e 30 32 2e 30 31 ec     |.02.01.|
2018/07/31 10:34:29 tcp  07 4f 00 64 9b 10 9a     |.O.d...|
2018/07/31 10:34:29 term 17 49 00 64 9b 10 2f fc  |.I.d../.|
2018/07/31 10:34:29 term 56 50 85 90 48 44 76 11  |VP..HDv.|
2018/07/31 10:34:29 term 43 39 ce c4 19 76 fa     |C9...v.|
2018/07/31 10:34:29 tcp  07 4f 00 5d 04 10 38     |.O.]..8|
2018/07/31 10:34:30 term 17 49 00 5d 04 10 54 01  |.I.]..T.|
2018/07/31 10:34:30 term 07 94 71 b6 49 17 a5 1b  |..q.I...|
2018/07/31 10:34:30 term 32 5a 96 f9 6e 49 25     |2Z..nI%|
2018/07/31 10:34:30 tcp  07 4f 00 16 78 01 1a     |.O..x..|
2018/07/31 10:34:30 term 08 49 00 16 78 01 06 19  |.I..x...|
2018/07/31 10:34:30 tcp  07 4f 00 1f ca 07 b9     |.O.....|
2018/07/31 10:34:30 term 0e 49 00 1f ca 07 01 00  |.I......|
2018/07/31 10:34:30 term 00 00 ff ff 2c 8d        |....,.|
2018/07/31 10:34:30 tcp  07 4f 00 16 7e 01 14     |.O..~..|
2018/07/31 10:34:30 term 08 49 00 16 7e 01 00 19  |.I..~...|
2018/07/31 10:34:30 tcp  07 4f 00 5c 55 02 f6     |.O.\U..|
2018/07/31 10:34:30 term 09 49 00 5c 55 02 28 c0  |.I.\U.(.|
2018/07/31 10:34:30 term 12                       |.|
2018/07/31 10:34:30 tcp  07 4f 00 5c 57 02 f4     |.O.\W..|
2018/07/31 10:34:30 term 09 49 00 5c 57 02 23 9c  |.I.\W.#.|
2018/07/31 10:34:30 term 39                       |9|
2018/07/31 10:34:39 tcp  03 50 ac                 |.P.|
2018/07/31 10:34:39 term 05 50 ff ff ac           |.P...|
2018/07/31 10:34:49 tcp  03 50 ac                 |.P.|
2018/07/31 10:34:49 term 05 50 ff ff ac           |.P...|
2018/07/31 10:34:59 tcp  03 50 ac                 |.P.|
2018/07/31 10:34:59 term 05 50 ff ff ac           |.P...|
2018/07/31 10:35:04 tcp  07 4f 00 15 20 40 34     |.O.. @4|
2018/07/31 10:35:04 term 47 49 00 15 20 40 00 00  |GI.. @..|
2018/07/31 10:35:05 term 00 00 00 00 00 00 00 00  |........|
2018/07/31 10:35:05 term 00 00 00 00 00 00 00 00  |........|
2018/07/31 10:35:05 term 00 00 00 00 00 00 00 00  |........|
2018/07/31 10:35:05 term 00 00 00 00 00 00 00 00  |........|
2018/07/31 10:35:05 term 00 00 00 00 00 00 00 00  |........|
2018/07/31 10:35:05 term 00 00 00 00 00 00 20 20  |......  |
2018/07/31 10:35:05 term 20 20 20 20 20 20 20 20  |        |
2018/07/31 10:35:05 term 20 20 20 20 20 20 fa     |      .|
2018/07/31 10:35:05 tcp  07 4f 00 15 60 40 f4     |.O..`@.|
2018/07/31 10:35:05 term 47 49 00 15 60 40 20 20  |GI..`@  |
2018/07/31 10:35:05 term 20 20 20 20 20 20 00 00  |      ..|
2018/07/31 10:35:05 term 00 00 00 00 00 00 00 00  |........|
2018/07/31 10:35:05 term 00 00 00 00 00 00 20 20  |......  |
2018/07/31 10:35:05 term 20 20 20 20 20 20 21 00  |      !.|
2018/07/31 10:35:05 term 00 00 00 03 03 03 ff ff  |........|
2018/07/31 10:35:05 term ff ff ff ff 08 08 08 03  |........|
2018/07/31 10:35:05 term 03 00 03 00 03 00 00 00  |........|
2018/07/31 10:35:05 term 00 77 77 77 00 00 0d     |.www...|
2018/07/31 10:35:05 tcp  07 4f 00 15 a0 40 b4     |.O...@.|
2018/07/31 10:35:05 term 47 49 00 15 a0 40 00 00  |GI...@..|
2018/07/31 10:35:05 term 00 00 00 00 00 00 00 00  |........|
2018/07/31 10:35:05 term 00 00 00 00 00 00 20 20  |......  |
2018/07/31 10:35:05 term 20 20 20 20 20 20 20 20  |        |
2018/07/31 10:35:05 term 20 20 20 20 20 20 20 20  |        |
2018/07/31 10:35:05 term 20 20 20 20 20 20 20 20  |        |
2018/07/31 10:35:05 term 20 20 20 20 20 20 20 20  |        |
2018/07/31 10:35:05 term 20 20 20 20 20 20 20 20  |        |
2018/07/31 10:35:05 term 20 20 20 20 20 20 7a     |      z|
2018/07/31 10:35:05 tcp  07 4f 00 15 e0 40 74     |.O...@t|
2018/07/31 10:35:05 term 47 49 00 15 e0 40 20 20  |GI...@  |
2018/07/31 10:35:05 term 20 20 20 20 20 20 20 20  |        |
2018/07/31 10:35:05 term 20 20 20 20 20 20 20 20  |        |
2018/07/31 10:35:05 term 20 20 20 20 20 20 20 20  |        |
2018/07/31 10:35:05 term 20 20 20 20 20 20 20 20  |        |
2018/07/31 10:35:05 term 20 20 20 20 20 20 20 20  |        |
2018/07/31 10:35:05 term 20 20 20 20 20 20 20 20  |        |
2018/07/31 10:35:05 term 20 20 20 20 20 20 20 20  |        |
2018/07/31 10:35:05 term 20 20 20 20 20 20 3a     |      :|
2018/07/31 10:35:05 tcp  07 4f 00 16 20 40 33     |.O.. @3|
2018/07/31 10:35:05 term 47 49 00 16 20 40 00 00  |GI.. @..|
2018/07/31 10:35:06 term 00 00 00 00 00 00 00 00  |........|
2018/07/31 10:35:06 term 00 00 00 00 00 00 00 00  |........|
2018/07/31 10:35:06 term 00 00 00 00 00 00 00 00  |........|
2018/07/31 10:35:06 term 00 00 00 00 00 00 00 00  |........|
2018/07/31 10:35:06 term 00 00 00 00 00 00 00 00  |........|
2018/07/31 10:35:06 term 00 00 00 00 00 00 00 00  |........|
2018/07/31 10:35:06 term 00 00 00 00 00 00 00 00  |........|
2018/07/31 10:35:06 term 00 00 00 00 00 00 f9     |.......|
2018/07/31 10:35:06 tcp  07 4f 00 16 60 40 f3     |.O..`@.|
2018/07/31 10:35:06 term 47 49 00 16 60 40 00 00  |GI..`@..|
2018/07/31 10:35:06 term 00 00 00 00 00 00 31 32  |......12|
2018/07/31 10:35:06 term 33 34 35 36 37 38 20 20  |345678  |
2018/07/31 10:35:06 term 20 20 20 20 20 20 06 05  |      ..|
2018/07/31 10:35:06 term 03 00 00 08 00 ff 00 00  |........|
2018/07/31 10:35:06 term 00 00 00 00 00 00 00 00  |........|
2018/07/31 10:35:06 term 00 00 00 00 00 00 00 00  |........|
2018/07/31 10:35:06 term 00 00 00 00 00 00 ff ff  |........|
2018/07/31 10:35:06 term ff ff ff ff ff ff 08     |.......|
2018/07/31 10:35:06 tcp  07 4f 00 17 a0 40 b2     |.O...@.|
2018/07/31 10:35:06 term 47 49 00 17 a0 40 00 00  |GI...@..|
2018/07/31 10:35:06 term 00 00 00 00 00 00 00 00  |........|
2018/07/31 10:35:06 term 00 00 00 00 00 00 00 00  |........|
2018/07/31 10:35:06 term 00 00 00 00 00 00 00 00  |........|
2018/07/31 10:35:06 term 00 00 00 00 00 00 00 00  |........|
2018/07/31 10:35:06 term 00 00 00 00 00 00 00 00  |........|
2018/07/31 10:35:06 term 00 00 00 00 00 00 20 20  |......  |
2018/07/31 10:35:06 term 20 20 20 20 20 20 20 20  |        |
2018/07/31 10:35:06 term 20 20 20 20 20 20 78     |      x|
2018/07/31 10:35:06 tcp  07 4f 00 17 e0 10 a2     |.O.....|
2018/07/31 10:35:06 term 17 49 00 17 e0 10 20 20  |.I....  |
2018/07/31 10:35:06 term 20 20 20 20 20 20 ff ff  |      ..|
2018/07/31 10:35:06 term ff ff ff ff ff ff a0     |.......|
2018/07/31 10:35:06 tcp  07 4f 00 5a 28 06 21     |.O.Z(.!|
2018/07/31 10:35:06 term 0d 49 00 5a 28 06 ff ff  |.I.Z(...|
2018/07/31 10:35:06 term ff ff ff ff 27           |....'|
2018/07/31 10:35:06 tcp  07 4f 00 5a 4f 40 c0     |.O.ZO@.|
2018/07/31 10:35:06 term 47 49 00 5a 4f 40 00 00  |GI.ZO@..|
2018/07/31 10:35:06 term 00 00 00 00 00 00 00 00  |........|
2018/07/31 10:35:06 term 00 00 00 00 00 00 00 00  |........|
2018/07/31 10:35:06 term 00 00 00 00 00 00 00 00  |........|
2018/07/31 10:35:06 term 00 00 00 00 00 00 00 00  |........|
2018/07/31 10:35:06 term 00 00 00 00 00 00 00 00  |........|
2018/07/31 10:35:06 term 00 00 00 00 00 00 00 00  |........|
2018/07/31 10:35:06 term 00 00 00 00 00 00 00 00  |........|
2018/07/31 10:35:06 term 00 00 00 00 00 00 86     |.......|
2018/07/31 10:35:06 tcp  07 4f 00 5a 8f 40 80     |.O.Z.@.|
2018/07/31 10:35:06 term 47 49 00 5a 8f 40 31 30  |GI.Z.@10|
2018/07/31 10:35:06 term 30 30 31 00 00 00 31 30  |001...10|
2018/07/31 10:35:06 term 30 30 31 00 00 00 08 08  |001.....|
2018/07/31 10:35:06 term 00 00 00 00 00 00 00 00  |........|
2018/07/31 10:35:06 term 00 00 00 00 00 00 00 00  |........|
2018/07/31 10:35:06 term 00 00 00 00 00 00 00 00  |........|
2018/07/31 10:35:06 term 00 00 00 00 00 00 00 00  |........|
2018/07/31 10:35:06 term 00 00 00 00 00 00 00 00  |........|
2018/07/31 10:35:06 term 00 00 00 00 00 00 52     |......R|
2018/07/31 10:35:06 tcp  07 4f 00 5a cf 15 6b     |.O.Z..k|
2018/07/31 10:35:06 term 1c 49 00 5a cf 15 00 00  |.I.Z....|
2018/07/31 10:35:06 term 00 00 00 00 00 00 00 00  |........|
2018/07/31 10:35:06 term 00 00 00 00 00 00 00 00  |........|
2018/07/31 10:35:06 term 00 00 00 5c              |...\|
2018/07/31 10:35:06 tcp  07 4f 00 19 d0 40 80     |.O...@.|
2018/07/31 10:35:06 term 47 49 00 19 d0 40 00 00  |GI...@..|
2018/07/31 10:35:06 term 00 00 00 00 00 00 00 00  |........|
2018/07/31 10:35:06 term 00 00 00 00 00 00 00 00  |........|
2018/07/31 10:35:06 term 00 00 00 00 00 00 00 00  |........|
2018/07/31 10:35:06 term 00 00 00 00 00 00 00 00  |........|
2018/07/31 10:35:06 term 00 00 00 00 00 00 00 00  |........|
2018/07/31 10:35:06 term 00 00 00 00 00 00 00 00  |........|
2018/07/31 10:35:06 term 00 00 00 00 00 00 00 00  |........|
2018/07/31 10:35:06 term 00 00 00 00 00 00 46     |......F|
2018/07/31 10:35:06 tcp  07 4f 00 1a 10 40 3f     |.O...@?|
2018/07/31 10:35:06 term 47 49 00 1a 10 40 20 20  |GI...@  |
2018/07/31 10:35:06 term 20 20 20 20 20 20 20 20  |        |
2018/07/31 10:35:06 term 20 20 20 20 20 20 20 20  |        |
2018/07/31 10:35:06 term 20 20 20 20 20 20 20 20  |        |
2018/07/31 10:35:06 term 20 20 20 20 20 20 30 37  |      07|
2018/07/31 10:35:06 term 37 38 35 34 39 39 39 39  |78549999|
2018/07/31 10:35:06 term 33 00 00 00 00 00 30 37  |3.....07|
2018/07/31 10:35:06 term 38 36 30 39 38 30 34 38  |86098048|
2018/07/31 10:35:06 term 30 00 00 00 00 00 6d     |0.....m|
2018/07/31 10:35:06 tcp  07 4f 00 1a 50 40 ff     |.O..P@.|
2018/07/31 10:35:06 term 47 49 00 1a 50 40 00 00  |GI..P@..|
2018/07/31 10:35:06 term 00 00 00 00 00 00 00 00  |........|
2018/07/31 10:35:06 term 00 00 00 00 00 00 03 00  |........|
2018/07/31 10:35:06 term 00 00 00 20 20 ff ff ff  |...  ...|
2018/07/31 10:35:06 term ff ff ff ff ff ff ff 7f  |........|
2018/07/31 10:35:06 term ff ff ff ff ff ff ff ff  |........|
2018/07/31 10:35:06 term ff ff ff ff ff ff 00 00  |........|
2018/07/31 10:35:06 term 00 00 00 00 00 00 00 00  |........|
2018/07/31 10:35:06 term 00 00 00 00 00 00 1b     |.......|
2018/07/31 10:35:06 tcp  07 4f 00 1a 90 40 bf     |.O...@.|
2018/07/31 10:35:06 term 47 49 00 1a 90 40 00 00  |GI...@..|
2018/07/31 10:35:06 term 00 00 00 00 00 00 00 00  |........|
2018/07/31 10:35:06 term 00 00 00 00 00 00 00 00  |........|
2018/07/31 10:35:06 term 00 00 00 00 00 00 00 00  |........|
2018/07/31 10:35:06 term 00 00 00 00 00 00 00 00  |........|
2018/07/31 10:35:06 term 00 00 00 00 00 00 00 00  |........|
2018/07/31 10:35:06 term 00 00 00 00 00 00 00 00  |........|
2018/07/31 10:35:06 term 00 00 00 00 00 00 ff ff  |........|
2018/07/31 10:35:06 term ff ff ff ff ff ff 8d     |.......|
2018/07/31 10:35:06 tcp  07 4f 00 1a d0 40 7f     |.O...@.|
2018/07/31 10:35:06 term 47 49 00 1a d0 40 00 00  |GI...@..|
2018/07/31 10:35:06 term 00 00 00 00 00 00 00 00  |........|
2018/07/31 10:35:06 term 00 00 00 00 00 00 00 00  |........|
2018/07/31 10:35:06 term 00 00 00 00 00 00 00 00  |........|
2018/07/31 10:35:06 term 00 00 00 00 00 00 00 00  |........|
2018/07/31 10:35:06 term 00 00 00 00 00 00 00 00  |........|
2018/07/31 10:35:06 term 00 00 00 00 00 00 00 00  |........|
2018/07/31 10:35:06 term 00 00 00 00 00 00 00 00  |........|
2018/07/31 10:35:06 term 00 00 00 00 00 00 45     |......E|
2018/07/31 10:35:06 tcp  07 4f 00 1b 10 40 3e     |.O...@>|
2018/07/31 10:35:06 term 47 49 00 1b 10 40 00 00  |GI...@..|
2018/07/31 10:35:06 term 00 00 00 00 00 00 03 1e  |........|
2018/07/31 10:35:06 term 00 ff ff ff ff ff 00 00  |........|
2018/07/31 10:35:06 term 00 00 00 00 00 00 00 00  |........|
2018/07/31 10:35:06 term 00 00 00 00 00 00 00 00  |........|
2018/07/31 10:35:06 term 00 00 00 00 00 00 00 00  |........|
2018/07/31 10:35:06 term 00 00 00 00 00 00 00 00  |........|
2018/07/31 10:35:06 term 00 00 00 00 00 00 00 00  |........|
2018/07/31 10:35:06 term 00 00 00 00 00 00 e8     |.......|
2018/07/31 10:35:06 tcp  07 4f 00 1b 50 1f 1f     |.O..P..|
2018/07/31 10:35:07 term 26 49 00 1b 50 1f 78 00  |&I..P.x.|
2018/07/31 10:35:07 term 00 00 08 00 78 00 b4 00  |....x...|
2018/07/31 10:35:07 term 3c 00 ff ff ff ff ff ff  |<.......|
2018/07/31 10:35:07 term ff ff ff ff ff ff ff ff  |........|
2018/07/31 10:35:07 term ff ff ff ff ff 31        |.....1|
2018/07/31 10:35:07 tcp  07 4f 00 0a 60 40 ff     |.O..`@.|
2018/07/31 10:35:07 term 47 49 00 0a 60 40 00 00  |GI..`@..|
2018/07/31 10:35:07 term 00 00 00 00 00 00 00 00  |........|
2018/07/31 10:35:07 term 00 00 00 00 00 00 00 00  |........|
2018/07/31 10:35:07 term 00 00 00 00 00 00 00 00  |........|
2018/07/31 10:35:07 term 00 00 00 00 00 00 ff ff  |........|
2018/07/31 10:35:07 term ff ff ff ff ff ff ff ff  |........|
2018/07/31 10:35:07 term ff ff ff ff ff ff 31 30  |......10|
2018/07/31 10:35:07 term 30 30 31 00 00 00 08 ff  |001.....|
2018/07/31 10:35:07 term ff ff ff ff ff ff e2     |.......|
2018/07/31 10:35:07 tcp  07 4f 00 0a a0 20 df     |.O... .|
2018/07/31 10:35:07 term 27 49 00 0a a0 20 00 00  |'I... ..|
2018/07/31 10:35:07 term 00 00 00 00 00 00 00 00  |........|
2018/07/31 10:35:07 term 00 00 00 00 00 00 00 00  |........|
2018/07/31 10:35:07 term 00 00 00 00 00 00 00 00  |........|
2018/07/31 10:35:07 term 00 00 00 00 00 00 c5     |.......|
2018/07/31 10:35:07 tcp  07 4f 00 52 c0 40 57     |.O.R.@W|
2018/07/31 10:35:07 term 47 49 00 52 c0 40 00 00  |GI.R.@..|
2018/07/31 10:35:07 term 00 00 00 00 00 00 00 00  |........|
2018/07/31 10:35:07 term 00 00 00 00 00 00 00 00  |........|
2018/07/31 10:35:07 term 00 00 00 00 00 00 00 00  |........|
2018/07/31 10:35:07 term 00 00 00 00 20 20 00 00  |....  ..|
2018/07/31 10:35:07 term 00 00 00 00 00 00 00 00  |........|
2018/07/31 10:35:07 term 00 00 00 00 00 00 00 00  |........|
2018/07/31 10:35:07 term 00 00 00 00 00 00 00 00  |........|
2018/07/31 10:35:07 term 00 00 00 00 00 00 dd     |.......|
2018/07/31 10:35:07 tcp  07 4f 00 53 00 20 36     |.O.S. 6|
2018/07/31 10:35:07 term 27 49 00 53 00 20 00 00  |'I.S. ..|
2018/07/31 10:35:07 term 00 00 00 00 00 00 00 00  |........|
2018/07/31 10:35:07 term 00 00 00 00 00 00 00 00  |........|
2018/07/31 10:35:07 term 00 00 00 00 00 00 00 00  |........|
2018/07/31 10:35:07 term 00 00 00 00 00 00 1c     |.......|
2018/07/31 10:35:07 tcp  07 4f 00 5a 4e 01 00     |.O.ZN..|
2018/07/31 10:35:07 term 08 49 00 5a 4e 01 00 05  |.I.ZN...|
2018/07/31 10:35:07 tcp  07 4f 00 5c 65 40 a8     |.O.\e@.|
2018/07/31 10:35:07 term 47 49 00 5c 65 40 20 20  |GI.\e@  |
2018/07/31 10:35:07 term 20 20 20 20 20 20 20 20  |        |
2018/07/31 10:35:07 term 20 20 20 20 20 20 20 20  |        |
2018/07/31 10:35:07 term 20 20 20 20 20 20 20 20  |        |
2018/07/31 10:35:07 term 20 20 20 20 20 20 20 20  |        |
2018/07/31 10:35:07 term 20 20 20 20 20 20 20 20  |        |
2018/07/31 10:35:07 term 20 20 20 20 20 20 20 20  |        |
2018/07/31 10:35:07 term 20 20 20 20 20 20 20 20  |        |
2018/07/31 10:35:07 term 20 20 20 20 20 20 6e     |      n|
2018/07/31 10:35:07 tcp  07 4f 00 5c a5 40 68     |.O.\.@h|
2018/07/31 10:35:07 term 47 49 00 5c a5 40 00 00  |GI.\.@..|
2018/07/31 10:35:07 term 03 03 ff ff ff ff 08 08  |........|
2018/07/31 10:35:07 term 03 00 03 00 00 00 77 77  |......ww|
2018/07/31 10:35:07 term 20 20 20 20 20 20 20 20  |        |
2018/07/31 10:35:07 term 20 20 20 20 20 20 20 20  |        |
2018/07/31 10:35:07 term 20 20 20 20 20 20 20 20  |        |
2018/07/31 10:35:07 term 20 20 20 20 20 20 20 20  |        |
2018/07/31 10:35:07 term 20 20 20 20 20 20 20 20  |        |
2018/07/31 10:35:07 term 20 20 20 20 20 20 68     |      h|
2018/07/31 10:35:07 tcp  07 4f 00 5c e5 08 60     |.O.\..`|
2018/07/31 10:35:07 term 0f 49 00 5c e5 08 20 20  |.I.\..  |
2018/07/31 10:35:07 term 00 00 ff ff ff ff 22     |......"|
2018/07/31 10:35:07 tcp  07 4f 00 5d 14 01 37     |.O.]..7|
2018/07/31 10:35:07 term 08 49 00 5d 14 01 00 3c  |.I.]...<|
2018/07/31 10:35:07 tcp  07 4f 00 64 9b 10 9a     |.O.d...|
2018/07/31 10:35:07 term 17 49 00 64 9b 10 2f fc  |.I.d../.|
2018/07/31 10:35:07 term 56 50 85 90 48 44 76 11  |VP..HDv.|
2018/07/31 10:35:07 term 43 39 ce c4 19 76 fa     |C9...v.|
2018/07/31 10:35:07 tcp  07 4f 00 5d 04 10 38     |.O.]..8|
2018/07/31 10:35:07 term 17 49 00 5d 04 10 54 01  |.I.]..T.|
2018/07/31 10:35:07 term 07 94 71 b6 49 17 a5 1b  |..q.I...|
2018/07/31 10:35:07 term 32 5a 96 f9 6e 49 25     |2Z..nI%|
2018/07/31 10:35:13 tcp  47 49 00 15 20 40 00 00  |GI.. @..|
2018/07/31 10:35:13 tcp  00 00 00 00 00 00 00 00  |........|
2018/07/31 10:35:13 tcp  00 00 00 00 00 00 00 00  |........|
2018/07/31 10:35:13 tcp  00 00 00 00 00 00 00 00  |........|
2018/07/31 10:35:13 tcp  00 00 00 00 00 00 00 00  |........|
2018/07/31 10:35:13 tcp  00 00 00 00 00 00 00 00  |........|
2018/07/31 10:35:13 tcp  00 00 00 00 00 00 20 20  |......  |
2018/07/31 10:35:13 tcp  20 20 20 20 20 20 20 20  |        |
2018/07/31 10:35:13 tcp  20 20 20 20 20 20 fa     |      .|
2018/07/31 10:35:13 term 03 06 f6                 |...|
2018/07/31 10:35:13 tcp  47 49 00 15 60 40 20 20  |GI..`@  |
2018/07/31 10:35:13 tcp  20 20 20 20 20 20 00 00  |      ..|
2018/07/31 10:35:13 tcp  00 00 00 00 00 00 00 00  |........|
2018/07/31 10:35:13 tcp  00 00 00 00 00 00 20 20  |......  |
2018/07/31 10:35:13 tcp  20 20 20 20 20 20 21 00  |      !.|
2018/07/31 10:35:13 tcp  00 00 00 03 03 03 ff ff  |........|
2018/07/31 10:35:13 tcp  ff ff ff ff 08 08 08 03  |........|
2018/07/31 10:35:13 tcp  03 00 03 00 03 00 00 00  |........|
2018/07/31 10:35:13 tcp  00 77 77 77 00 00 0d     |.www...|
2018/07/31 10:35:13 term 03 06 f6                 |...|
2018/07/31 10:35:13 tcp  47 49 00 15 a0 40 00 00  |GI...@..|
2018/07/31 10:35:13 tcp  00 00 00 00 00 00 00 00  |........|
2018/07/31 10:35:13 tcp  00 00 00 00 00 00 20 20  |......  |
2018/07/31 10:35:13 tcp  20 20 20 20 20 20 20 20  |        |
2018/07/31 10:35:13 tcp  20 20 20 20 20 20 20 20  |        |
2018/07/31 10:35:13 tcp  20 20 20 20 20 20 20 20  |        |
2018/07/31 10:35:13 tcp  20 20 20 20 20 20 20 20  |        |
2018/07/31 10:35:13 tcp  20 20 20 20 20 20 20 20  |        |
2018/07/31 10:35:13 tcp  20 20 20 20 20 20 7a     |      z|
2018/07/31 10:35:13 term 03 06 f6                 |...|
2018/07/31 10:35:13 tcp  47 49 00 15 e0 40 20 20  |GI...@  |
2018/07/31 10:35:13 tcp  20 20 20 20 20 20 20 20  |        |
2018/07/31 10:35:13 tcp  20 20 20 20 20 20 20 20  |        |
2018/07/31 10:35:13 tcp  20 20 20 20 20 20 20 20  |        |
2018/07/31 10:35:13 tcp  20 20 20 20 20 20 20 20  |        |
2018/07/31 10:35:13 tcp  20 20 20 20 20 20 20 20  |        |
2018/07/31 10:35:13 tcp  20 20 20 20 20 20 20 20  |        |
2018/07/31 10:35:13 tcp  20 20 20 20 20 20 20 20  |        |
2018/07/31 10:35:13 tcp  20 20 20 20 20 20 3a     |      :|
2018/07/31 10:35:13 term 03 06 f6                 |...|
2018/07/31 10:35:13 tcp  47 49 00 16 20 40 00 00  |GI.. @..|
2018/07/31 10:35:13 tcp  00 00 00 00 00 00 00 00  |........|
2018/07/31 10:35:13 tcp  00 00 00 00 00 00 00 00  |........|
2018/07/31 10:35:13 tcp  00 00 00 00 00 00 00 00  |........|
2018/07/31 10:35:13 tcp  00 00 00 00 00 00 00 00  |........|
2018/07/31 10:35:13 tcp  00 00 00 00 00 00 00 00  |........|
2018/07/31 10:35:13 tcp  00 00 00 00 00 00 00 00  |........|
2018/07/31 10:35:13 tcp  00 00 00 00 00 00 00 00  |........|
2018/07/31 10:35:13 tcp  00 00 00 00 00 00 f9     |.......|
2018/07/31 10:35:13 term 03 06 f6                 |...|
2018/07/31 10:35:13 tcp  47 49 00 16 60 40 00 00  |GI..`@..|
2018/07/31 10:35:13 tcp  00 00 00 00 00 00 31 32  |......12|
2018/07/31 10:35:13 tcp  33 34 35 36 37 38 20 20  |345678  |
2018/07/31 10:35:13 tcp  20 20 20 20 20 20 06 05  |      ..|
2018/07/31 10:35:13 tcp  03 00 00 08 00 ff 00 00  |........|
2018/07/31 10:35:13 tcp  00 00 00 00 00 00 00 00  |........|
2018/07/31 10:35:13 tcp  00 00 00 00 00 00 00 00  |........|
2018/07/31 10:35:13 tcp  00 00 00 00 00 00 ff ff  |........|
2018/07/31 10:35:13 tcp  ff ff ff ff ff ff 08     |.......|
2018/07/31 10:35:14 term 03 06 f6                 |...|
2018/07/31 10:35:14 tcp  47 49 00 17 a0 40 00 00  |GI...@..|
2018/07/31 10:35:14 tcp  00 00 00 00 00 00 00 00  |........|
2018/07/31 10:35:14 tcp  00 00 00 00 00 00 00 00  |........|
2018/07/31 10:35:14 tcp  00 00 00 00 00 00 00 00  |........|
2018/07/31 10:35:14 tcp  00 00 00 00 00 00 00 00  |........|
2018/07/31 10:35:14 tcp  00 00 00 00 00 00 00 00  |........|
2018/07/31 10:35:14 tcp  00 00 00 00 00 00 20 20  |......  |
2018/07/31 10:35:14 tcp  20 20 20 20 20 20 20 20  |        |
2018/07/31 10:35:14 tcp  20 20 20 20 20 20 78     |      x|
2018/07/31 10:35:14 term 03 06 f6                 |...|
2018/07/31 10:35:14 tcp  17 49 00 17 e0 10 20 20  |.I....  |
2018/07/31 10:35:14 tcp  20 20 20 20 20 20 ff ff  |      ..|
2018/07/31 10:35:14 tcp  ff ff ff ff ff ff a0     |.......|
2018/07/31 10:35:14 term 03 06 f6                 |...|
2018/07/31 10:35:14 tcp  0d 49 00 5a 28 06 ff ff  |.I.Z(...|
2018/07/31 10:35:14 tcp  ff ff ff ff 27           |....'|
2018/07/31 10:35:14 term 03 06 f6                 |...|
2018/07/31 10:35:14 tcp  47 49 00 5a 4f 40 00 00  |GI.ZO@..|
2018/07/31 10:35:14 tcp  00 00 00 00 00 00 00 00  |........|
2018/07/31 10:35:14 tcp  00 00 00 00 00 00 00 00  |........|
2018/07/31 10:35:14 tcp  00 00 00 00 00 00 00 00  |........|
2018/07/31 10:35:14 tcp  00 00 00 00 00 00 00 00  |........|
2018/07/31 10:35:14 tcp  00 00 00 00 00 00 00 00  |........|
2018/07/31 10:35:14 tcp  00 00 00 00 00 00 00 00  |........|
2018/07/31 10:35:14 tcp  00 00 00 00 00 00 00 00  |........|
2018/07/31 10:35:14 tcp  00 00 00 00 00 00 86     |.......|
2018/07/31 10:35:14 term 03 06 f6                 |...|
2018/07/31 10:35:14 tcp  47 49 00 5a 8f 40 31 30  |GI.Z.@10|
2018/07/31 10:35:14 tcp  30 30 31 00 00 00 31 30  |001...10|
2018/07/31 10:35:14 tcp  30 30 31 00 00 00 08 08  |001.....|
2018/07/31 10:35:14 tcp  00 00 00 00 00 00 00 00  |........|
2018/07/31 10:35:14 tcp  00 00 00 00 00 00 00 00  |........|
2018/07/31 10:35:14 tcp  00 00 00 00 00 00 00 00  |........|
2018/07/31 10:35:14 tcp  00 00 00 00 00 00 00 00  |........|
2018/07/31 10:35:14 tcp  00 00 00 00 00 00 00 00  |........|
2018/07/31 10:35:14 tcp  00 00 00 00 00 00 52     |......R|
2018/07/31 10:35:14 term 03 06 f6                 |...|
2018/07/31 10:35:14 tcp  1c 49 00 5a cf 15 00 00  |.I.Z....|
2018/07/31 10:35:14 tcp  00 00 00 00 00 00 00 00  |........|
2018/07/31 10:35:14 tcp  00 00 00 00 00 00 00 00  |........|
2018/07/31 10:35:14 tcp  00 00 00 5c              |...\|
2018/07/31 10:35:14 term 03 06 f6                 |...|
2018/07/31 10:35:14 tcp  47 49 00 19 d0 40 00 00  |GI...@..|
2018/07/31 10:35:14 tcp  00 00 00 00 00 00 00 00  |........|
2018/07/31 10:35:14 tcp  00 00 00 00 00 00 00 00  |........|
2018/07/31 10:35:14 tcp  00 00 00 00 00 00 00 00  |........|
2018/07/31 10:35:14 tcp  00 00 00 00 00 00 00 00  |........|
2018/07/31 10:35:14 tcp  00 00 00 00 00 00 00 00  |........|
2018/07/31 10:35:14 tcp  00 00 00 00 00 00 00 00  |........|
2018/07/31 10:35:14 tcp  00 00 00 00 00 00 00 00  |........|
2018/07/31 10:35:14 tcp  00 00 00 00 00 00 46     |......F|
2018/07/31 10:35:14 term 03 06 f6                 |...|
2018/07/31 10:35:14 tcp  47 49 00 1a 10 40 20 20  |GI...@  |
2018/07/31 10:35:14 tcp  20 20 20 20 20 20 20 20  |        |
2018/07/31 10:35:14 tcp  20 20 20 20 20 20 20 20  |        |
2018/07/31 10:35:14 tcp  20 20 20 20 20 20 20 20  |        |
2018/07/31 10:35:14 tcp  20 20 20 20 20 20 30 37  |      07|
2018/07/31 10:35:14 tcp  37 38 35 34 39 39 39 39  |78549999|
2018/07/31 10:35:14 tcp  33 00 00 00 00 00 30 37  |3.....07|
2018/07/31 10:35:14 tcp  38 36 30 39 38 30 34 38  |86098048|
2018/07/31 10:35:14 tcp  30 00 00 00 00 00 6d     |0.....m|
2018/07/31 10:35:14 term 03 06 f6                 |...|
2018/07/31 10:35:14 tcp  47 49 00 1a 50 40 00 00  |GI..P@..|
2018/07/31 10:35:14 tcp  00 00 00 00 00 00 00 00  |........|
2018/07/31 10:35:14 tcp  00 00 00 00 00 00 03 00  |........|
2018/07/31 10:35:14 tcp  00 00 00 20 20 ff ff ff  |...  ...|
2018/07/31 10:35:14 tcp  ff ff ff ff ff ff ff 7f  |........|
2018/07/31 10:35:14 tcp  ff ff ff ff ff ff ff ff  |........|
2018/07/31 10:35:14 tcp  ff ff ff ff ff ff 00 00  |........|
2018/07/31 10:35:14 tcp  00 00 00 00 00 00 00 00  |........|
2018/07/31 10:35:14 tcp  00 00 00 00 00 00 1b     |.......|
2018/07/31 10:35:14 term 03 06 f6                 |...|
2018/07/31 10:35:14 tcp  47 49 00 1a 90 40 00 00  |GI...@..|
2018/07/31 10:35:14 tcp  00 00 00 00 00 00 00 00  |........|
2018/07/31 10:35:14 tcp  00 00 00 00 00 00 00 00  |........|
2018/07/31 10:35:14 tcp  00 00 00 00 00 00 00 00  |........|
2018/07/31 10:35:14 tcp  00 00 00 00 00 00 00 00  |........|
2018/07/31 10:35:14 tcp  00 00 00 00 00 00 00 00  |........|
2018/07/31 10:35:14 tcp  00 00 00 00 00 00 00 00  |........|
2018/07/31 10:35:14 tcp  00 00 00 00 00 00 ff ff  |........|
2018/07/31 10:35:14 tcp  ff ff ff ff ff ff 8d     |.......|
2018/07/31 10:35:15 term 03 06 f6                 |...|
2018/07/31 10:35:15 tcp  47 49 00 1a d0 40 00 00  |GI...@..|
2018/07/31 10:35:15 tcp  00 00 00 00 00 00 00 00  |........|
2018/07/31 10:35:15 tcp  00 00 00 00 00 00 00 00  |........|
2018/07/31 10:35:15 tcp  00 00 00 00 00 00 00 00  |........|
2018/07/31 10:35:15 tcp  00 00 00 00 00 00 00 00  |........|
2018/07/31 10:35:15 tcp  00 00 00 00 00 00 00 00  |........|
2018/07/31 10:35:15 tcp  00 00 00 00 00 00 00 00  |........|
2018/07/31 10:35:15 tcp  00 00 00 00 00 00 00 00  |........|
2018/07/31 10:35:15 tcp  00 00 00 00 00 00 45     |......E|
2018/07/31 10:35:15 term 03 06 f6                 |...|
2018/07/31 10:35:15 tcp  47 49 00 1b 10 40 00 00  |GI...@..|
2018/07/31 10:35:15 tcp  00 00 00 00 00 00 03 1e  |........|
2018/07/31 10:35:15 tcp  00 ff ff ff ff ff 00 00  |........|
2018/07/31 10:35:15 tcp  00 00 00 00 00 00 00 00  |........|
2018/07/31 10:35:15 tcp  00 00 00 00 00 00 00 00  |........|
2018/07/31 10:35:15 tcp  00 00 00 00 00 00 00 00  |........|
2018/07/31 10:35:15 tcp  00 00 00 00 00 00 00 00  |........|
2018/07/31 10:35:15 tcp  00 00 00 00 00 00 00 00  |........|
2018/07/31 10:35:15 tcp  00 00 00 00 00 00 e8     |.......|
2018/07/31 10:35:15 term 03 06 f6                 |...|
2018/07/31 10:35:15 tcp  26 49 00 1b 50 1f 78 00  |&I..P.x.|
2018/07/31 10:35:15 tcp  00 00 08 00 78 00 b4 00  |....x...|
2018/07/31 10:35:15 tcp  3c 00 ff ff ff ff ff ff  |<.......|
2018/07/31 10:35:15 tcp  ff ff ff ff ff ff ff ff  |........|
2018/07/31 10:35:15 tcp  ff ff ff ff ff 31        |.....1|
2018/07/31 10:35:15 term 03 06 f6                 |...|
2018/07/31 10:35:15 tcp  47 49 00 0a 60 40 00 00  |GI..`@..|
2018/07/31 10:35:15 tcp  00 00 00 00 00 00 00 00  |........|
2018/07/31 10:35:15 tcp  00 00 00 00 00 00 00 00  |........|
2018/07/31 10:35:15 tcp  00 00 00 00 00 00 00 00  |........|
2018/07/31 10:35:15 tcp  00 00 00 00 00 00 ff ff  |........|
2018/07/31 10:35:15 tcp  ff ff ff ff ff ff ff ff  |........|
2018/07/31 10:35:15 tcp  ff ff ff ff ff ff 31 30  |......10|
2018/07/31 10:35:15 tcp  30 30 31 00 00 00 08 ff  |001.....|
2018/07/31 10:35:15 tcp  ff ff ff ff ff ff e2     |.......|
2018/07/31 10:35:15 term 03 06 f6                 |...|
2018/07/31 10:35:15 tcp  27 49 00 0a a0 20 00 00  |'I... ..|
2018/07/31 10:35:15 tcp  00 00 00 00 00 00 00 00  |........|
2018/07/31 10:35:15 tcp  00 00 00 00 00 00 00 00  |........|
2018/07/31 10:35:15 tcp  00 00 00 00 00 00 00 00  |........|
2018/07/31 10:35:15 tcp  00 00 00 00 00 00 c5     |.......|
2018/07/31 10:35:15 term 03 06 f6                 |...|
2018/07/31 10:35:15 tcp  47 49 00 52 c0 40 00 00  |GI.R.@..|
2018/07/31 10:35:15 tcp  00 00 00 00 00 00 00 00  |........|
2018/07/31 10:35:15 tcp  00 00 00 00 00 00 00 00  |........|
2018/07/31 10:35:15 tcp  00 00 00 00 00 00 00 00  |........|
2018/07/31 10:35:15 tcp  00 00 00 00 20 20 00 00  |....  ..|
2018/07/31 10:35:15 tcp  00 00 00 00 00 00 00 00  |........|
2018/07/31 10:35:15 tcp  00 00 00 00 00 00 00 00  |........|
2018/07/31 10:35:15 tcp  00 00 00 00 00 00 00 00  |........|
2018/07/31 10:35:15 tcp  00 00 00 00 00 00 dd     |.......|
2018/07/31 10:35:15 term 03 06 f6                 |...|
2018/07/31 10:35:15 tcp  27 49 00 53 00 20 00 00  |'I.S. ..|
2018/07/31 10:35:15 tcp  00 00 00 00 00 00 00 00  |........|
2018/07/31 10:35:15 tcp  00 00 00 00 00 00 00 00  |........|
2018/07/31 10:35:15 tcp  00 00 00 00 00 00 00 00  |........|
2018/07/31 10:35:15 tcp  00 00 00 00 00 00 1c     |.......|
2018/07/31 10:35:15 term 03 06 f6                 |...|
2018/07/31 10:35:15 tcp  08 49 00 5a 4e 01 00 05  |.I.ZN...|
2018/07/31 10:35:15 term 03 06 f6                 |...|
2018/07/31 10:35:15 tcp  47 49 00 5c 65 40 20 20  |GI.\e@  |
2018/07/31 10:35:15 tcp  20 20 20 20 20 20 20 20  |        |
2018/07/31 10:35:15 tcp  20 20 20 20 20 20 20 20  |        |
2018/07/31 10:35:15 tcp  20 20 20 20 20 20 20 20  |        |
2018/07/31 10:35:15 tcp  20 20 20 20 20 20 20 20  |        |
2018/07/31 10:35:15 tcp  20 20 20 20 20 20 20 20  |        |
2018/07/31 10:35:15 tcp  20 20 20 20 20 20 20 20  |        |
2018/07/31 10:35:15 tcp  20 20 20 20 20 20 20 20  |        |
2018/07/31 10:35:15 tcp  20 20 20 20 20 20 6e     |      n|
2018/07/31 10:35:15 term 03 06 f6                 |...|
2018/07/31 10:35:15 tcp  47 49 00 5c a5 40 00 00  |GI.\.@..|
2018/07/31 10:35:15 tcp  03 03 ff ff ff ff 08 08  |........|
2018/07/31 10:35:15 tcp  03 00 03 00 00 00 77 77  |......ww|
2018/07/31 10:35:15 tcp  20 20 20 20 20 20 20 20  |        |
2018/07/31 10:35:15 tcp  20 20 20 20 20 20 20 20  |        |
2018/07/31 10:35:15 tcp  20 20 20 20 20 20 20 20  |        |
2018/07/31 10:35:15 tcp  20 20 20 20 20 20 20 20  |        |
2018/07/31 10:35:15 tcp  20 20 20 20 20 20 20 20  |        |
2018/07/31 10:35:15 tcp  20 20 20 20 20 20 68     |      h|
2018/07/31 10:35:16 term 03 06 f6                 |...|
2018/07/31 10:35:16 tcp  0f 49 00 5c e5 08 20 20  |.I.\..  |
2018/07/31 10:35:16 tcp  00 00 ff ff ff ff 22     |......"|
2018/07/31 10:35:16 term 03 06 f6                 |...|
2018/07/31 10:35:16 tcp  08 49 00 5d 14 01 00 3c  |.I.]...<|
2018/07/31 10:35:16 term 03 06 f6                 |...|
2018/07/31 10:35:18 tcp  08 42 64 09 01 01 00 46  |.Bd....F|
2018/07/31 10:35:19 term 03 06 f6                 |...|
2018/07/31 10:35:19 tcp  03 48 b4                 |.H.|
2018/07/31 10:35:19 term 03 06 f6                 |...|
2018/07/31 10:35:20 CLOSE (tcp read close)
