2018/07/31 08:35:36 OPEN (::ffff:192.168.1.228:63357)
2018/07/31 08:35:38 tcp  03 5a a2                 |.Z.|
2018/07/31 08:35:38 term 0b 5a 05 01 00 07 09 04  |.Z......|
2018/07/31 08:35:38 term 07 01 78                 |..x|
2018/07/31 08:35:38 tcp  0b 5a 31 32 33 34 35 36  |.Z123456|
2018/07/31 08:35:38 tcp  37 38 f6                 |78.|
2018/07/31 08:35:38 term 17 5a 45 6c 69 74 65 20  |.ZElite |
2018/07/31 08:35:38 term 32 34 20 20 20 20 56 34  |24    V4|
2018/07/31 08:35:38 term 2e 30 32 2e 30 31 ec     |.02.01.|
2018/07/31 08:35:38 tcp  07 4f 00 64 9b 10 9a     |.O.d...|
2018/07/31 08:35:38 term 17 49 00 64 9b 10 2f fc  |.I.d../.|
2018/07/31 08:35:38 term 56 50 85 90 48 44 76 11  |VP..HDv.|
2018/07/31 08:35:38 term 43 39 ce c4 19 76 fa     |C9...v.|
2018/07/31 08:35:38 tcp  07 4f 00 5d 04 10 38     |.O.]..8|
2018/07/31 08:35:38 term 17 49 00 5d 04 10 54 01  |.I.]..T.|
2018/07/31 08:35:38 term 07 94 71 b6 49 17 a5 1b  |..q.I...|
2018/07/31 08:35:38 term 32 5a 96 f9 6e 49 25     |2Z..nI%|
2018/07/31 08:35:38 tcp  07 4f 00 16 78 01 1a     |.O..x..|
2018/07/31 08:35:38 term 08 49 00 16 78 01 06 19  |.I..x...|
2018/07/31 08:35:38 tcp  07 4f 00 1f ca 07 b9     |.O.....|
2018/07/31 08:35:38 term 0e 49 00 1f ca 07 01 00  |.I......|
2018/07/31 08:35:38 term 00 00 ff ff 2c 8d        |....,.|
2018/07/31 08:35:38 tcp  07 4f 00 16 7e 01 14     |.O..~..|
2018/07/31 08:35:38 term 08 49 00 16 7e 01 00 19  |.I..~...|
2018/07/31 08:35:38 tcp  07 4f 00 5c 55 02 f6     |.O.\U..|
2018/07/31 08:35:38 term 09 49 00 5c 55 02 28 c0  |.I.\U.(.|
2018/07/31 08:35:38 term 12                       |.|
2018/07/31 08:35:38 tcp  07 4f 00 5c 57 02 f4     |.O.\W..|
2018/07/31 08:35:38 term 09 49 00 5c 57 02 32 91  |.I.\W.2.|
2018/07/31 08:35:38 term 35                       |5|
2018/07/31 08:35:48 tcp  03 50 ac                 |.P.|
2018/07/31 08:35:48 term 05 50 ff ff ac           |.P...|
2018/07/31 08:35:50 tcp  07 4f 00 0e 50 40 0b     |.O..P@.|
2018/07/31 08:35:50 term 47 49 00 0e 50 40 20 20  |GI..P@  |
2018/07/31 08:35:50 term 20 20 20 20 20 20 20 20  |        |
2018/07/31 08:35:50 term 20 20 20 20 20 20 20 20  |        |
2018/07/31 08:35:50 term 20 20 20 20 20 20 20 20  |        |
2018/07/31 08:35:50 term 20 20 20 20 20 20 20 20  |        |
2018/07/31 08:35:50 term 20 20 20 20 20 20 20 20  |        |
2018/07/31 08:35:50 term 20 20 20 20 20 20 20 20  |        |
2018/07/31 08:35:50 term 20 20 20 20 20 20 20 20  |        |
2018/07/31 08:35:50 term 20 20 20 20 20 20 d1     |      .|
2018/07/31 08:35:50 tcp  07 4f 00 0e 90 40 cb     |.O...@.|
2018/07/31 08:35:50 term 47 49 00 0e 90 40 20 20  |GI...@  |
2018/07/31 08:35:50 term 20 20 20 20 20 20 20 20  |        |
2018/07/31 08:35:50 term 20 20 20 20 20 20 20 20  |        |
2018/07/31 08:35:50 term 20 20 20 20 20 20 20 20  |        |
2018/07/31 08:35:50 term 20 20 20 20 20 20 20 20  |        |
2018/07/31 08:35:50 term 20 20 20 20 20 20 20 20  |        |
2018/07/31 08:35:50 term 20 20 20 20 20 20 20 20  |        |
2018/07/31 08:35:50 term 20 20 20 20 20 20 20 20  |        |
2018/07/31 08:35:50 term 20 20 20 20 20 20 91     |      .|
2018/07/31 08:35:50 tcp  07 4f 00 0e d0 40 8b     |.O...@.|
2018/07/31 08:35:50 term 47 49 00 0e d0 40 20 20  |GI...@  |
2018/07/31 08:35:50 term 20 20 20 20 20 20 20 20  |        |
2018/07/31 08:35:50 term 20 20 20 20 20 20 20 20  |        |
2018/07/31 08:35:50 term 20 20 20 20 20 20 20 20  |        |
2018/07/31 08:35:50 term 20 20 20 20 20 20 20 20  |        |
2018/07/31 08:35:50 term 20 20 20 20 20 20 20 20  |        |
2018/07/31 08:35:50 term 20 20 20 20 20 20 20 20  |        |
2018/07/31 08:35:50 term 20 20 20 20 20 20 20 20  |        |
2018/07/31 08:35:50 term 20 20 20 20 20 20 51     |      Q|
2018/07/31 08:35:50 tcp  07 4f 00 0f 10 40 4a     |.O...@J|
2018/07/31 08:35:50 term 47 49 00 0f 10 40 20 20  |GI...@  |
2018/07/31 08:35:50 term 20 20 20 20 20 20 20 20  |        |
2018/07/31 08:35:50 term 20 20 20 20 20 20 20 20  |        |
2018/07/31 08:35:50 term 20 20 20 20 20 20 20 20  |        |
2018/07/31 08:35:50 term 20 20 20 20 20 20 20 20  |        |
2018/07/31 08:35:50 term 20 20 20 20 20 20 20 20  |        |
2018/07/31 08:35:50 term 20 20 20 20 20 20 20 20  |        |
2018/07/31 08:35:50 term 20 20 20 20 20 20 20 20  |        |
2018/07/31 08:35:50 term 20 20 20 20 20 20 10     |      .|
2018/07/31 08:35:50 tcp  07 4f 00 0f 50 40 0a     |.O..P@.|
2018/07/31 08:35:50 term 47 49 00 0f 50 40 01 00  |GI..P@..|
2018/07/31 08:35:50 term 01 00 01 00 01 00 01 00  |........|
2018/07/31 08:35:50 term 01 00 01 00 01 00 01 00  |........|
2018/07/31 08:35:50 term 01 00 01 00 01 00 01 00  |........|
2018/07/31 08:35:50 term 01 00 01 00 01 00 00 00  |........|
2018/07/31 08:35:50 term 00 00 00 00 00 00 00 00  |........|
2018/07/31 08:35:50 term 00 00 00 00 00 00 7f 7f  |........|
2018/07/31 08:35:50 term 7f 7f 7f 7f 7f 7f 7f 7f  |........|
2018/07/31 08:35:50 term 7f 7f 7f 7f 7f 7f d0     |.......|
2018/07/31 08:35:50 tcp  07 4f 00 0f 90 10 fa     |.O.....|
2018/07/31 08:35:50 term 17 49 00 0f 90 10 03 03  |.I......|
2018/07/31 08:35:50 term 03 03 03 03 03 03 03 03  |........|
2018/07/31 08:35:50 term 03 03 03 03 03 03 c0     |.......|
2018/07/31 08:35:50 tcp  07 4f 00 1a 80 40 cf     |.O...@.|
2018/07/31 08:35:50 term 47 49 00 1a 80 40 00 00  |GI...@..|
2018/07/31 08:35:50 term 00 00 00 00 00 00 00 00  |........|
2018/07/31 08:35:50 term 00 00 00 00 00 00 00 00  |........|
2018/07/31 08:35:50 term 00 00 00 00 00 00 00 00  |........|
2018/07/31 08:35:50 term 00 00 00 00 00 00 00 00  |........|
2018/07/31 08:35:50 term 00 00 00 00 00 00 00 00  |........|
2018/07/31 08:35:50 term 00 00 00 00 00 00 00 00  |........|
2018/07/31 08:35:50 term 00 00 00 00 00 00 00 00  |........|
2018/07/31 08:35:50 term 00 00 00 00 00 00 95     |.......|
2018/07/31 08:35:50 tcp  07 4f 00 1a c0 40 8f     |.O...@.|
2018/07/31 08:35:50 term 47 49 00 1a c0 40 00 00  |GI...@..|
2018/07/31 08:35:50 term 00 00 00 00 00 00 ff ff  |........|
2018/07/31 08:35:50 term ff ff ff ff ff ff 00 00  |........|
2018/07/31 08:35:50 term 00 00 00 00 00 00 00 00  |........|
2018/07/31 08:35:50 term 00 00 00 00 00 00 00 00  |........|
2018/07/31 08:35:50 term 00 00 00 00 00 00 00 00  |........|
2018/07/31 08:35:50 term 00 00 00 00 00 00 00 00  |........|
2018/07/31 08:35:50 term 00 00 00 00 00 00 00 00  |........|
2018/07/31 08:35:50 term 00 00 00 00 00 00 5d     |......]|
2018/07/31 08:35:50 tcp  07 4f 00 1b 00 40 4e     |.O...@N|
2018/07/31 08:35:50 term 47 49 00 1b 00 40 00 00  |GI...@..|
2018/07/31 08:35:50 term 00 00 00 00 00 00 00 00  |........|
2018/07/31 08:35:50 term 00 00 00 00 00 00 00 00  |........|
2018/07/31 08:35:50 term 00 00 00 00 00 00 03 1e  |........|
2018/07/31 08:35:50 term 00 ff ff ff ff ff 00 00  |........|
2018/07/31 08:35:50 term 00 00 00 00 00 00 00 00  |........|
2018/07/31 08:35:50 term 00 00 00 00 00 00 00 00  |........|
2018/07/31 08:35:50 term 00 00 00 00 00 00 00 00  |........|
2018/07/31 08:35:50 term 00 00 00 00 00 00 f8     |.......|
2018/07/31 08:35:50 tcp  07 4f 00 1b 40 30 1e     |.O..@0.|
2018/07/31 08:35:50 term 37 49 00 1b 40 30 00 00  |7I..@0..|
2018/07/31 08:35:51 term 00 00 00 00 00 00 00 00  |........|
2018/07/31 08:35:51 term 00 00 00 00 00 00 78 00  |......x.|
2018/07/31 08:35:51 term 00 00 08 00 78 00 b4 00  |....x...|
2018/07/31 08:35:51 term 3c 00 ff ff ff ff ff ff  |<.......|
2018/07/31 08:35:51 term ff ff ff ff ff ff ff ff  |........|
2018/07/31 08:35:51 term ff ff ff ff ff ff 20     |...... |
2018/07/31 08:35:51 tcp  07 4f 00 09 c0 40 a0     |.O...@.|
2018/07/31 08:35:51 term 47 49 00 09 c0 40 00 00  |GI...@..|
2018/07/31 08:35:51 term 00 00 00 00 00 00 00 00  |........|
2018/07/31 08:35:51 term 00 00 00 00 00 00 00 00  |........|
2018/07/31 08:35:51 term 00 00 00 00 00 00 00 00  |........|
2018/07/31 08:35:51 term 00 00 00 00 00 00 ff ff  |........|
2018/07/31 08:35:51 term ff ff ff ff ff ff ff ff  |........|
2018/07/31 08:35:51 term ff ff ff ff ff ff ff ff  |........|
2018/07/31 08:35:51 term ff ff ff ff ff ff ff ff  |........|
2018/07/31 08:35:51 term ff ff ff ff ff ff 86     |.......|
2018/07/31 08:35:51 tcp  07 4f 00 0a 00 40 5f     |.O...@_|
2018/07/31 08:35:51 term 47 49 00 0a 00 40 ff ff  |GI...@..|
2018/07/31 08:35:51 term ff ff ff ff ff ff ff ff  |........|
2018/07/31 08:35:51 term ff ff ff ff ff ff ff ff  |........|
2018/07/31 08:35:51 term ff ff ff ff ff ff ff ff  |........|
2018/07/31 08:35:51 term ff ff ff ff ff ff ff ff  |........|
2018/07/31 08:35:51 term ff ff ff ff ff ff ff ff  |........|
2018/07/31 08:35:51 term ff ff ff ff ff ff ff ff  |........|
2018/07/31 08:35:51 term ff ff ff ff ff ff ff ff  |........|
2018/07/31 08:35:51 term ff ff ff ff ff ff 65     |......e|
2018/07/31 08:35:51 tcp  07 4f 00 0a 40 20 3f     |.O..@ ?|
2018/07/31 08:35:51 term 27 49 00 0a 40 20 ff ff  |'I..@ ..|
2018/07/31 08:35:51 term ff ff ff ff ff ff ff ff  |........|
2018/07/31 08:35:51 term ff ff ff ff ff ff ff ff  |........|
2018/07/31 08:35:51 term ff ff ff ff ff ff ff ff  |........|
2018/07/31 08:35:51 term ff ff ff ff ff ff 45     |......E|
2018/07/31 08:35:51 tcp  07 4f 00 09 68 30 08     |.O..h0.|
2018/07/31 08:35:51 term 37 49 00 09 68 30 00 00  |7I..h0..|
2018/07/31 08:35:51 term 00 00 00 00 00 00 00 00  |........|
2018/07/31 08:35:51 term 00 00 00 00 00 00 00 00  |........|
2018/07/31 08:35:51 term 00 00 00 00 00 00 00 00  |........|
2018/07/31 08:35:51 term 00 00 00 00 00 00 00 00  |........|
2018/07/31 08:35:51 term 00 00 00 00 00 00 00 00  |........|
2018/07/31 08:35:51 term 00 00 00 00 00 00 de     |.......|
2018/07/31 08:36:01 tcp  03 50 ac                 |.P.|
2018/07/31 08:36:01 term 05 50 ff ff ac           |.P...|
2018/07/31 08:36:11 tcp  03 50 ac                 |.P.|
2018/07/31 08:36:11 term 05 50 ff ff ac           |.P...|
2018/07/31 08:36:17 tcp  47 49 00 0e 50 40 62 61  |GI..P@ba|
2018/07/31 08:36:17 tcp  63 6b 20 61 74 74 69 63  |ck attic|
2018/07/31 08:36:17 tcp  00 00 00 00 00 00 67 61  |......ga|
2018/07/31 08:36:17 tcp  72 61 67 65 00 00 00 00  |rage....|
2018/07/31 08:36:17 tcp  00 00 00 00 00 00 20 20  |......  |
2018/07/31 08:36:17 tcp  20 20 20 20 20 20 20 20  |        |
2018/07/31 08:36:17 tcp  20 20 20 20 20 20 20 20  |        |
2018/07/31 08:36:17 tcp  20 20 20 20 20 20 20 20  |        |
2018/07/31 08:36:17 tcp  20 20 20 20 20 20 a4     |      .|
2018/07/31 08:36:17 term 03 06 f6                 |...|
2018/07/31 08:36:17 tcp  47 49 00 0e 90 40 20 20  |GI...@  |
2018/07/31 08:36:17 tcp  20 20 20 20 20 20 20 20  |        |
2018/07/31 08:36:17 tcp  20 20 20 20 20 20 20 20  |        |
2018/07/31 08:36:17 tcp  20 20 20 20 20 20 20 20  |        |
2018/07/31 08:36:17 tcp  20 20 20 20 20 20 20 20  |        |
2018/07/31 08:36:17 tcp  20 20 20 20 20 20 20 20  |        |
2018/07/31 08:36:17 tcp  20 20 20 20 20 20 20 20  |        |
2018/07/31 08:36:17 tcp  20 20 20 20 20 20 20 20  |        |
2018/07/31 08:36:17 tcp  20 20 20 20 20 20 91     |      .|
2018/07/31 08:36:17 term 03 06 f6                 |...|
2018/07/31 08:36:17 tcp  47 49 00 0e d0 40 20 20  |GI...@  |
2018/07/31 08:36:17 tcp  20 20 20 20 20 20 20 20  |        |
2018/07/31 08:36:17 tcp  20 20 20 20 20 20 20 20  |        |
2018/07/31 08:36:17 tcp  20 20 20 20 20 20 20 20  |        |
2018/07/31 08:36:17 tcp  20 20 20 20 20 20 20 20  |        |
2018/07/31 08:36:17 tcp  20 20 20 20 20 20 20 20  |        |
2018/07/31 08:36:17 tcp  20 20 20 20 20 20 20 20  |        |
2018/07/31 08:36:17 tcp  20 20 20 20 20 20 20 20  |        |
2018/07/31 08:36:17 tcp  20 20 20 20 20 20 51     |      Q|
2018/07/31 08:36:17 term 03 06 f6                 |...|
2018/07/31 08:36:17 tcp  47 49 00 0f 10 40 20 20  |GI...@  |
2018/07/31 08:36:17 tcp  20 20 20 20 20 20 20 20  |        |
2018/07/31 08:36:17 tcp  20 20 20 20 20 20 20 20  |        |
2018/07/31 08:36:17 tcp  20 20 20 20 20 20 20 20  |        |
2018/07/31 08:36:17 tcp  20 20 20 20 20 20 20 20  |        |
2018/07/31 08:36:17 tcp  20 20 20 20 20 20 20 20  |        |
2018/07/31 08:36:17 tcp  20 20 20 20 20 20 20 20  |        |
2018/07/31 08:36:17 tcp  20 20 20 20 20 20 20 20  |        |
2018/07/31 08:36:17 tcp  20 20 20 20 20 20 10     |      .|
2018/07/31 08:36:17 term 03 06 f6                 |...|
2018/07/31 08:36:17 tcp  47 49 00 0f 50 40 01 00  |GI..P@..|
2018/07/31 08:36:17 tcp  01 00 01 00 01 00 01 00  |........|
2018/07/31 08:36:17 tcp  01 00 01 00 01 00 01 00  |........|
2018/07/31 08:36:17 tcp  01 00 01 00 01 00 01 00  |........|
2018/07/31 08:36:17 tcp  01 00 01 00 01 00 00 00  |........|
2018/07/31 08:36:17 tcp  00 00 00 00 00 00 00 00  |........|
2018/07/31 08:36:17 tcp  00 00 00 00 00 00 7f 7f  |........|
2018/07/31 08:36:17 tcp  7f 7f 7f 7f 7f 7f 7f 7f  |........|
2018/07/31 08:36:17 tcp  7f 7f 7f 7f 7f 7f d0     |.......|
2018/07/31 08:36:18 term 03 06 f6                 |...|
2018/07/31 08:36:18 tcp  17 49 00 0f 90 10 03 03  |.I......|
2018/07/31 08:36:18 tcp  03 03 03 03 03 03 03 03  |........|
2018/07/31 08:36:18 tcp  03 03 03 03 03 03 c0     |.......|
2018/07/31 08:36:18 term 03 06 f6                 |...|
2018/07/31 08:36:18 tcp  47 49 00 1a 80 40 00 00  |GI...@..|
2018/07/31 08:36:18 tcp  00 00 00 00 00 00 00 00  |........|
2018/07/31 08:36:18 tcp  00 00 00 00 00 00 00 00  |........|
2018/07/31 08:36:18 tcp  00 00 00 00 00 00 00 00  |........|
2018/07/31 08:36:18 tcp  00 00 00 00 00 00 00 00  |........|
2018/07/31 08:36:18 tcp  00 00 00 00 00 00 00 00  |........|
2018/07/31 08:36:18 tcp  00 00 00 00 00 00 00 00  |........|
2018/07/31 08:36:18 tcp  00 00 00 00 00 00 00 00  |........|
2018/07/31 08:36:18 tcp  00 00 00 00 00 00 95     |.......|
2018/07/31 08:36:18 term 03 06 f6                 |...|
2018/07/31 08:36:18 tcp  47 49 00 1a c0 40 00 00  |GI...@..|
2018/07/31 08:36:18 tcp  00 00 00 00 00 00 ff ff  |........|
2018/07/31 08:36:18 tcp  ff ff ff ff ff ff 00 00  |........|
2018/07/31 08:36:18 tcp  00 00 00 00 00 00 00 00  |........|
2018/07/31 08:36:18 tcp  00 00 00 00 00 00 00 00  |........|
2018/07/31 08:36:18 tcp  00 00 00 00 00 00 00 00  |........|
2018/07/31 08:36:18 tcp  00 00 00 00 00 00 00 00  |........|
2018/07/31 08:36:18 tcp  00 00 00 00 00 00 00 00  |........|
2018/07/31 08:36:18 tcp  00 00 00 00 00 00 5d     |......]|
2018/07/31 08:36:18 term 03 06 f6                 |...|
2018/07/31 08:36:18 tcp  47 49 00 1b 00 40 00 00  |GI...@..|
2018/07/31 08:36:18 tcp  00 00 00 00 00 00 00 00  |........|
2018/07/31 08:36:18 tcp  00 00 00 00 00 00 00 00  |........|
2018/07/31 08:36:18 tcp  00 00 00 00 00 00 03 1e  |........|
2018/07/31 08:36:18 tcp  00 ff ff ff ff ff 00 00  |........|
2018/07/31 08:36:18 tcp  00 00 00 00 00 00 00 00  |........|
2018/07/31 08:36:18 tcp  00 00 00 00 00 00 00 00  |........|
2018/07/31 08:36:18 tcp  00 00 00 00 00 00 00 00  |........|
2018/07/31 08:36:18 tcp  00 00 00 00 00 00 f8     |.......|
2018/07/31 08:36:18 term 03 06 f6                 |...|
2018/07/31 08:36:18 tcp  37 49 00 1b 40 30 00 00  |7I..@0..|
2018/07/31 08:36:18 tcp  00 00 00 00 00 00 00 00  |........|
2018/07/31 08:36:18 tcp  00 00 00 00 00 00 78 00  |......x.|
2018/07/31 08:36:18 tcp  00 00 08 00 78 00 b4 00  |....x...|
2018/07/31 08:36:18 tcp  3c 00 ff ff ff ff ff ff  |<.......|
2018/07/31 08:36:18 tcp  ff ff ff ff ff ff ff ff  |........|
2018/07/31 08:36:18 tcp  ff ff ff ff ff ff 20     |...... |
2018/07/31 08:36:18 term 03 06 f6                 |...|
2018/07/31 08:36:18 tcp  47 49 00 09 c0 40 00 00  |GI...@..|
2018/07/31 08:36:18 tcp  00 00 00 00 00 00 00 00  |........|
2018/07/31 08:36:18 tcp  00 00 00 00 00 00 00 00  |........|
2018/07/31 08:36:18 tcp  00 00 00 00 00 00 00 00  |........|
2018/07/31 08:36:18 tcp  00 00 00 00 00 00 ff ff  |........|
2018/07/31 08:36:18 tcp  ff ff ff ff ff ff ff ff  |........|
2018/07/31 08:36:18 tcp  ff ff ff ff ff ff ff ff  |........|
2018/07/31 08:36:18 tcp  ff ff ff ff ff ff ff ff  |........|
2018/07/31 08:36:18 tcp  ff ff ff ff ff ff 86     |.......|
2018/07/31 08:36:18 term 03 06 f6                 |...|
2018/07/31 08:36:18 tcp  47 49 00 0a 00 40 ff ff  |GI...@..|
2018/07/31 08:36:18 tcp  ff ff ff ff ff ff ff ff  |........|
2018/07/31 08:36:18 tcp  ff ff ff ff ff ff ff ff  |........|
2018/07/31 08:36:18 tcp  ff ff ff ff ff ff ff ff  |........|
2018/07/31 08:36:18 tcp  ff ff ff ff ff ff ff ff  |........|
2018/07/31 08:36:18 tcp  ff ff ff ff ff ff ff ff  |........|
2018/07/31 08:36:18 tcp  ff ff ff ff ff ff ff ff  |........|
2018/07/31 08:36:18 tcp  ff ff ff ff ff ff ff ff  |........|
2018/07/31 08:36:18 tcp  ff ff ff ff ff ff 65     |......e|
2018/07/31 08:36:18 term 03 06 f6                 |...|
2018/07/31 08:36:18 tcp  27 49 00 0a 40 20 ff ff  |'I..@ ..|
2018/07/31 08:36:18 tcp  ff ff ff ff ff ff ff ff  |........|
2018/07/31 08:36:18 tcp  ff ff ff ff ff ff ff ff  |........|
2018/07/31 08:36:18 tcp  ff ff ff ff ff ff ff ff  |........|
2018/07/31 08:36:18 tcp  ff ff ff ff ff ff 45     |......E|
2018/07/31 08:36:18 term 03 06 f6                 |...|
2018/07/31 08:36:21 tcp  07 4f 00 0e 50 40 0b     |.O..P@.|
2018/07/31 08:36:21 term 47 49 00 0e 50 40 62 61  |GI..P@ba|
2018/07/31 08:36:21 term 63 6b 20 61 74 74 69 63  |ck attic|
2018/07/31 08:36:21 term 00 00 00 00 00 00 67 61  |......ga|
2018/07/31 08:36:21 term 72 61 67 65 00 00 00 00  |rage....|
2018/07/31 08:36:21 term 00 00 00 00 00 00 20 20  |......  |
2018/07/31 08:36:21 term 20 20 20 20 20 20 20 20  |        |
2018/07/31 08:36:21 term 20 20 20 20 20 20 20 20  |        |
2018/07/31 08:36:21 term 20 20 20 20 20 20 20 20  |        |
2018/07/31 08:36:21 term 20 20 20 20 20 20 a4     |      .|
2018/07/31 08:36:21 tcp  07 4f 00 0e 90 40 cb     |.O...@.|
2018/07/31 08:36:22 term 47 49 00 0e 90 40 20 20  |GI...@  |
2018/07/31 08:36:22 term 20 20 20 20 20 20 20 20  |        |
2018/07/31 08:36:22 term 20 20 20 20 20 20 20 20  |        |
2018/07/31 08:36:22 term 20 20 20 20 20 20 20 20  |        |
2018/07/31 08:36:22 term 20 20 20 20 20 20 20 20  |        |
2018/07/31 08:36:22 term 20 20 20 20 20 20 20 20  |        |
2018/07/31 08:36:22 term 20 20 20 20 20 20 20 20  |        |
2018/07/31 08:36:22 term 20 20 20 20 20 20 20 20  |        |
2018/07/31 08:36:22 term 20 20 20 20 20 20 91     |      .|
2018/07/31 08:36:22 tcp  07 4f 00 0e d0 40 8b     |.O...@.|
2018/07/31 08:36:22 term 47 49 00 0e d0 40 20 20  |GI...@  |
2018/07/31 08:36:22 term 20 20 20 20 20 20 20 20  |        |
2018/07/31 08:36:22 term 20 20 20 20 20 20 20 20  |        |
2018/07/31 08:36:22 term 20 20 20 20 20 20 20 20  |        |
2018/07/31 08:36:22 term 20 20 20 20 20 20 20 20  |        |
2018/07/31 08:36:22 term 20 20 20 20 20 20 20 20  |        |
2018/07/31 08:36:22 term 20 20 20 20 20 20 20 20  |        |
2018/07/31 08:36:22 term 20 20 20 20 20 20 20 20  |        |
2018/07/31 08:36:22 term 20 20 20 20 20 20 51     |      Q|
2018/07/31 08:36:22 tcp  07 4f 00 0f 10 40 4a     |.O...@J|
2018/07/31 08:36:22 term 47 49 00 0f 10 40 20 20  |GI...@  |
2018/07/31 08:36:22 term 20 20 20 20 20 20 20 20  |        |
2018/07/31 08:36:22 term 20 20 20 20 20 20 20 20  |        |
2018/07/31 08:36:22 term 20 20 20 20 20 20 20 20  |        |
2018/07/31 08:36:22 term 20 20 20 20 20 20 20 20  |        |
2018/07/31 08:36:22 term 20 20 20 20 20 20 20 20  |        |
2018/07/31 08:36:22 term 20 20 20 20 20 20 20 20  |        |
2018/07/31 08:36:22 term 20 20 20 20 20 20 20 20  |        |
2018/07/31 08:36:22 term 20 20 20 20 20 20 10     |      .|
2018/07/31 08:36:22 tcp  07 4f 00 0f 50 40 0a     |.O..P@.|
2018/07/31 08:36:22 term 47 49 00 0f 50 40 01 00  |GI..P@..|
2018/07/31 08:36:22 term 01 00 01 00 01 00 01 00  |........|
2018/07/31 08:36:22 term 01 00 01 00 01 00 01 00  |........|
2018/07/31 08:36:22 term 01 00 01 00 01 00 01 00  |........|
2018/07/31 08:36:22 term 01 00 01 00 01 00 00 00  |........|
2018/07/31 08:36:22 term 00 00 00 00 00 00 00 00  |........|
2018/07/31 08:36:22 term 00 00 00 00 00 00 7f 7f  |........|
2018/07/31 08:36:22 term 7f 7f 7f 7f 7f 7f 7f 7f  |........|
2018/07/31 08:36:22 term 7f 7f 7f 7f 7f 7f d0     |.......|
2018/07/31 08:36:22 tcp  07 4f 00 0f 90 10 fa     |.O.....|
2018/07/31 08:36:22 term 17 49 00 0f 90 10 03 03  |.I......|
2018/07/31 08:36:22 term 03 03 03 03 03 03 03 03  |........|
2018/07/31 08:36:22 term 03 03 03 03 03 03 c0     |.......|
2018/07/31 08:36:22 tcp  07 4f 00 1a 80 40 cf     |.O...@.|
2018/07/31 08:36:22 term 47 49 00 1a 80 40 00 00  |GI...@..|
2018/07/31 08:36:22 term 00 00 00 00 00 00 00 00  |........|
2018/07/31 08:36:22 term 00 00 00 00 00 00 00 00  |........|
2018/07/31 08:36:22 term 00 00 00 00 00 00 00 00  |........|
2018/07/31 08:36:22 term 00 00 00 00 00 00 00 00  |........|
2018/07/31 08:36:22 term 00 00 00 00 00 00 00 00  |........|
2018/07/31 08:36:22 term 00 00 00 00 00 00 00 00  |........|
2018/07/31 08:36:22 term 00 00 00 00 00 00 00 00  |........|
2018/07/31 08:36:22 term 00 00 00 00 00 00 95     |.......|
2018/07/31 08:36:22 tcp  07 4f 00 1a c0 40 8f     |.O...@.|
2018/07/31 08:36:22 term 47 49 00 1a c0 40 00 00  |GI...@..|
2018/07/31 08:36:22 term 00 00 00 00 00 00 ff ff  |........|
2018/07/31 08:36:22 term ff ff ff ff ff ff 00 00  |........|
2018/07/31 08:36:22 term 00 00 00 00 00 00 00 00  |........|
2018/07/31 08:36:22 term 00 00 00 00 00 00 00 00  |........|
2018/07/31 08:36:22 term 00 00 00 00 00 00 00 00  |........|
2018/07/31 08:36:22 term 00 00 00 00 00 00 00 00  |........|
2018/07/31 08:36:22 term 00 00 00 00 00 00 00 00  |........|
2018/07/31 08:36:22 term 00 00 00 00 00 00 5d     |......]|
2018/07/31 08:36:22 tcp  07 4f 00 1b 00 40 4e     |.O...@N|
2018/07/31 08:36:22 term 47 49 00 1b 00 40 00 00  |GI...@..|
2018/07/31 08:36:22 term 00 00 00 00 00 00 00 00  |........|
2018/07/31 08:36:22 term 00 00 00 00 00 00 00 00  |........|
2018/07/31 08:36:22 term 00 00 00 00 00 00 03 1e  |........|
2018/07/31 08:36:22 term 00 ff ff ff ff ff 00 00  |........|
2018/07/31 08:36:22 term 00 00 00 00 00 00 00 00  |........|
2018/07/31 08:36:22 term 00 00 00 00 00 00 00 00  |........|
2018/07/31 08:36:22 term 00 00 00 00 00 00 00 00  |........|
2018/07/31 08:36:22 term 00 00 00 00 00 00 f8     |.......|
2018/07/31 08:36:22 tcp  07 4f 00 1b 40 30 1e     |.O..@0.|
2018/07/31 08:36:22 term 37 49 00 1b 40 30 00 00  |7I..@0..|
2018/07/31 08:36:22 term 00 00 00 00 00 00 00 00  |........|
2018/07/31 08:36:22 term 00 00 00 00 00 00 78 00  |......x.|
2018/07/31 08:36:22 term 00 00 08 00 78 00 b4 00  |....x...|
2018/07/31 08:36:22 term 3c 00 ff ff ff ff ff ff  |<.......|
2018/07/31 08:36:22 term ff ff ff ff ff ff ff ff  |........|
2018/07/31 08:36:22 term ff ff ff ff ff ff 20     |...... |
2018/07/31 08:36:22 tcp  07 4f 00 09 c0 40 a0     |.O...@.|
2018/07/31 08:36:22 term 47 49 00 09 c0 40 00 00  |GI...@..|
2018/07/31 08:36:22 term 00 00 00 00 00 00 00 00  |........|
2018/07/31 08:36:22 term 00 00 00 00 00 00 00 00  |........|
2018/07/31 08:36:22 term 00 00 00 00 00 00 00 00  |........|
2018/07/31 08:36:22 term 00 00 00 00 00 00 ff ff  |........|
2018/07/31 08:36:22 term ff ff ff ff ff ff ff ff  |........|
2018/07/31 08:36:22 term ff ff ff ff ff ff ff ff  |........|
2018/07/31 08:36:22 term ff ff ff ff ff ff ff ff  |........|
2018/07/31 08:36:22 term ff ff ff ff ff ff 86     |.......|
2018/07/31 08:36:22 tcp  07 4f 00 0a 00 40 5f     |.O...@_|
2018/07/31 08:36:22 term 47 49 00 0a 00 40 ff ff  |GI...@..|
2018/07/31 08:36:22 term ff ff ff ff ff ff ff ff  |........|
2018/07/31 08:36:22 term ff ff ff ff ff ff ff ff  |........|
2018/07/31 08:36:22 term ff ff ff ff ff ff ff ff  |........|
2018/07/31 08:36:22 term ff ff ff ff ff ff ff ff  |........|
2018/07/31 08:36:22 term ff ff ff ff ff ff ff ff  |........|
2018/07/31 08:36:22 term ff ff ff ff ff ff ff ff  |........|
2018/07/31 08:36:22 term ff ff ff ff ff ff ff ff  |........|
2018/07/31 08:36:22 term ff ff ff ff ff ff 65     |......e|
2018/07/31 08:36:22 tcp  07 4f 00 0a 40 20 3f     |.O..@ ?|
2018/07/31 08:36:22 term 27 49 00 0a 40 20 ff ff  |'I..@ ..|
2018/07/31 08:36:22 term ff ff ff ff ff ff ff ff  |........|
2018/07/31 08:36:22 term ff ff ff ff ff ff ff ff  |........|
2018/07/31 08:36:22 term ff ff ff ff ff ff ff ff  |........|
2018/07/31 08:36:22 term ff ff ff ff ff ff 45     |......E|
2018/07/31 08:36:22 tcp  07 4f 00 09 68 30 08     |.O..h0.|
2018/07/31 08:36:22 term 37 49 00 09 68 30 00 00  |7I..h0..|
2018/07/31 08:36:22 term 00 00 00 00 00 00 00 00  |........|
2018/07/31 08:36:22 term 00 00 00 00 00 00 00 00  |........|
2018/07/31 08:36:22 term 00 00 00 00 00 00 00 00  |........|
2018/07/31 08:36:22 term 00 00 00 00 00 00 00 00  |........|
2018/07/31 08:36:22 term 00 00 00 00 00 00 00 00  |........|
2018/07/31 08:36:22 term 00 00 00 00 00 00 de     |.......|
2018/07/31 08:36:30 tcp  08 42 64 09 01 01 00 46  |.Bd....F|
2018/07/31 08:36:30 term 03 06 f6                 |...|
2018/07/31 08:36:30 tcp  03 48 b4                 |.H.|
2018/07/31 08:36:30 term 03 06 f6                 |...|
2018/07/31 08:36:31 CLOSE (tcp read close)
