2018/07/31 08:36:54 OPEN (::ffff:192.168.1.228:63464)
2018/07/31 08:36:56 tcp  03 5a a2                 |.Z.|
2018/07/31 08:36:56 term 0b 5a 05 01 00 07 09 04  |.Z......|
2018/07/31 08:36:56 term 07 01 78                 |..x|
2018/07/31 08:36:56 tcp  0b 5a 31 32 33 34 35 36  |.Z123456|
2018/07/31 08:36:56 tcp  37 38 f6                 |78.|
2018/07/31 08:36:56 term 17 5a 45 6c 69 74 65 20  |.ZElite |
2018/07/31 08:36:56 term 32 34 20 20 20 20 56 34  |24    V4|
2018/07/31 08:36:56 term 2e 30 32 2e 30 31 ec     |.02.01.|
2018/07/31 08:36:56 tcp  07 4f 00 64 9b 10 9a     |.O.d...|
2018/07/31 08:36:56 term 17 49 00 64 9b 10 2f fc  |.I.d../.|
2018/07/31 08:36:56 term 56 50 85 90 48 44 76 11  |VP..HDv.|
2018/07/31 08:36:56 term 43 39 ce c4 19 76 fa     |C9...v.|
2018/07/31 08:36:56 tcp  07 4f 00 5d 04 10 38     |.O.]..8|
2018/07/31 08:36:56 term 17 49 00 5d 04 10 54 01  |.I.]..T.|
2018/07/31 08:36:56 term 07 94 71 b6 49 17 a5 1b  |..q.I...|
2018/07/31 08:36:56 term 32 5a 96 f9 6e 49 25     |2Z..nI%|
2018/07/31 08:36:56 tcp  07 4f 00 16 78 01 1a     |.O..x..|
2018/07/31 08:36:56 term 08 49 00 16 78 01 06 19  |.I..x...|
2018/07/31 08:36:56 tcp  07 4f 00 1f ca 07 b9     |.O.....|
2018/07/31 08:36:56 term 0e 49 00 1f ca 07 01 00  |.I......|
2018/07/31 08:36:56 term 00 00 ff ff 2c 8d        |....,.|
2018/07/31 08:36:56 tcp  07 4f 00 16 7e 01 14     |.O..~..|
2018/07/31 08:36:56 term 08 49 00 16 7e 01 00 19  |.I..~...|
2018/07/31 08:36:56 tcp  07 4f 00 5c 55 02 f6     |.O.\U..|
2018/07/31 08:36:56 term 09 49 00 5c 55 02 28 c0  |.I.\U.(.|
2018/07/31 08:36:56 term 12                       |.|
2018/07/31 08:36:56 tcp  07 4f 00 5c 57 02 f4     |.O.\W..|
2018/07/31 08:36:56 term 09 49 00 5c 57 02 32 91  |.I.\W.2.|
2018/07/31 08:36:56 term 35                       |5|
2018/07/31 08:37:04 tcp  07 4f 00 10 20 40 39     |.O.. @9|
2018/07/31 08:37:04 term 47 49 00 10 20 40 08 00  |GI.. @..|
2018/07/31 08:37:04 term 00 00 0f 00 07 00 3c 00  |......<.|
2018/07/31 08:37:04 term 18 00 b4 00 1e 00 1e 00  |........|
2018/07/31 08:37:04 term 00 00 b4 00 0a 00 14 00  |........|
2018/07/31 08:37:04 term 1e 00 00 00 05 00 18 00  |........|
2018/07/31 08:37:04 term 0a 00 0e 00 00 00 00 00  |........|
2018/07/31 08:37:04 term 00 00 3c 00 05 00 08 00  |..<.....|
2018/07/31 08:37:04 term 3c 00 3c 00 00 00 5a 00  |<.<...Z.|
2018/07/31 08:37:04 term 3c 00 00 00 05 00 1c     |<......|
2018/07/31 08:37:04 tcp  07 4f 00 10 60 40 f9     |.O..`@.|
2018/07/31 08:37:04 term 47 49 00 10 60 40 ff ff  |GI..`@..|
2018/07/31 08:37:04 term ff ff ff ff ff ff ff ff  |........|
2018/07/31 08:37:04 term ff ff ff ff ff ff b4 34  |.......4|
2018/07/31 08:37:04 term 31 00 0c fc 3f 04 05 02  |1...?...|
2018/07/31 08:37:04 term 03 03 05 32 04 00 00 00  |...2....|
2018/07/31 08:37:04 term 00 00 00 00 00 00 00 00  |........|
2018/07/31 08:37:04 term 00 00 00 00 00 00 00 00  |........|
2018/07/31 08:37:04 term 00 00 00 00 00 00 00 00  |........|
2018/07/31 08:37:04 term 00 00 00 00 00 00 23     |......#|
2018/07/31 08:37:04 tcp  07 4f 00 10 a0 40 b9     |.O...@.|
2018/07/31 08:37:05 term 47 49 00 10 a0 40 00 00  |GI...@..|
2018/07/31 08:37:05 term 00 00 00 00 00 00 00 00  |........|
2018/07/31 08:37:05 term 00 00 00 00 00 00 00 00  |........|
2018/07/31 08:37:05 term 00 00 00 00 00 00 00 00  |........|
2018/07/31 08:37:05 term 00 00 00 00 00 00 00 00  |........|
2018/07/31 08:37:05 term 00 00 00 00 00 00 00 00  |........|
2018/07/31 08:37:05 term 00 00 00 00 00 00 00 00  |........|
2018/07/31 08:37:05 term 00 00 00 00 00 00 00 00  |........|
2018/07/31 08:37:05 term 00 00 00 00 00 00 7f     |.......|
2018/07/31 08:37:05 tcp  07 4f 00 10 e0 40 79     |.O...@y|
2018/07/31 08:37:05 term 47 49 00 10 e0 40 00 00  |GI...@..|
2018/07/31 08:37:05 term 00 00 00 00 00 00 00 00  |........|
2018/07/31 08:37:05 term 00 00 00 00 00 00 00 00  |........|
2018/07/31 08:37:05 term 00 00 00 00 00 00 00 00  |........|
2018/07/31 08:37:05 term 00 00 00 00 00 00 43 61  |......Ca|
2018/07/31 08:37:05 term 6c 6c 20 45 6e 67 69 6e  |ll Engin|
2018/07/31 08:37:05 term 65 65 72 20 74 6f 20 20  |eer to  |
2018/07/31 08:37:05 term 52 65 73 65 74 20 53 79  |Reset Sy|
2018/07/31 08:37:05 term 73 74 65 6d 20 20 4b     |stem  K|
2018/07/31 08:37:05 tcp  07 4f 00 11 20 40 38     |.O.. @8|
2018/07/31 08:37:05 term 47 49 00 11 20 40 43 61  |GI.. @Ca|
2018/07/31 08:37:05 term 6c 6c 20 41 52 43 20 43  |ll ARC C|
2018/07/31 08:37:05 term 65 6e 74 72 65 20 20 74  |entre  t|
2018/07/31 08:37:05 term 6f 20 52 65 73 65 74 20  |o Reset |
2018/07/31 08:37:05 term 53 79 73 74 65 6d 43 61  |SystemCa|
2018/07/31 08:37:05 term 6c 6c 20 41 6c 61 72 6d  |ll Alarm|
2018/07/31 08:37:05 term 20 43 6f 2e 20 20 20 20  | Co.    |
2018/07/31 08:37:05 term 46 6f 72 20 53 65 72 76  |For Serv|
2018/07/31 08:37:05 term 69 63 65 20 20 20 9f     |ice   .|
2018/07/31 08:37:05 tcp  07 4f 00 11 60 40 f8     |.O..`@.|
2018/07/31 08:37:05 term 47 49 00 11 60 40 50 61  |GI..`@Pa|
2018/07/31 08:37:05 term 6e 65 6c 20 61 62 6f 76  |nel abov|
2018/07/31 08:37:05 term 65 20 6d 69 64 20 61 74  |e mid at|
2018/07/31 08:37:05 term 74 69 63 20 20 20 20 20  |tic     |
2018/07/31 08:37:05 term 20 20 20 20 20 20 20 20  |        |
2018/07/31 08:37:05 term 20 20 20 20 20 20 20 20  |        |
2018/07/31 08:37:05 term 20 20 20 20 20 20 20 2a  |       *|
2018/07/31 08:37:05 term 20 50 41 52 54 20 41 52  | PART AR|
2018/07/31 08:37:05 term 4d 45 44 20 2a 20 1e     |MED * .|
2018/07/31 08:37:05 tcp  07 4f 00 11 a0 10 e8     |.O.....|
2018/07/31 08:37:05 term 17 49 00 11 a0 10 20 20  |.I....  |
2018/07/31 08:37:05 term 20 20 20 20 20 20 20 20  |        |
2018/07/31 08:37:05 term 20 20 20 20 20 20 de     |      .|
2018/07/31 08:37:05 tcp  07 4f 00 17 f0 40 62     |.O...@b|
2018/07/31 08:37:05 term 47 49 00 17 f0 40 00 00  |GI...@..|
2018/07/31 08:37:05 term 00 00 00 00 00 00 00 00  |........|
2018/07/31 08:37:05 term 00 00 00 00 00 00 45 76  |......Ev|
2018/07/31 08:37:05 term 65 6e 69 6e 67 20 41 72  |ening Ar|
2018/07/31 08:37:05 term 6d 20 20 20 20 20 42 65  |m     Be|
2018/07/31 08:37:05 term 64 74 69 6d 65 20 41 72  |dtime Ar|
2018/07/31 08:37:05 term 6d 20 31 20 20 20 42 65  |m 1   Be|
2018/07/31 08:37:05 term 64 74 69 6d 65 20 41 72  |dtime Ar|
2018/07/31 08:37:05 term 6d 20 32 20 20 20 25     |m 2   %|
2018/07/31 08:37:05 tcp  07 4f 00 5a 2e 20 01     |.O.Z. .|
2018/07/31 08:37:05 term 27 49 00 5a 2e 20 00 00  |'I.Z. ..|
2018/07/31 08:37:05 term 00 00 00 00 00 00 00 00  |........|
2018/07/31 08:37:05 term 00 00 00 00 00 00 00 00  |........|
2018/07/31 08:37:05 term 00 00 00 00 00 00 00 00  |........|
2018/07/31 08:37:05 term 00 00 00 00 00 00 e7     |.......|
2018/07/31 08:37:05 tcp  07 4f 00 1b 50 20 1e     |.O..P .|
2018/07/31 08:37:05 term 27 49 00 1b 50 20 78 00  |'I..P x.|
2018/07/31 08:37:05 term 00 00 08 00 78 00 b4 00  |....x...|
2018/07/31 08:37:05 term 3c 00 ff ff ff ff ff ff  |<.......|
2018/07/31 08:37:05 term ff ff ff ff ff ff ff ff  |........|
2018/07/31 08:37:05 term ff ff ff ff ff ff 30     |......0|
2018/07/31 08:37:05 tcp  07 4f 00 1a 71 01 1d     |.O..q..|
2018/07/31 08:37:05 term 08 49 00 1a 71 01 7f a3  |.I..q...|
2018/07/31 08:37:05 tcp  07 4f 00 1f 80 40 ca     |.O...@.|
2018/07/31 08:37:05 term 47 49 00 1f 80 40 20 20  |GI...@  |
2018/07/31 08:37:05 term 20 20 20 20 20 20 20 20  |        |
2018/07/31 08:37:05 term 20 20 20 20 20 20 20 20  |        |
2018/07/31 08:37:05 term 20 20 20 20 20 20 20 20  |        |
2018/07/31 08:37:05 term 20 20 20 20 20 20 20 20  |        |
2018/07/31 08:37:05 term 20 20 20 20 20 20 20 20  |        |
2018/07/31 08:37:05 term 20 20 20 20 20 20 20 20  |        |
2018/07/31 08:37:05 term 20 20 20 20 20 20 20 20  |        |
2018/07/31 08:37:05 term 20 20 20 20 20 20 90     |      .|
2018/07/31 08:37:05 tcp  07 4f 00 01 20 40 48     |.O.. @H|
2018/07/31 08:37:05 term 47 49 00 01 20 40 48 6f  |GI.. @Ho|
2018/07/31 08:37:05 term 73 65 70 69 70 65 00 00  |sepipe..|
2018/07/31 08:37:05 term 00 00 00 00 00 00 20 20  |......  |
2018/07/31 08:37:05 term 20 20 20 20 20 20 20 20  |        |
2018/07/31 08:37:05 term 20 20 20 20 20 20 20 20  |        |
2018/07/31 08:37:05 term 20 20 20 20 20 20 20 20  |        |
2018/07/31 08:37:05 term 20 20 20 20 20 20 20 20  |        |
2018/07/31 08:37:05 term 20 20 20 20 20 20 20 20  |        |
2018/07/31 08:37:05 term 20 20 20 20 20 20 d1     |      .|
2018/07/31 08:37:05 tcp  07 4f 00 01 60 20 28     |.O..` (|
2018/07/31 08:37:05 term 27 49 00 01 60 20 20 20  |'I..`   |
2018/07/31 08:37:05 term 20 20 20 20 20 20 20 20  |        |
2018/07/31 08:37:05 term 20 20 20 20 20 20 20 20  |        |
2018/07/31 08:37:05 term 20 20 20 20 20 20 20 20  |        |
2018/07/31 08:37:05 term 20 20 20 20 20 20 0e     |      .|
2018/07/31 08:37:05 tcp  07 4f 00 16 98 04 f7     |.O.....|
2018/07/31 08:37:05 term 0b 49 00 16 98 04 ff ff  |.I......|
2018/07/31 08:37:05 term ff ff fd                 |...|
2018/07/31 08:37:05 tcp  07 4f 00 1f cf 01 ba     |.O.....|
2018/07/31 08:37:05 term 08 49 00 1f cf 01 ff c0  |.I......|
2018/07/31 08:37:05 tcp  07 4f 00 0c 47 01 55     |.O..G.U|
2018/07/31 08:37:05 term 08 49 00 0c 47 01 ff 5b  |.I..G..[|
2018/07/31 08:37:05 tcp  07 4f 00 64 68 33 aa     |.O.dh3.|
2018/07/31 08:37:05 term 3a 49 00 64 68 33 00 00  |:I.dh3..|
2018/07/31 08:37:05 term 00 00 00 00 00 00 00 00  |........|
2018/07/31 08:37:05 term 00 00 00 00 00 00 00 00  |........|
2018/07/31 08:37:05 term 00 00 00 00 00 00 00 00  |........|
2018/07/31 08:37:05 term 00 00 00 00 00 00 00 00  |........|
2018/07/31 08:37:05 term 00 00 00 00 00 00 00 00  |........|
2018/07/31 08:37:05 term 00 00 00 00 00 00 00 00  |........|
2018/07/31 08:37:05 term 00 7d                    |.}|
2018/07/31 08:37:06 tcp  07 4f 00 64 ab 11 89     |.O.d...|
2018/07/31 08:37:06 term 18 49 00 64 ab 11 00 00  |.I.d....|
2018/07/31 08:37:06 term 00 00 00 00 00 00 00 00  |........|
2018/07/31 08:37:06 term 00 00 00 00 00 00 00 7e  |.......~|
2018/07/31 08:37:06 tcp  07 4f 00 1f d0 01 b9     |.O.....|
2018/07/31 08:37:06 term 08 49 00 1f d0 01 2c 92  |.I....,.|
2018/07/31 08:37:06 tcp  07 4f 00 1f c6 01 c3     |.O.....|
2018/07/31 08:37:06 term 08 49 00 1f c6 01 ff c9  |.I......|
2018/07/31 08:37:15 tcp  03 50 ac                 |.P.|
2018/07/31 08:37:15 term 05 50 ff ff ac           |.P...|
2018/07/31 08:37:25 tcp  03 50 ac                 |.P.|
2018/07/31 08:37:25 term 05 50 ff ff ac           |.P...|
2018/07/31 08:37:35 tcp  03 50 ac                 |.P.|
2018/07/31 08:37:35 term 05 50 ff ff ac           |.P...|
2018/07/31 08:37:37 tcp  47 49 00 10 20 40 08 00  |GI.. @..|
2018/07/31 08:37:37 tcp  00 00 0f 00 07 00 3c 00  |......<.|
2018/07/31 08:37:37 tcp  18 00 b4 00 1e 00 1e 00  |........|
2018/07/31 08:37:37 tcp  00 00 b4 00 0a 00 14 00  |........|
2018/07/31 08:37:37 tcp  1e 00 00 00 05 00 18 00  |........|
2018/07/31 08:37:37 tcp  0a 00 0e 00 00 00 00 00  |........|
2018/07/31 08:37:37 tcp  00 00 3c 00 05 00 08 00  |..<.....|
2018/07/31 08:37:37 tcp  3c 00 3c 00 00 00 5a 00  |<.<...Z.|
2018/07/31 08:37:37 tcp  3c 00 00 00 05 00 1c     |<......|
2018/07/31 08:37:37 term 03 06 f6                 |...|
2018/07/31 08:37:37 tcp  47 49 00 10 60 40 ff ff  |GI..`@..|
2018/07/31 08:37:37 tcp  ff ff ff ff ff ff ff ff  |........|
2018/07/31 08:37:37 tcp  ff ff ff ff ff ff b4 34  |.......4|
2018/07/31 08:37:37 tcp  31 00 0c fc 3f 04 05 02  |1...?...|
2018/07/31 08:37:37 tcp  03 03 05 32 04 00 00 00  |...2....|
2018/07/31 08:37:37 tcp  00 00 00 00 00 00 00 00  |........|
2018/07/31 08:37:37 tcp  00 00 00 00 00 00 00 00  |........|
2018/07/31 08:37:37 tcp  00 00 00 00 00 00 00 00  |........|
2018/07/31 08:37:37 tcp  00 00 00 00 00 00 23     |......#|
2018/07/31 08:37:37 term 03 06 f6                 |...|
2018/07/31 08:37:37 tcp  47 49 00 10 a0 40 00 00  |GI...@..|
2018/07/31 08:37:37 tcp  00 00 00 00 00 00 00 00  |........|
2018/07/31 08:37:37 tcp  00 00 00 00 00 00 00 00  |........|
2018/07/31 08:37:37 tcp  00 00 00 00 00 00 00 00  |........|
2018/07/31 08:37:37 tcp  00 00 00 00 00 00 00 00  |........|
2018/07/31 08:37:37 tcp  00 00 00 00 00 00 00 00  |........|
2018/07/31 08:37:37 tcp  00 00 00 00 00 00 00 00  |........|
2018/07/31 08:37:37 tcp  00 00 00 00 00 00 00 00  |........|
2018/07/31 08:37:37 tcp  00 00 00 00 00 00 7f     |.......|
2018/07/31 08:37:37 term 03 06 f6                 |...|
2018/07/31 08:37:37 tcp  47 49 00 10 e0 40 00 00  |GI...@..|
2018/07/31 08:37:37 tcp  00 00 00 00 00 00 00 00  |........|
2018/07/31 08:37:37 tcp  00 00 00 00 00 00 00 00  |........|
2018/07/31 08:37:37 tcp  00 00 00 00 00 00 00 00  |........|
2018/07/31 08:37:37 tcp  00 00 00 00 00 00 43 61  |......Ca|
2018/07/31 08:37:37 tcp  6c 6c 20 45 6e 67 69 6e  |ll Engin|
2018/07/31 08:37:37 tcp  65 65 72 20 74 6f 20 20  |eer to  |
2018/07/31 08:37:37 tcp  52 65 73 65 74 20 53 79  |Reset Sy|
2018/07/31 08:37:37 tcp  73 74 65 6d 20 20 4b     |stem  K|
2018/07/31 08:37:37 term 03 06 f6                 |...|
2018/07/31 08:37:37 tcp  47 49 00 11 20 40 43 61  |GI.. @Ca|
2018/07/31 08:37:37 tcp  6c 6c 20 41 52 43 20 43  |ll ARC C|
2018/07/31 08:37:37 tcp  65 6e 74 72 65 20 20 74  |entre  t|
2018/07/31 08:37:37 tcp  6f 20 52 65 73 65 74 20  |o Reset |
2018/07/31 08:37:37 tcp  53 79 73 74 65 6d 43 61  |SystemCa|
2018/07/31 08:37:37 tcp  6c 6c 20 41 6c 61 72 6d  |ll Alarm|
2018/07/31 08:37:37 tcp  20 43 6f 2e 20 20 20 20  | Co.    |
2018/07/31 08:37:37 tcp  46 6f 72 20 53 65 72 76  |For Serv|
2018/07/31 08:37:37 tcp  69 63 65 20 20 20 9f     |ice   .|
2018/07/31 08:37:37 term 03 06 f6                 |...|
2018/07/31 08:37:37 tcp  47 49 00 11 60 40 50 61  |GI..`@Pa|
2018/07/31 08:37:37 tcp  6e 65 6c 20 61 62 6f 76  |nel abov|
2018/07/31 08:37:37 tcp  65 20 6d 69 64 20 61 74  |e mid at|
2018/07/31 08:37:37 tcp  74 69 63 20 20 20 20 20  |tic     |
2018/07/31 08:37:37 tcp  20 20 20 20 20 20 50 49  |      PI|
2018/07/31 08:37:37 tcp  20 41 4c 41 52 4d 20 20  | ALARM  |
2018/07/31 08:37:37 tcp  20 20 20 20 20 20 20 2a  |       *|
2018/07/31 08:37:37 tcp  20 50 41 52 54 20 41 52  | PART AR|
2018/07/31 08:37:37 tcp  4d 45 44 20 2a 20 f8     |MED * .|
2018/07/31 08:37:37 term 03 06 f6                 |...|
2018/07/31 08:37:37 tcp  17 49 00 11 a0 10 20 20  |.I....  |
2018/07/31 08:37:37 tcp  20 20 20 20 20 20 20 20  |        |
2018/07/31 08:37:37 tcp  20 20 20 20 20 20 de     |      .|
2018/07/31 08:37:37 term 03 06 f6                 |...|
2018/07/31 08:37:37 tcp  47 49 00 17 f0 40 00 00  |GI...@..|
2018/07/31 08:37:37 tcp  00 00 00 00 00 00 00 00  |........|
2018/07/31 08:37:37 tcp  00 00 00 00 00 00 45 76  |......Ev|
2018/07/31 08:37:37 tcp  65 6e 69 6e 67 20 41 72  |ening Ar|
2018/07/31 08:37:37 tcp  6d 20 20 20 20 20 42 65  |m     Be|
2018/07/31 08:37:37 tcp  64 74 69 6d 65 20 41 72  |dtime Ar|
2018/07/31 08:37:37 tcp  6d 20 31 20 20 20 42 65  |m 1   Be|
2018/07/31 08:37:37 tcp  64 74 69 6d 65 20 41 72  |dtime Ar|
2018/07/31 08:37:37 tcp  6d 20 32 20 20 20 25     |m 2   %|
2018/07/31 08:37:37 term 03 06 f6                 |...|
2018/07/31 08:37:37 tcp  27 49 00 5a 2e 20 00 00  |'I.Z. ..|
2018/07/31 08:37:37 tcp  00 00 00 00 00 00 00 00  |........|
2018/07/31 08:37:37 tcp  00 00 00 00 00 00 00 00  |........|
2018/07/31 08:37:37 tcp  00 00 00 00 00 00 00 00  |........|
2018/07/31 08:37:37 tcp  00 00 00 00 00 00 e7     |.......|
2018/07/31 08:37:38 term 03 06 f6                 |...|
2018/07/31 08:37:38 tcp  27 49 00 1b 50 20 78 00  |'I..P x.|
2018/07/31 08:37:38 tcp  00 00 08 00 78 00 b4 00  |....x...|
2018/07/31 08:37:38 tcp  3c 00 ff ff ff ff ff ff  |<.......|
2018/07/31 08:37:38 tcp  ff ff ff ff ff ff ff ff  |........|
2018/07/31 08:37:38 tcp  ff ff ff ff ff ff 30     |......0|
2018/07/31 08:37:38 term 03 06 f6                 |...|
2018/07/31 08:37:38 tcp  08 49 00 1a 71 01 7f a3  |.I..q...|
2018/07/31 08:37:38 term 03 06 f6                 |...|
2018/07/31 08:37:38 tcp  47 49 00 1f 80 40 20 20  |GI...@  |
2018/07/31 08:37:38 tcp  20 20 20 20 20 20 20 20  |        |
2018/07/31 08:37:38 tcp  20 20 20 20 20 20 20 20  |        |
2018/07/31 08:37:38 tcp  20 20 20 20 20 20 20 20  |        |
2018/07/31 08:37:38 tcp  20 20 20 20 20 20 20 20  |        |
2018/07/31 08:37:38 tcp  20 20 20 20 20 20 20 20  |        |
2018/07/31 08:37:38 tcp  20 20 20 20 20 20 20 20  |        |
2018/07/31 08:37:38 tcp  20 20 20 20 20 20 20 20  |        |
2018/07/31 08:37:38 tcp  20 20 20 20 20 20 90     |      .|
2018/07/31 08:37:38 term 03 06 f6                 |...|
2018/07/31 08:37:38 tcp  47 49 00 01 20 40 48 6f  |GI.. @Ho|
2018/07/31 08:37:38 tcp  73 65 70 69 70 65 00 00  |sepipe..|
2018/07/31 08:37:38 tcp  00 00 00 00 00 00 20 20  |......  |
2018/07/31 08:37:38 tcp  20 20 20 20 20 20 20 20  |        |
2018/07/31 08:37:38 tcp  20 20 20 20 20 20 20 20  |        |
2018/07/31 08:37:38 tcp  20 20 20 20 20 20 20 20  |        |
2018/07/31 08:37:38 tcp  20 20 20 20 20 20 20 20  |        |
2018/07/31 08:37:38 tcp  20 20 20 20 20 20 20 20  |        |
2018/07/31 08:37:38 tcp  20 20 20 20 20 20 d1     |      .|
2018/07/31 08:37:38 term 03 06 f6                 |...|
2018/07/31 08:37:38 tcp  27 49 00 01 60 20 20 20  |'I..`   |
2018/07/31 08:37:38 tcp  20 20 20 20 20 20 20 20  |        |
2018/07/31 08:37:38 tcp  20 20 20 20 20 20 20 20  |        |
2018/07/31 08:37:38 tcp  20 20 20 20 20 20 20 20  |        |
2018/07/31 08:37:38 tcp  20 20 20 20 20 20 0e     |      .|
2018/07/31 08:37:38 term 03 06 f6                 |...|
2018/07/31 08:37:38 tcp  0b 49 00 16 98 04 ff ff  |.I......|
2018/07/31 08:37:38 tcp  ff ff fd                 |...|
2018/07/31 08:37:38 term 03 06 f6                 |...|
2018/07/31 08:37:38 tcp  08 49 00 1f cf 01 ff c0  |.I......|
2018/07/31 08:37:38 term 03 06 f6                 |...|
2018/07/31 08:37:38 tcp  08 49 00 0c 47 01 ff 5b  |.I..G..[|
2018/07/31 08:37:38 term 03 06 f6                 |...|
2018/07/31 08:37:38 tcp  3a 49 00 64 68 33 00 00  |:I.dh3..|
2018/07/31 08:37:38 tcp  00 00 00 00 00 00 00 00  |........|
2018/07/31 08:37:38 tcp  00 00 00 00 00 00 00 00  |........|
2018/07/31 08:37:38 tcp  00 00 00 00 00 00 00 00  |........|
2018/07/31 08:37:38 tcp  00 00 00 00 00 00 00 00  |........|
2018/07/31 08:37:38 tcp  00 00 00 00 00 00 00 00  |........|
2018/07/31 08:37:38 tcp  00 00 00 00 00 00 00 00  |........|
2018/07/31 08:37:38 tcp  00 7d                    |.}|
2018/07/31 08:37:38 term 03 06 f6                 |...|
2018/07/31 08:37:38 tcp  18 49 00 64 ab 11 00 00  |.I.d....|
2018/07/31 08:37:38 tcp  00 00 00 00 00 00 00 00  |........|
2018/07/31 08:37:38 tcp  00 00 00 00 00 00 00 7e  |.......~|
2018/07/31 08:37:38 term 03 06 f6                 |...|
2018/07/31 08:37:38 tcp  08 49 00 1f d0 01 2c 92  |.I....,.|
2018/07/31 08:37:38 term 03 06 f6                 |...|
2018/07/31 08:37:38 tcp  08 49 00 1f c6 01 ff c9  |.I......|
2018/07/31 08:37:38 term 03 06 f6                 |...|
2018/07/31 08:37:42 tcp  08 42 64 09 01 01 00 46  |.Bd....F|
2018/07/31 08:37:42 term 03 06 f6                 |...|
2018/07/31 08:37:42 tcp  03 48 b4                 |.H.|
2018/07/31 08:37:42 term 03 06 f6                 |...|
2018/07/31 08:37:43 CLOSE (tcp read close)
