2018/07/31 08:33:45 OPEN (::ffff:192.168.1.228:63199)
2018/07/31 08:33:47 tcp  03 5a a2                 |.Z.|
2018/07/31 08:33:47 term 0b 5a 05 01 00 07 09 04  |.Z......|
2018/07/31 08:33:47 term 07 01 78                 |..x|
2018/07/31 08:33:47 tcp  0b 5a 31 32 33 34 35 36  |.Z123456|
2018/07/31 08:33:47 tcp  37 38 f6                 |78.|
2018/07/31 08:33:47 term 17 5a 45 6c 69 74 65 20  |.ZElite |
2018/07/31 08:33:47 term 32 34 20 20 20 20 56 34  |24    V4|
2018/07/31 08:33:47 term 2e 30 32 2e 30 31 ec     |.02.01.|
2018/07/31 08:33:47 tcp  07 4f 00 64 9b 10 9a     |.O.d...|
2018/07/31 08:33:47 term 17 49 00 64 9b 10 2f fc  |.I.d../.|
2018/07/31 08:33:47 term 56 50 85 90 48 44 76 11  |VP..HDv.|
2018/07/31 08:33:47 term 43 39 ce c4 19 76 fa     |C9...v.|
2018/07/31 08:33:47 tcp  07 4f 00 5d 04 10 38     |.O.]..8|
2018/07/31 08:33:47 term 17 49 00 5d 04 10 54 01  |.I.]..T.|
2018/07/31 08:33:47 term 07 94 71 b6 49 17 a5 1b  |..q.I...|
2018/07/31 08:33:47 term 32 5a 96 f9 6e 49 25     |2Z..nI%|
2018/07/31 08:33:47 tcp  07 4f 00 16 78 01 1a     |.O..x..|
2018/07/31 08:33:47 term 08 49 00 16 78 01 06 19  |.I..x...|
2018/07/31 08:33:47 tcp  07 4f 00 1f ca 07 b9     |.O.....|
2018/07/31 08:33:47 term 0e 49 00 1f ca 07 01 00  |.I......|
2018/07/31 08:33:47 term 00 00 ff ff 2c 8d        |....,.|
2018/07/31 08:33:47 tcp  07 4f 00 16 7e 01 14     |.O..~..|
2018/07/31 08:33:47 term 08 49 00 16 7e 01 00 19  |.I..~...|
2018/07/31 08:33:47 tcp  07 4f 00 5c 55 02 f6     |.O.\U..|
2018/07/31 08:33:47 term 09 49 00 5c 55 02 28 c0  |.I.\U.(.|
2018/07/31 08:33:47 term 12                       |.|
2018/07/31 08:33:47 tcp  07 4f 00 5c 57 02 f4     |.O.\W..|
2018/07/31 08:33:47 term 09 49 00 5c 57 02 32 91  |.I.\W.2.|
2018/07/31 08:33:47 term 35                       |5|
2018/07/31 08:33:57 tcp  03 50 ac                 |.P.|
2018/07/31 08:33:57 term 05 50 ff ff ac           |.P...|
2018/07/31 08:34:01 tcp  07 4f 00 0f a0 40 ba     |.O...@.|
2018/07/31 08:34:03 term 47 49 00 0f a0 40 01 00  |GI...@..|
2018/07/31 08:34:03 term 01 00 01 00 01 00 01 00  |........|
2018/07/31 08:34:03 term 01 00 01 00 01 00 01 00  |........|
2018/07/31 08:34:03 term 01 00 01 00 01 00 01 00  |........|
2018/07/31 08:34:03 term 01 00 01 00 01 00 08 00  |........|
2018/07/31 08:34:03 term 00 00 00 00 00 00 00 00  |........|
2018/07/31 08:34:03 term 00 00 00 00 00 00 00 00  |........|
2018/07/31 08:34:03 term 00 00 00 00 00 00 00 00  |........|
2018/07/31 08:34:03 term 00 00 00 00 00 00 68     |......h|
2018/07/31 08:34:03 tcp  07 4f 00 0f e0 40 7a     |.O...@z|
2018/07/31 08:34:03 term 47 49 00 0f e0 40 08 00  |GI...@..|
2018/07/31 08:34:03 term 08 00 08 00 08 00 08 00  |........|
2018/07/31 08:34:03 term 08 00 08 00 08 00 08 00  |........|
2018/07/31 08:34:03 term 08 00 08 00 08 00 08 00  |........|
2018/07/31 08:34:03 term 08 00 08 00 08 00 03 03  |........|
2018/07/31 08:34:03 term 03 03 03 03 03 03 03 03  |........|
2018/07/31 08:34:03 term 03 03 03 03 03 03 ff ff  |........|
2018/07/31 08:34:03 term ff ff ff ff ff ff ff ff  |........|
2018/07/31 08:34:03 term ff ff ff ff ff ff a0     |.......|
2018/07/31 08:34:13 tcp  03 50 ac                 |.P.|
2018/07/31 08:34:13 term 05 50 ff ff ac           |.P...|
2018/07/31 08:34:23 tcp  03 50 ac                 |.P.|
2018/07/31 08:34:23 term 05 50 ff ff ac           |.P...|
2018/07/31 08:34:33 tcp  03 50 ac                 |.P.|
2018/07/31 08:34:33 term 05 50 ff ff ac           |.P...|
2018/07/31 08:34:43 tcp  03 50 ac                 |.P.|
2018/07/31 08:34:43 term 05 50 ff ff ac           |.P...|
2018/07/31 08:34:46 tcp  47 49 00 0f a0 40 01 00  |GI...@..|
2018/07/31 08:34:46 tcp  01 00 01 00 01 00 01 00  |........|
2018/07/31 08:34:46 tcp  01 00 01 00 01 00 01 00  |........|
2018/07/31 08:34:46 tcp  01 00 01 00 01 00 01 00  |........|
2018/07/31 08:34:46 tcp  01 00 01 00 01 00 08 00  |........|
2018/07/31 08:34:46 tcp  00 00 00 00 00 00 00 00  |........|
2018/07/31 08:34:46 tcp  00 00 00 00 00 00 00 00  |........|
2018/07/31 08:34:46 tcp  00 00 00 00 00 00 00 00  |........|
2018/07/31 08:34:46 tcp  00 00 00 00 00 00 68     |......h|
2018/07/31 08:34:46 term 03 06 f6                 |...|
2018/07/31 08:34:46 tcp  47 49 00 0f e0 40 08 00  |GI...@..|
2018/07/31 08:34:46 tcp  08 00 08 00 08 00 08 00  |........|
2018/07/31 08:34:46 tcp  08 00 08 00 08 00 08 00  |........|
2018/07/31 08:34:46 tcp  08 00 08 00 08 00 08 00  |........|
2018/07/31 08:34:46 tcp  08 00 08 00 08 00 03 03  |........|
2018/07/31 08:34:46 tcp  03 03 03 03 03 03 03 03  |........|
2018/07/31 08:34:46 tcp  03 03 03 03 03 03 ff ff  |........|
2018/07/31 08:34:46 tcp  ff ff ff ff ff ff ff ff  |........|
2018/07/31 08:34:46 tcp  ff ff ff ff ff ff a0     |.......|
2018/07/31 08:34:46 term 03 06 f6                 |...|
2018/07/31 08:34:53 tcp  08 42 64 09 01 01 00 46  |.Bd....F|
2018/07/31 08:34:53 term 03 06 f6                 |...|
2018/07/31 08:34:54 tcp  03 48 b4                 |.H.|
2018/07/31 08:34:54 term 03 06 f6                 |...|
2018/07/31 08:34:55 CLOSE (tcp read close)
