2018/07/31 10:37:55 OPEN (::ffff:192.168.1.228:65102)
2018/07/31 10:37:57 tcp  03 5a a2                 |.Z.|
2018/07/31 10:37:57 term 0b 5a 05 01 00 07 09 04  |.Z......|
2018/07/31 10:37:57 term 07 01 78                 |..x|
2018/07/31 10:37:57 tcp  0b 5a 31 32 33 34 35 36  |.Z123456|
2018/07/31 10:37:57 tcp  37 38 f6                 |78.|
2018/07/31 10:37:57 term 17 5a 45 6c 69 74 65 20  |.ZElite |
2018/07/31 10:37:57 term 32 34 20 20 20 20 56 34  |24    V4|
2018/07/31 10:37:57 term 2e 30 32 2e 30 31 ec     |.02.01.|
2018/07/31 10:37:57 tcp  07 4f 00 64 9b 10 9a     |.O.d...|
2018/07/31 10:37:57 term 17 49 00 64 9b 10 2f fc  |.I.d../.|
2018/07/31 10:37:57 term 56 50 85 90 48 44 76 11  |VP..HDv.|
2018/07/31 10:37:57 term 43 39 ce c4 19 76 fa     |C9...v.|
2018/07/31 10:37:57 tcp  07 4f 00 5d 04 10 38     |.O.]..8|
2018/07/31 10:37:57 term 17 49 00 5d 04 10 54 01  |.I.]..T.|
2018/07/31 10:37:57 term 07 94 71 b6 49 17 a5 1b  |..q.I...|
2018/07/31 10:37:57 term 32 5a 96 f9 6e 49 25     |2Z..nI%|
2018/07/31 10:37:57 tcp  07 4f 00 16 78 01 1a     |.O..x..|
2018/07/31 10:37:57 term 08 49 00 16 78 01 06 19  |.I..x...|
2018/07/31 10:37:57 tcp  07 4f 00 1f ca 07 b9     |.O.....|
2018/07/31 10:37:57 term 0e 49 00 1f ca 07 01 00  |.I......|
2018/07/31 10:37:57 term 00 00 ff ff 2c 8d        |....,.|
2018/07/31 10:37:57 tcp  07 4f 00 16 7e 01 14     |.O..~..|
2018/07/31 10:37:57 term 08 49 00 16 7e 01 00 19  |.I..~...|
2018/07/31 10:37:57 tcp  07 4f 00 5c 55 02 f6     |.O.\U..|
2018/07/31 10:37:57 term 09 49 00 5c 55 02 28 c0  |.I.\U.(.|
2018/07/31 10:37:57 term 12                       |.|
2018/07/31 10:37:57 tcp  07 4f 00 5c 57 02 f4     |.O.\W..|
2018/07/31 10:37:58 term 09 49 00 5c 57 02 23 9c  |.I.\W.#.|
2018/07/31 10:37:58 term 39                       |9|
2018/07/31 10:38:07 tcp  03 50 ac                 |.P.|
2018/07/31 10:38:07 term 05 50 ff ff ac           |.P...|
2018/07/31 10:38:08 tcp  07 4f 00 1f fe 02 8a     |.O.....|
2018/07/31 10:38:08 term 09 49 00 1f fe 02 f9 00  |.I......|
2018/07/31 10:38:08 term 95                       |.|
2018/07/31 10:38:08 tcp  07 4f 00 20 00 40 49     |.O. .@I|
2018/07/31 10:38:08 term 47 49 00 20 00 40 44 8b  |GI. .@D.|
2018/07/31 10:38:08 term 08 00 01 20 2c 48 64 09  |... ,Hd.|
2018/07/31 10:38:08 term 00 01 02 20 2c 48 44 84  |... ,HD.|
2018/07/31 10:38:08 term 08 00 02 20 2c 48 1f 00  |... ,H..|
2018/07/31 10:38:08 term 00 03 04 20 2c 48 30 09  |... ,H0.|
2018/07/31 10:38:08 term 00 01 0b 20 2c 48 31 09  |... ,H1.|
2018/07/31 10:38:08 term 00 01 00 20 2c 48 44 8b  |... ,HD.|
2018/07/31 10:38:08 term 01 00 01 20 2c 48 44 8b  |... ,HD.|
2018/07/31 10:38:08 term 02 00 01 20 2c 48 0c     |... ,H.|
2018/07/31 10:38:08 tcp  07 4f 00 20 40 40 09     |.O. @@.|
2018/07/31 10:38:08 term 47 49 00 20 40 40 44 8b  |GI. @@D.|
2018/07/31 10:38:08 term 03 00 01 20 2c 48 44 8b  |... ,HD.|
2018/07/31 10:38:08 term 04 00 01 20 2c 48 44 8b  |... ,HD.|
2018/07/31 10:38:08 term 05 00 01 20 2c 48 44 8b  |... ,HD.|
2018/07/31 10:38:08 term 06 00 01 20 2c 48 44 8b  |... ,HD.|
2018/07/31 10:38:08 term 07 00 01 20 2c 48 44 8b  |... ,HD.|
2018/07/31 10:38:08 term 08 00 01 20 2c 48 64 09  |... ,Hd.|
2018/07/31 10:38:08 term 00 01 02 20 2c 48 44 84  |... ,HD.|
2018/07/31 10:38:08 term 08 00 02 20 2c 48 ec     |... ,H.|
2018/07/31 10:38:08 tcp  07 4f 00 20 80 40 c9     |.O. .@.|
2018/07/31 10:38:08 term 47 49 00 20 80 40 1f 00  |GI. .@..|
2018/07/31 10:38:08 term 00 03 04 20 2c 48 30 09  |... ,H0.|
2018/07/31 10:38:08 term 00 01 0b 20 2c 48 31 09  |... ,H1.|
2018/07/31 10:38:08 term 00 01 00 20 2c 48 44 8b  |... ,HD.|
2018/07/31 10:38:08 term 01 00 01 20 2c 48 44 8b  |... ,HD.|
2018/07/31 10:38:08 term 02 00 01 20 2c 48 44 8b  |... ,HD.|
2018/07/31 10:38:08 term 03 00 01 20 2c 48 44 8b  |... ,HD.|
2018/07/31 10:38:08 term 04 00 01 20 2c 48 44 8b  |... ,HD.|
2018/07/31 10:38:08 term 05 00 01 20 2c 48 2a     |... ,H*|
2018/07/31 10:38:08 tcp  07 4f 00 20 c0 40 89     |.O. .@.|
2018/07/31 10:38:09 term 47 49 00 20 c0 40 44 8b  |GI. .@D.|
2018/07/31 10:38:09 term 06 00 01 20 2c 48 44 8b  |... ,HD.|
2018/07/31 10:38:09 term 07 00 01 20 2c 48 44 8b  |... ,HD.|
2018/07/31 10:38:09 term 08 00 01 20 2c 48 64 09  |... ,Hd.|
2018/07/31 10:38:09 term 00 01 02 20 2c 48 44 84  |... ,HD.|
2018/07/31 10:38:09 term 08 00 03 20 2c 48 1f 00  |... ,H..|
2018/07/31 10:38:09 term 00 03 05 20 2c 48 30 09  |... ,H0.|
2018/07/31 10:38:09 term 00 01 0b 20 2c 48 31 09  |... ,H1.|
2018/07/31 10:38:09 term 00 01 00 20 2c 48 40     |... ,H@|
2018/07/31 10:38:09 tcp  07 4f 00 21 00 40 48     |.O.!.@H|
2018/07/31 10:38:09 term 47 49 00 21 00 40 44 8b  |GI.!.@D.|
2018/07/31 10:38:09 term 01 00 01 20 2c 48 44 8b  |... ,HD.|
2018/07/31 10:38:09 term 02 00 01 20 2c 48 44 8b  |... ,HD.|
2018/07/31 10:38:09 term 03 00 01 20 2c 48 44 8b  |... ,HD.|
2018/07/31 10:38:09 term 04 00 01 20 2c 48 44 8b  |... ,HD.|
2018/07/31 10:38:09 term 05 00 01 20 2c 48 44 8b  |... ,HD.|
2018/07/31 10:38:09 term 06 00 01 20 2c 48 44 8b  |... ,HD.|
2018/07/31 10:38:09 term 07 00 01 20 2c 48 44 8b  |... ,HD.|
2018/07/31 10:38:09 term 08 00 01 20 2c 48 ca     |... ,H.|
2018/07/31 10:38:09 tcp  07 4f 00 21 40 40 08     |.O.!@@.|
2018/07/31 10:38:09 term 47 49 00 21 40 40 64 09  |GI.!@@d.|
2018/07/31 10:38:09 term 00 01 02 20 2c 48 44 84  |... ,HD.|
2018/07/31 10:38:09 term 08 00 02 20 2c 48 1f 00  |... ,H..|
2018/07/31 10:38:09 term 00 03 04 20 2c 48 30 09  |... ,H0.|
2018/07/31 10:38:09 term 00 01 0b 20 2c 48 31 09  |... ,H1.|
2018/07/31 10:38:09 term 00 01 00 20 2c 48 44 8b  |... ,HD.|
2018/07/31 10:38:09 term 01 00 01 20 2c 48 44 8b  |... ,HD.|
2018/07/31 10:38:09 term 02 00 01 20 2c 48 44 8b  |... ,HD.|
2018/07/31 10:38:09 term 03 00 01 20 2c 48 d0     |... ,H.|
2018/07/31 10:38:09 tcp  07 4f 00 21 80 40 c8     |.O.!.@.|
2018/07/31 10:38:09 term 47 49 00 21 80 40 44 8b  |GI.!.@D.|
2018/07/31 10:38:09 term 04 00 01 20 2c 48 44 8b  |... ,HD.|
2018/07/31 10:38:09 term 05 00 01 20 2c 48 44 8b  |... ,HD.|
2018/07/31 10:38:09 term 06 00 01 20 2c 48 44 8b  |... ,HD.|
2018/07/31 10:38:09 term 07 00 01 20 2c 48 44 8b  |... ,HD.|
2018/07/31 10:38:09 term 08 00 01 20 2c 48 64 09  |... ,Hd.|
2018/07/31 10:38:09 term 00 01 02 20 2c 48 44 84  |... ,HD.|
2018/07/31 10:38:09 term 08 00 03 20 2c 48 1f 00  |... ,H..|
2018/07/31 10:38:09 term 00 03 05 20 2c 48 56     |... ,HV|
2018/07/31 10:38:09 tcp  07 4f 00 21 c0 40 88     |.O.!.@.|
2018/07/31 10:38:09 term 47 49 00 21 c0 40 30 09  |GI.!.@0.|
2018/07/31 10:38:09 term 00 01 0b 20 2c 48 31 09  |... ,H1.|
2018/07/31 10:38:09 term 00 01 00 20 2c 48 44 8b  |... ,HD.|
2018/07/31 10:38:09 term 01 00 01 20 2c 48 44 8b  |... ,HD.|
2018/07/31 10:38:09 term 02 00 01 20 2c 48 44 8b  |... ,HD.|
2018/07/31 10:38:09 term 03 00 01 20 2c 48 44 8b  |... ,HD.|
2018/07/31 10:38:09 term 04 00 01 20 2c 48 44 8b  |... ,HD.|
2018/07/31 10:38:09 term 05 00 01 20 2c 48 44 8b  |... ,HD.|
2018/07/31 10:38:09 term 06 00 01 20 2c 48 39     |... ,H9|
2018/07/31 10:38:09 tcp  07 4f 00 22 00 40 47     |.O.".@G|
2018/07/31 10:38:09 term 47 49 00 22 00 40 44 8b  |GI.".@D.|
2018/07/31 10:38:09 term 07 00 01 20 2c 48 44 8b  |... ,HD.|
2018/07/31 10:38:09 term 08 00 01 20 2c 48 44 84  |... ,HD.|
2018/07/31 10:38:09 term 08 00 01 20 2c 48 64 09  |... ,Hd.|
2018/07/31 10:38:09 term 00 01 02 20 2c 48 1f 00  |... ,H..|
2018/07/31 10:38:09 term 00 03 02 20 2c 48 30 09  |... ,H0.|
2018/07/31 10:38:09 term 00 01 0b 20 2c 48 1f 00  |... ,H..|
2018/07/31 10:38:09 term 00 03 39 20 2c 48 1f 00  |..9 ,H..|
2018/07/31 10:38:09 term 00 03 40 20 2c 48 57     |..@ ,HW|
2018/07/31 10:38:09 tcp  07 4f 00 22 40 40 07     |.O."@@.|
2018/07/31 10:38:09 term 47 49 00 22 40 40 3a 09  |GI."@@:.|
2018/07/31 10:38:09 term 00 01 40 20 2c 48 64 09  |..@ ,Hd.|
2018/07/31 10:38:09 term 00 01 41 21 2c 48 3b 09  |..A!,H;.|
2018/07/31 10:38:09 term 00 01 59 21 2c 48 1f 00  |..Y!,H..|
2018/07/31 10:38:09 term 00 03 5f 21 2c 48 3a 09  |.._!,H:.|
2018/07/31 10:38:09 term 00 01 5f 21 2c 48 64 09  |.._!,Hd.|
2018/07/31 10:38:09 term 00 01 74 21 2c 48 31 09  |..t!,H1.|
2018/07/31 10:38:09 term 00 01 00 20 2c 48 44 8b  |... ,HD.|
2018/07/31 10:38:09 term 01 00 01 20 2c 48 45     |... ,HE|
2018/07/31 10:38:09 tcp  07 4f 00 22 80 40 c7     |.O.".@.|
2018/07/31 10:38:09 term 47 49 00 22 80 40 44 8b  |GI.".@D.|
2018/07/31 10:38:09 term 02 00 01 20 2c 48 44 8b  |... ,HD.|
2018/07/31 10:38:09 term 03 00 01 20 2c 48 44 8b  |... ,HD.|
2018/07/31 10:38:09 term 04 00 01 20 2c 48 44 8b  |... ,HD.|
2018/07/31 10:38:09 term 05 00 01 20 2c 48 44 8b  |... ,HD.|
2018/07/31 10:38:09 term 06 00 01 20 2c 48 44 8b  |... ,HD.|
2018/07/31 10:38:09 term 07 00 01 20 2c 48 44 8b  |... ,HD.|
2018/07/31 10:38:09 term 08 00 01 20 2c 48 64 09  |... ,Hd.|
2018/07/31 10:38:09 term 00 01 02 20 2c 48 aa     |... ,H.|
2018/07/31 10:38:09 tcp  07 4f 00 22 c0 40 87     |.O.".@.|
2018/07/31 10:38:09 term 47 49 00 22 c0 40 44 84  |GI.".@D.|
2018/07/31 10:38:09 term 08 00 02 20 2c 48 1f 00  |... ,H..|
2018/07/31 10:38:09 term 00 03 05 20 2c 48 1f 00  |... ,H..|
2018/07/31 10:38:09 term 01 01 09 20 2c 48 30 09  |... ,H0.|
2018/07/31 10:38:09 term 00 01 0b 20 2c 48 1f 00  |... ,H..|
2018/07/31 10:38:09 term 00 03 43 20 2c 48 1f 00  |..C ,H..|
2018/07/31 10:38:09 term 00 03 aa 20 2c 48 1f 00  |... ,H..|
2018/07/31 10:38:09 term 01 01 dd 20 2c 48 3a 09  |... ,H:.|
2018/07/31 10:38:09 term 00 01 cb 24 2c 48 03     |...$,H.|
2018/07/31 10:38:09 tcp  07 4f 00 23 00 40 46     |.O.#.@F|
2018/07/31 10:38:09 term 47 49 00 23 00 40 64 09  |GI.#.@d.|
2018/07/31 10:38:09 term 00 01 df 24 2c 48 3b 09  |...$,H;.|
2018/07/31 10:38:09 term 00 01 f5 24 2c 48 31 09  |...$,H1.|
2018/07/31 10:38:09 term 00 01 00 20 2c 48 44 8b  |... ,HD.|
2018/07/31 10:38:09 term 01 00 01 20 2c 48 44 8b  |... ,HD.|
2018/07/31 10:38:09 term 02 00 01 20 2c 48 44 8b  |... ,HD.|
2018/07/31 10:38:09 term 03 00 01 20 2c 48 44 8b  |... ,HD.|
2018/07/31 10:38:09 term 04 00 01 20 2c 48 44 8b  |... ,HD.|
2018/07/31 10:38:09 term 05 00 01 20 2c 48 83     |... ,H.|
2018/07/31 10:38:09 tcp  07 4f 00 23 40 40 06     |.O.#@@.|
2018/07/31 10:38:09 term 47 49 00 23 40 40 44 8b  |GI.#@@D.|
2018/07/31 10:38:09 term 06 00 01 20 2c 48 44 8b  |... ,HD.|
2018/07/31 10:38:09 term 07 00 01 20 2c 48 44 8b  |... ,HD.|
2018/07/31 10:38:09 term 08 00 01 20 2c 48 64 09  |... ,Hd.|
2018/07/31 10:38:09 term 00 01 02 20 2c 48 44 84  |... ,HD.|
2018/07/31 10:38:09 term 08 00 02 20 2c 48 1f 00  |... ,H..|
2018/07/31 10:38:09 term 00 03 04 20 2c 48 30 09  |... ,H0.|
2018/07/31 10:38:09 term 00 01 0b 20 2c 48 31 09  |... ,H1.|
2018/07/31 10:38:09 term 00 01 00 20 2c 48 bf     |... ,H.|
2018/07/31 10:38:09 tcp  07 4f 00 23 80 40 c6     |.O.#.@.|
2018/07/31 10:38:09 term 47 49 00 23 80 40 44 8b  |GI.#.@D.|
2018/07/31 10:38:09 term 01 00 01 20 2c 48 44 8b  |... ,HD.|
2018/07/31 10:38:09 term 02 00 01 20 2c 48 44 8b  |... ,HD.|
2018/07/31 10:38:09 term 03 00 01 20 2c 48 44 8b  |... ,HD.|
2018/07/31 10:38:09 term 04 00 01 20 2c 48 44 8b  |... ,HD.|
2018/07/31 10:38:09 term 05 00 01 20 2c 48 44 8b  |... ,HD.|
2018/07/31 10:38:09 term 06 00 01 20 2c 48 44 8b  |... ,HD.|
2018/07/31 10:38:10 term 07 00 01 20 2c 48 44 8b  |... ,HD.|
2018/07/31 10:38:10 term 08 00 01 20 2c 48 48     |... ,HH|
2018/07/31 10:38:10 tcp  07 4f 00 23 c0 40 86     |.O.#.@.|
2018/07/31 10:38:10 term 47 49 00 23 c0 40 44 84  |GI.#.@D.|
2018/07/31 10:38:10 term 08 00 01 20 2c 48 64 09  |... ,Hd.|
2018/07/31 10:38:10 term 00 01 02 20 2c 48 1f 00  |... ,H..|
2018/07/31 10:38:10 term 00 03 02 20 2c 48 30 09  |... ,H0.|
2018/07/31 10:38:10 term 00 01 0b 20 2c 48 31 09  |... ,H1.|
2018/07/31 10:38:10 term 00 01 00 20 2c 48 44 8b  |... ,HD.|
2018/07/31 10:38:10 term 01 00 01 20 2c 48 44 8b  |... ,HD.|
2018/07/31 10:38:10 term 02 00 01 20 2c 48 44 8b  |... ,HD.|
2018/07/31 10:38:10 term 03 00 01 20 2c 48 51     |... ,HQ|
2018/07/31 10:38:10 tcp  07 4f 00 24 00 40 45     |.O.$.@E|
2018/07/31 10:38:10 term 47 49 00 24 00 40 44 8b  |GI.$.@D.|
2018/07/31 10:38:10 term 04 00 01 20 2c 48 44 8b  |... ,HD.|
2018/07/31 10:38:10 term 05 00 01 20 2c 48 44 8b  |... ,HD.|
2018/07/31 10:38:10 term 06 00 01 20 2c 48 44 8b  |... ,HD.|
2018/07/31 10:38:10 term 07 00 01 20 2c 48 44 8b  |... ,HD.|
2018/07/31 10:38:10 term 08 00 01 20 2c 48 64 09  |... ,Hd.|
2018/07/31 10:38:10 term 00 01 02 20 2c 48 44 84  |... ,HD.|
2018/07/31 10:38:10 term 08 00 02 20 2c 48 1f 00  |... ,H..|
2018/07/31 10:38:10 term 00 03 04 20 2c 48 d5     |... ,H.|
2018/07/31 10:38:10 tcp  07 4f 00 24 40 40 05     |.O.$@@.|
2018/07/31 10:38:10 term 47 49 00 24 40 40 30 09  |GI.$@@0.|
2018/07/31 10:38:10 term 00 01 0b 20 2c 48 1f 00  |... ,H..|
2018/07/31 10:38:10 term 00 03 69 20 2c 48 1f 00  |..i ,H..|
2018/07/31 10:38:10 term 01 01 33 2c 2c 48 1f 00  |..3,,H..|
2018/07/31 10:38:10 term 01 01 39 2c 2c 48 1f 00  |..9,,H..|
2018/07/31 10:38:10 term 00 03 c4 23 2e 48 3a 09  |...#.H:.|
2018/07/31 10:38:10 term 00 01 50 24 2f 48 3b 09  |..P$/H;.|
2018/07/31 10:38:10 term 00 01 59 24 2f 48 71 09  |..Y$/Hq.|
2018/07/31 10:38:10 term 01 00 2b 26 2f 48 bb     |..+&/H.|
2018/07/31 10:38:10 tcp  07 4f 00 24 80 40 c5     |.O.$.@.|
2018/07/31 10:38:10 term 47 49 00 24 80 40 38 09  |GI.$.@8.|
2018/07/31 10:38:10 term 1d 01 a7 78 b6 4a 71 09  |...x.Jq.|
2018/07/31 10:38:10 term 01 00 a7 78 b6 4a 39 09  |...x.J9.|
2018/07/31 10:38:10 term 1d 01 a7 78 b6 4a 38 09  |...x.J8.|
2018/07/31 10:38:10 term 1d 01 a8 78 b6 4a 71 09  |...x.Jq.|
2018/07/31 10:38:10 term 01 00 a8 78 b6 4a 39 09  |...x.J9.|
2018/07/31 10:38:10 term 1d 01 a8 78 b6 4a 64 09  |...x.Jd.|
2018/07/31 10:38:10 term 01 01 c2 70 b7 4a 44 84  |...p.JD.|
2018/07/31 10:38:10 term 03 00 0a 70 c9 4a 60     |...p.J`|
2018/07/31 10:38:10 tcp  07 4f 00 24 c0 40 85     |.O.$.@.|
2018/07/31 10:38:10 term 47 49 00 24 c0 40 1f 00  |GI.$.@..|
2018/07/31 10:38:10 term 01 01 1c 70 c9 4a 6f 05  |...p.Jo.|
2018/07/31 10:38:10 term 01 01 1c 70 c9 4a 4d 16  |...p.JM.|
2018/07/31 10:38:10 term 0b 01 1c 70 c9 4a 30 0a  |...p.J0.|
2018/07/31 10:38:10 term 00 01 a9 70 c9 4a 71 09  |...p.Jq.|
2018/07/31 10:38:10 term 01 00 d0 70 c9 4a 1f 00  |...p.J..|
2018/07/31 10:38:10 term 01 01 ed 70 c9 4a 6f 05  |...p.Jo.|
2018/07/31 10:38:10 term 01 01 ed 70 c9 4a 4d 16  |...p.JM.|
2018/07/31 10:38:10 term 0b 01 ed 70 c9 4a dd     |...p.J.|
2018/07/31 10:38:10 tcp  07 4f 00 25 00 40 44     |.O.%.@D|
2018/07/31 10:38:10 term 47 49 00 25 00 40 1f 00  |GI.%.@..|
2018/07/31 10:38:10 term 01 01 f7 70 c9 4a 6f 05  |...p.Jo.|
2018/07/31 10:38:10 term 01 01 f7 70 c9 4a 4d 16  |...p.JM.|
2018/07/31 10:38:10 term 0b 01 f7 70 c9 4a 1f 00  |...p.J..|
2018/07/31 10:38:10 term 00 03 fb 70 c9 4a 3a 09  |...p.J:.|
2018/07/31 10:38:10 term 00 01 fb 70 c9 4a 3b 09  |...p.J;.|
2018/07/31 10:38:10 term 00 01 00 71 ca 4a 71 09  |...q.Jq.|
2018/07/31 10:38:10 term 01 00 4f 7a 0d 4b 1f 00  |..Oz.K..|
2018/07/31 10:38:10 term 01 01 29 7b 0d 4b b1     |..){.K.|
2018/07/31 10:38:10 tcp  07 4f 00 25 40 40 04     |.O.%@@.|
2018/07/31 10:38:10 term 47 49 00 25 40 40 1f 00  |GI.%@@..|
2018/07/31 10:38:10 term 01 01 45 7b 0d 4b 71 09  |..E{.Kq.|
2018/07/31 10:38:10 term 01 00 71 7b 0d 4b 71 09  |..q{.Kq.|
2018/07/31 10:38:10 term 01 00 df 7b 0d 4b 1f 00  |...{.K..|
2018/07/31 10:38:10 term 01 01 64 7d 0d 4b 6f 05  |..d}.Ko.|
2018/07/31 10:38:10 term 01 01 64 7d 0d 4b 4d 16  |..d}.KM.|
2018/07/31 10:38:10 term 0b 01 64 7d 0d 4b 1f 00  |..d}.K..|
2018/07/31 10:38:10 term 01 01 72 7d 0d 4b 6f 05  |..r}.Ko.|
2018/07/31 10:38:10 term 01 01 72 7d 0d 4b cf     |..r}.K.|
2018/07/31 10:38:10 tcp  07 4f 00 25 80 40 c4     |.O.%.@.|
2018/07/31 10:38:10 term 47 49 00 25 80 40 4d 16  |GI.%.@M.|
2018/07/31 10:38:10 term 0b 01 72 7d 0d 4b 1f 00  |..r}.K..|
2018/07/31 10:38:10 term 01 01 a0 7d 0d 4b 6f 05  |...}.Ko.|
2018/07/31 10:38:10 term 01 01 a0 7d 0d 4b 4d 16  |...}.KM.|
2018/07/31 10:38:10 term 0b 01 a0 7d 0d 4b 71 09  |...}.Kq.|
2018/07/31 10:38:10 term 01 00 e0 7d 0d 4b 71 09  |...}.Kq.|
2018/07/31 10:38:10 term 01 00 02 7e 0d 4b 44 84  |...~.KD.|
2018/07/31 10:38:10 term 01 00 04 7e 0d 4b 44 84  |...~.KD.|
2018/07/31 10:38:10 term 02 00 04 7e 0d 4b a5     |...~.K.|
2018/07/31 10:38:10 tcp  07 4f 00 25 c0 40 84     |.O.%.@.|
2018/07/31 10:38:10 term 47 49 00 25 c0 40 1f 00  |GI.%.@..|
2018/07/31 10:38:10 term 01 01 57 7e 0d 4b 6f 05  |..W~.Ko.|
2018/07/31 10:38:10 term 01 01 57 7e 0d 4b 4d 16  |..W~.KM.|
2018/07/31 10:38:10 term 0b 01 57 7e 0d 4b 1f 00  |..W~.K..|
2018/07/31 10:38:10 term 01 01 7b 7e 0d 4b 6f 05  |..{~.Ko.|
2018/07/31 10:38:10 term 01 01 7b 7e 0d 4b 4d 16  |..{~.KM.|
2018/07/31 10:38:10 term 0b 01 7b 7e 0d 4b 30 09  |..{~.K0.|
2018/07/31 10:38:10 term 00 01 8b 7d 4d 4b 1f 00  |...}MK..|
2018/07/31 10:38:10 term 01 01 9a 7d 4d 4b 1a     |...}MK.|
2018/07/31 10:38:10 tcp  07 4f 00 26 00 40 43     |.O.&.@C|
2018/07/31 10:38:10 term 47 49 00 26 00 40 6f 05  |GI.&.@o.|
2018/07/31 10:38:10 term 01 01 9a 7d 4d 4b 4d 16  |...}MKM.|
2018/07/31 10:38:10 term 0b 01 9a 7d 4d 4b 1f 00  |...}MK..|
2018/07/31 10:38:10 term 01 01 9f 7d 4d 4b 6f 05  |...}MKo.|
2018/07/31 10:38:10 term 01 01 9f 7d 4d 4b 4d 16  |...}MKM.|
2018/07/31 10:38:10 term 0b 01 9f 7d 4d 4b 31 09  |...}MK1.|
2018/07/31 10:38:10 term 00 01 00 20 2c 48 44 8b  |... ,HD.|
2018/07/31 10:38:10 term 08 00 01 20 2c 48 64 09  |... ,Hd.|
2018/07/31 10:38:10 term 00 01 02 20 2c 48 65     |... ,He|
2018/07/31 10:38:10 tcp  07 4f 00 26 40 40 03     |.O.&@@.|
2018/07/31 10:38:10 term 47 49 00 26 40 40 44 84  |GI.&@@D.|
2018/07/31 10:38:10 term 08 00 02 20 2c 48 1f 00  |... ,H..|
2018/07/31 10:38:10 term 01 01 05 20 2c 48 30 09  |... ,H0.|
2018/07/31 10:38:10 term 00 01 0b 20 2c 48 1f 00  |... ,H..|
2018/07/31 10:38:10 term 01 01 17 20 2c 48 6f 05  |... ,Ho.|
2018/07/31 10:38:10 term 01 01 17 20 2c 48 4d 16  |... ,HM.|
2018/07/31 10:38:10 term 0b 01 17 20 2c 48 30 0a  |... ,H0.|
2018/07/31 10:38:10 term 00 01 29 20 2c 48 1f 00  |..) ,H..|
2018/07/31 10:38:10 term 01 01 35 20 2c 48 e7     |..5 ,H.|
2018/07/31 10:38:10 tcp  07 4f 00 26 80 40 c3     |.O.&.@.|
2018/07/31 10:38:10 term 47 49 00 26 80 40 6f 05  |GI.&.@o.|
2018/07/31 10:38:10 term 01 01 35 20 2c 48 4d 16  |..5 ,HM.|
2018/07/31 10:38:10 term 0b 01 35 20 2c 48 31 09  |..5 ,H1.|
2018/07/31 10:38:10 term 00 01 00 20 2c 48 44 8b  |... ,HD.|
2018/07/31 10:38:10 term 08 00 01 20 2c 48 64 09  |... ,Hd.|
2018/07/31 10:38:10 term 00 01 02 20 2c 48 44 84  |... ,HD.|
2018/07/31 10:38:10 term 08 00 02 20 2c 48 1f 00  |... ,H..|
2018/07/31 10:38:10 term 00 03 04 20 2c 48 30 09  |... ,H0.|
2018/07/31 10:38:11 term 00 01 0b 20 2c 48 da     |... ,H.|
2018/07/31 10:38:11 tcp  07 4f 00 26 c0 40 83     |.O.&.@.|
2018/07/31 10:38:11 term 47 49 00 26 c0 40 31 09  |GI.&.@1.|
2018/07/31 10:38:11 term 00 01 00 20 2c 48 44 8b  |... ,HD.|
2018/07/31 10:38:11 term 08 00 01 20 2c 48 64 09  |... ,Hd.|
2018/07/31 10:38:11 term 00 01 02 20 2c 48 44 84  |... ,HD.|
2018/07/31 10:38:11 term 08 00 02 20 2c 48 1f 00  |... ,H..|
2018/07/31 10:38:11 term 00 03 07 20 2c 48 30 09  |... ,H0.|
2018/07/31 10:38:11 term 00 01 0b 20 2c 48 1f 00  |... ,H..|
2018/07/31 10:38:11 term 01 01 79 20 2c 48 6f 05  |..y ,Ho.|
2018/07/31 10:38:11 term 01 01 79 20 2c 48 5d     |..y ,H]|
2018/07/31 10:38:11 tcp  07 4f 00 27 00 40 42     |.O.'.@B|
2018/07/31 10:38:11 term 47 49 00 27 00 40 4d 16  |GI.'.@M.|
2018/07/31 10:38:11 term 0b 01 79 20 2c 48 30 0a  |..y ,H0.|
2018/07/31 10:38:11 term 00 01 8b 20 2c 48 1f 00  |... ,H..|
2018/07/31 10:38:11 term 01 01 ab 20 2c 48 6f 05  |... ,Ho.|
2018/07/31 10:38:11 term 01 01 ab 20 2c 48 4d 16  |... ,HM.|
2018/07/31 10:38:11 term 0b 01 ab 20 2c 48 1f 00  |... ,H..|
2018/07/31 10:38:11 term 01 01 b2 20 2c 48 6f 05  |... ,Ho.|
2018/07/31 10:38:11 term 01 01 b2 20 2c 48 4d 16  |... ,HM.|
2018/07/31 10:38:11 term 0b 01 b2 20 2c 48 97     |... ,H.|
2018/07/31 10:38:11 tcp  07 4f 00 27 40 40 02     |.O.'@@.|
2018/07/31 10:38:11 term 47 49 00 27 40 40 1f 00  |GI.'@@..|
2018/07/31 10:38:11 term 01 01 fa 20 2c 48 6f 05  |... ,Ho.|
2018/07/31 10:38:11 term 01 01 fa 20 2c 48 4d 16  |... ,HM.|
2018/07/31 10:38:11 term 0b 01 fa 20 2c 48 1f 00  |... ,H..|
2018/07/31 10:38:11 term 01 01 05 21 2c 48 6f 05  |...!,Ho.|
2018/07/31 10:38:11 term 01 01 05 21 2c 48 4d 16  |...!,HM.|
2018/07/31 10:38:11 term 0b 01 05 21 2c 48 20 10  |...!,H .|
2018/07/31 10:38:11 term 0b 01 09 21 2c 48 1f 00  |...!,H..|
2018/07/31 10:38:11 term 01 01 3b 21 2c 48 79     |..;!,Hy|
2018/07/31 10:38:11 tcp  07 4f 00 27 80 40 c2     |.O.'.@.|
2018/07/31 10:38:11 term 47 49 00 27 80 40 6f 05  |GI.'.@o.|
2018/07/31 10:38:11 term 01 01 3b 21 2c 48 4d 16  |..;!,HM.|
2018/07/31 10:38:11 term 0b 01 3b 21 2c 48 20 11  |..;!,H .|
2018/07/31 10:38:11 term 0b 01 40 21 2c 48 71 09  |..@!,Hq.|
2018/07/31 10:38:11 term 01 00 92 2a 2c 48 64 09  |...*,Hd.|
2018/07/31 10:38:11 term 01 01 99 2a 2c 48 71 09  |...*,Hq.|
2018/07/31 10:38:11 term 01 00 99 2a 2c 48 71 09  |...*,Hq.|
2018/07/31 10:38:11 term 01 00 f1 2a 2c 48 64 09  |...*,Hd.|
2018/07/31 10:38:11 term 01 01 02 2b 2c 48 d4     |...+,H.|
2018/07/31 10:38:11 tcp  07 4f 00 27 c0 40 82     |.O.'.@.|
2018/07/31 10:38:11 term 47 49 00 27 c0 40 64 09  |GI.'.@d.|
2018/07/31 10:38:11 term 01 01 4e 2b 2c 48 53 00  |..N+,HS.|
2018/07/31 10:38:11 term 06 01 ca 22 42 48 1f 00  |..."BH..|
2018/07/31 10:38:11 term 00 00 d3 22 42 48 40 8b  |..."BH@.|
2018/07/31 10:38:11 term 0b 00 f0 22 42 48 40 8c  |..."BH@.|
2018/07/31 10:38:11 term 0b 00 f7 22 42 48 3b 09  |..."BH;.|
2018/07/31 10:38:11 term 00 01 00 23 42 48 53 00  |...#BHS.|
2018/07/31 10:38:11 term 06 01 14 23 42 48 1f 00  |...#BH..|
2018/07/31 10:38:11 term 00 00 95 23 42 48 24     |...#BH$|
2018/07/31 10:38:11 tcp  07 4f 00 28 00 40 41     |.O.(.@A|
2018/07/31 10:38:11 term 47 49 00 28 00 40 3a 09  |GI.(.@:.|
2018/07/31 10:38:11 term 00 00 95 23 42 48 3b 09  |...#BH;.|
2018/07/31 10:38:11 term 00 01 80 23 43 48 53 00  |...#CHS.|
2018/07/31 10:38:11 term 06 01 da 28 44 48 1f 00  |...(DH..|
2018/07/31 10:38:11 term 00 00 ef 28 44 48 3a 09  |...(DH:.|
2018/07/31 10:38:11 term 00 00 ef 28 44 48 3c 8b  |...(DH<.|
2018/07/31 10:38:11 term 00 00 21 29 44 48 64 09  |..!)DHd.|
2018/07/31 10:38:11 term 00 01 21 29 44 48 3b 09  |..!)DH;.|
2018/07/31 10:38:11 term 00 01 41 29 44 48 63     |..A)DHc|
2018/07/31 10:38:11 tcp  07 4f 00 28 40 40 01     |.O.(@@.|
2018/07/31 10:38:11 term 47 49 00 28 40 40 1f 00  |GI.(@@..|
2018/07/31 10:38:11 term 00 00 48 29 44 48 3a 09  |..H)DH:.|
2018/07/31 10:38:11 term 00 00 48 29 44 48 31 09  |..H)DH1.|
2018/07/31 10:38:11 term 00 01 00 20 2c 48 30 09  |... ,H0.|
2018/07/31 10:38:11 term 00 01 0b 20 2c 48 64 09  |... ,Hd.|
2018/07/31 10:38:11 term 00 01 0c 20 2c 48 30 0a  |... ,H0.|
2018/07/31 10:38:11 term 00 01 29 20 2c 48 40 8b  |..) ,H@.|
2018/07/31 10:38:11 term 0c 00 46 20 2c 48 40 8c  |..F ,H@.|
2018/07/31 10:38:11 term 0c 00 49 20 2c 48 57     |..I ,HW|
2018/07/31 10:38:11 tcp  07 4f 00 28 80 40 c1     |.O.(.@.|
2018/07/31 10:38:11 term 47 49 00 28 80 40 53 00  |GI.(.@S.|
2018/07/31 10:38:11 term 06 01 4c 20 2c 48 1f 00  |..L ,H..|
2018/07/31 10:38:11 term 00 00 55 20 2c 48 3a 09  |..U ,H:.|
2018/07/31 10:38:11 term 00 00 56 20 2c 48 64 09  |..V ,Hd.|
2018/07/31 10:38:11 term 00 01 5f 20 2c 48 3b 09  |.._ ,H;.|
2018/07/31 10:38:11 term 00 01 b3 20 2c 48 1f 00  |... ,H..|
2018/07/31 10:38:11 term 00 00 66 26 2c 48 3a 09  |..f&,H:.|
2018/07/31 10:38:11 term 00 00 66 26 2c 48 3f 8b  |..f&,H?.|
2018/07/31 10:38:11 term 0b 00 db 26 2c 48 7f     |...&,H.|
2018/07/31 10:38:11 tcp  07 4f 00 28 c0 40 81     |.O.(.@.|
2018/07/31 10:38:11 term 47 49 00 28 c0 40 64 09  |GI.(.@d.|
2018/07/31 10:38:11 term 00 01 dc 26 2c 48 53 00  |...&,HS.|
2018/07/31 10:38:11 term 06 01 e0 26 2c 48 3f 8c  |...&,H?.|
2018/07/31 10:38:11 term 0b 00 e4 26 2c 48 3b 09  |...&,H;.|
2018/07/31 10:38:11 term 00 01 75 2a 2c 48 53 00  |..u*,HS.|
2018/07/31 10:38:11 term 06 01 83 2a 2c 48 20 10  |...*,H .|
2018/07/31 10:38:11 term 0c 01 85 2a 2c 48 53 00  |...*,HS.|
2018/07/31 10:38:11 term 06 01 8b 2a 2c 48 20 11  |...*,H .|
2018/07/31 10:38:11 term 0c 01 8d 2a 2c 48 1c     |...*,H.|
2018/07/31 10:38:11 tcp  07 4f 00 29 00 40 40     |.O.).@@|
2018/07/31 10:38:11 term 47 49 00 29 00 40 53 00  |GI.).@S.|
2018/07/31 10:38:11 term 06 01 93 2a 2c 48 20 10  |...*,H .|
2018/07/31 10:38:11 term 0c 01 97 2a 2c 48 21 05  |...*,H!.|
2018/07/31 10:38:11 term 00 01 a3 2a 2c 48 55 00  |...*,HU.|
2018/07/31 10:38:11 term 01 01 a3 2a 2c 48 21 06  |...*,H!.|
2018/07/31 10:38:11 term 00 01 e3 2a 2c 48 53 00  |...*,HS.|
2018/07/31 10:38:11 term 06 01 eb 2a 2c 48 20 10  |...*,H .|
2018/07/31 10:38:11 term 0c 01 fb 2a 2c 48 53 00  |...*,HS.|
2018/07/31 10:38:11 term 06 01 02 2b 2c 48 ac     |...+,H.|
2018/07/31 10:38:11 tcp  07 4f 00 29 40 40 00     |.O.)@@.|
2018/07/31 10:38:11 term 47 49 00 29 40 40 20 11  |GI.)@@ .|
2018/07/31 10:38:11 term 0c 01 04 2b 2c 48 53 00  |...+,HS.|
2018/07/31 10:38:11 term 06 01 07 2b 2c 48 4a 0d  |...+,HJ.|
2018/07/31 10:38:11 term 06 01 71 2b 2c 48 4a 0f  |..q+,HJ.|
2018/07/31 10:38:11 term 09 01 75 2b 2c 48 4a 0f  |..u+,HJ.|
2018/07/31 10:38:11 term 01 01 83 2b 2c 48 4a 0e  |...+,HJ.|
2018/07/31 10:38:11 term 06 01 98 2b 2c 48 1f 00  |...+,H..|
2018/07/31 10:38:11 term 00 00 b1 20 2d 48 3a 09  |... -H:.|
2018/07/31 10:38:11 term 00 00 b1 20 2d 48 ff     |... -H.|
2018/07/31 10:38:11 tcp  07 4f 00 29 80 40 c0     |.O.).@.|
2018/07/31 10:38:11 term 47 49 00 29 80 40 1f 00  |GI.).@..|
2018/07/31 10:38:11 term 00 00 d6 20 2d 48 1f 00  |... -H..|
2018/07/31 10:38:11 term 00 00 02 21 2d 48 1f 00  |...!-H..|
2018/07/31 10:38:11 term 00 00 1c 21 2d 48 3f 8b  |...!-H?.|
2018/07/31 10:38:11 term 0b 00 3a 21 2d 48 64 09  |..:!-Hd.|
2018/07/31 10:38:11 term 00 01 3b 21 2d 48 3f 8c  |..;!-H?.|
2018/07/31 10:38:11 term 0b 00 42 21 2d 48 53 00  |..B!-HS.|
2018/07/31 10:38:11 term 06 01 46 21 2d 48 1f 00  |..F!-H..|
2018/07/31 10:38:11 term 00 00 4c 21 2d 48 ab     |..L!-H.|
2018/07/31 10:38:12 tcp  07 4f 00 29 c0 40 80     |.O.).@.|
2018/07/31 10:38:12 term 47 49 00 29 c0 40 3f 8b  |GI.).@?.|
2018/07/31 10:38:12 term 0b 00 82 21 2d 48 3f 8c  |...!-H?.|
2018/07/31 10:38:12 term 0b 00 86 21 2d 48 1f 00  |...!-H..|
2018/07/31 10:38:12 term 00 00 87 21 2d 48 1f 00  |...!-H..|
2018/07/31 10:38:12 term 00 00 b0 21 2d 48 1f 00  |...!-H..|
2018/07/31 10:38:12 term 00 03 9b 22 2d 48 1f 00  |..."-H..|
2018/07/31 10:38:12 term 00 03 a4 22 2d 48 1f 00  |..."-H..|
2018/07/31 10:38:12 term 00 03 c8 22 2d 48 1f 00  |..."-H..|
2018/07/31 10:38:12 term 00 03 d2 22 2d 48 09     |..."-H.|
2018/07/31 10:38:12 tcp  07 4f 00 2a 00 40 3f     |.O.*.@?|
2018/07/31 10:38:12 term 47 49 00 2a 00 40 1f 00  |GI.*.@..|
2018/07/31 10:38:12 term 00 03 b6 25 2d 48 1f 00  |...%-H..|
2018/07/31 10:38:12 term 00 03 c3 25 2d 48 1f 00  |...%-H..|
2018/07/31 10:38:12 term 00 03 68 2d 2d 48 3b 09  |..h--H;.|
2018/07/31 10:38:12 term 00 01 c0 25 2e 48 1f 00  |...%.H..|
2018/07/31 10:38:12 term 00 03 2a 26 30 48 2f 89  |..*&0H/.|
2018/07/31 10:38:12 term 00 01 84 29 30 48 40 8b  |...)0H@.|
2018/07/31 10:38:12 term 0c 00 a4 2e 50 48 40 8c  |....PH@.|
2018/07/31 10:38:12 term 0c 00 b0 2e 50 48 f1     |....PH.|
2018/07/31 10:38:12 tcp  07 4f 00 2a 40 40 ff     |.O.*@@.|
2018/07/31 10:38:12 term 47 49 00 2a 40 40 1f 00  |GI.*@@..|
2018/07/31 10:38:12 term 01 01 b2 2e 50 48 1f 00  |....PH..|
2018/07/31 10:38:12 term 01 01 c2 2e 50 48 1f 00  |....PH..|
2018/07/31 10:38:12 term 01 01 d2 2e 50 48 1f 00  |....PH..|
2018/07/31 10:38:12 term 00 03 d9 2e 50 48 3a 09  |....PH:.|
2018/07/31 10:38:12 term 00 01 d9 2e 50 48 31 09  |....PH1.|
2018/07/31 10:38:12 term 00 01 00 20 2c 48 44 8b  |... ,HD.|
2018/07/31 10:38:12 term 01 00 01 20 2c 48 44 8b  |... ,HD.|
2018/07/31 10:38:12 term 02 00 01 20 2c 48 8c     |... ,H.|
2018/07/31 10:38:12 tcp  07 4f 00 2a 80 40 bf     |.O.*.@.|
2018/07/31 10:38:12 term 47 49 00 2a 80 40 44 8b  |GI.*.@D.|
2018/07/31 10:38:12 term 03 00 01 20 2c 48 44 8b  |... ,HD.|
2018/07/31 10:38:12 term 04 00 01 20 2c 48 44 8b  |... ,HD.|
2018/07/31 10:38:12 term 05 00 01 20 2c 48 44 8b  |... ,HD.|
2018/07/31 10:38:12 term 06 00 01 20 2c 48 44 8b  |... ,HD.|
2018/07/31 10:38:12 term 07 00 01 20 2c 48 44 8b  |... ,HD.|
2018/07/31 10:38:12 term 08 00 01 20 2c 48 64 09  |... ,Hd.|
2018/07/31 10:38:12 term 00 01 02 20 2c 48 1f 00  |... ,H..|
2018/07/31 10:38:12 term 01 01 07 20 2c 48 4c     |... ,HL|
2018/07/31 10:38:12 tcp  07 4f 00 2a c0 40 7f     |.O.*.@.|
2018/07/31 10:38:12 term 47 49 00 2a c0 40 30 09  |GI.*.@0.|
2018/07/31 10:38:12 term 00 01 0b 20 2c 48 31 09  |... ,H1.|
2018/07/31 10:38:12 term 00 01 00 20 2c 48 44 8b  |... ,HD.|
2018/07/31 10:38:12 term 01 00 01 20 2c 48 44 8b  |... ,HD.|
2018/07/31 10:38:12 term 02 00 01 20 2c 48 44 8b  |... ,HD.|
2018/07/31 10:38:12 term 03 00 01 20 2c 48 44 8b  |... ,HD.|
2018/07/31 10:38:12 term 04 00 01 20 2c 48 44 8b  |... ,HD.|
2018/07/31 10:38:12 term 05 00 01 20 2c 48 44 8b  |... ,HD.|
2018/07/31 10:38:12 term 06 00 01 20 2c 48 30     |... ,H0|
2018/07/31 10:38:12 tcp  07 4f 00 2b 00 40 3e     |.O.+.@>|
2018/07/31 10:38:12 term 47 49 00 2b 00 40 44 8b  |GI.+.@D.|
2018/07/31 10:38:12 term 07 00 01 20 2c 48 44 8b  |... ,HD.|
2018/07/31 10:38:12 term 08 00 01 20 2c 48 64 09  |... ,Hd.|
2018/07/31 10:38:12 term 00 01 02 20 2c 48 1f 00  |... ,H..|
2018/07/31 10:38:12 term 01 01 06 20 2c 48 30 09  |... ,H0.|
2018/07/31 10:38:12 term 00 01 0b 20 2c 48 1f 00  |... ,H..|
2018/07/31 10:38:12 term 00 03 13 20 2c 48 3a 09  |... ,H:.|
2018/07/31 10:38:12 term 00 01 13 20 2c 48 64 09  |... ,Hd.|
2018/07/31 10:38:12 term 00 01 1a 20 2c 48 c5     |... ,H.|
2018/07/31 10:38:12 tcp  07 4f 00 2b 40 40 fe     |.O.+@@.|
2018/07/31 10:38:12 term 47 49 00 2b 40 40 3b 09  |GI.+@@;.|
2018/07/31 10:38:12 term 00 01 10 27 2c 48 1f 00  |...',H..|
2018/07/31 10:38:12 term 00 03 1f 27 2c 48 3a 09  |...',H:.|
2018/07/31 10:38:12 term 00 01 1f 27 2c 48 3b 09  |...',H;.|
2018/07/31 10:38:12 term 00 01 22 27 2c 48 30 0a  |.."',H0.|
2018/07/31 10:38:12 term 00 01 25 27 2c 48 1f 00  |..%',H..|
2018/07/31 10:38:12 term 01 01 27 27 2c 48 30 09  |..'',H0.|
2018/07/31 10:38:12 term 00 01 cb 2c 2c 48 31 09  |...,,H1.|
2018/07/31 10:38:12 term 00 01 00 20 2c 48 a6     |... ,H.|
2018/07/31 10:38:12 tcp  07 4f 00 2b 80 40 be     |.O.+.@.|
2018/07/31 10:38:12 term 47 49 00 2b 80 40 44 8b  |GI.+.@D.|
2018/07/31 10:38:12 term 01 00 01 20 2c 48 44 8b  |... ,HD.|
2018/07/31 10:38:12 term 02 00 01 20 2c 48 44 8b  |... ,HD.|
2018/07/31 10:38:12 term 03 00 01 20 2c 48 44 8b  |... ,HD.|
2018/07/31 10:38:12 term 04 00 01 20 2c 48 44 8b  |... ,HD.|
2018/07/31 10:38:12 term 05 00 01 20 2c 48 44 8b  |... ,HD.|
2018/07/31 10:38:12 term 06 00 01 20 2c 48 44 8b  |... ,HD.|
2018/07/31 10:38:12 term 07 00 01 20 2c 48 44 8b  |... ,HD.|
2018/07/31 10:38:12 term 08 00 01 20 2c 48 40     |... ,H@|
2018/07/31 10:38:12 tcp  07 4f 00 2b c0 40 7e     |.O.+.@~|
2018/07/31 10:38:12 term 47 49 00 2b c0 40 64 09  |GI.+.@d.|
2018/07/31 10:38:12 term 00 01 02 20 2c 48 1f 00  |... ,H..|
2018/07/31 10:38:12 term 01 01 16 20 2c 48 1f 00  |... ,H..|
2018/07/31 10:38:12 term 00 03 dd 22 2c 48 1f 00  |...",H..|
2018/07/31 10:38:12 term 01 01 a6 23 2c 48 1f 00  |...#,H..|
2018/07/31 10:38:12 term 01 01 a9 23 2c 48 1f 00  |...#,H..|
2018/07/31 10:38:12 term 00 03 25 24 2c 48 1f 00  |..%$,H..|
2018/07/31 10:38:12 term 00 03 44 24 2c 48 3a 09  |..D$,H:.|
2018/07/31 10:38:12 term 00 01 44 24 2c 48 24     |..D$,H$|
2018/07/31 10:38:12 tcp  07 4f 00 2c 00 40 3d     |.O.,.@=|
2018/07/31 10:38:12 term 47 49 00 2c 00 40 64 09  |GI.,.@d.|
2018/07/31 10:38:12 term 00 01 5f 24 2c 48 44 84  |.._$,HD.|
2018/07/31 10:38:12 term 08 00 81 24 2c 48 3b 09  |...$,H;.|
2018/07/31 10:38:12 term 00 01 91 24 2c 48 44 8b  |...$,HD.|
2018/07/31 10:38:12 term 08 00 e5 24 2c 48 44 84  |...$,HD.|
2018/07/31 10:38:12 term 08 00 e9 24 2c 48 1f 00  |...$,H..|
2018/07/31 10:38:12 term 01 01 f1 24 2c 48 1f 00  |...$,H..|
2018/07/31 10:38:12 term 00 03 e4 21 2d 48 1f 00  |...!-H..|
2018/07/31 10:38:12 term 00 03 e9 21 2d 48 bb     |...!-H.|
2018/07/31 10:38:12 tcp  07 4f 00 2c 40 40 fd     |.O.,@@.|
2018/07/31 10:38:12 term 47 49 00 2c 40 40 3a 09  |GI.,@@:.|
2018/07/31 10:38:12 term 00 01 e9 21 2d 48 64 09  |...!-Hd.|
2018/07/31 10:38:12 term 00 01 20 22 2d 48 3b 09  |.. "-H;.|
2018/07/31 10:38:12 term 00 01 9b 22 2d 48 1f 00  |..."-H..|
2018/07/31 10:38:12 term 00 03 dc 27 2d 48 1f 00  |...'-H..|
2018/07/31 10:38:12 term 00 03 70 28 2d 48 1f 00  |..p(-H..|
2018/07/31 10:38:12 term 00 03 74 28 2d 48 3a 09  |..t(-H:.|
2018/07/31 10:38:12 term 00 01 74 28 2d 48 58 09  |..t(-HX.|
2018/07/31 10:38:12 term 0e 01 e8 29 2d 48 1d     |...)-H.|
2018/07/31 10:38:12 tcp  07 4f 00 2c 80 40 bd     |.O.,.@.|
2018/07/31 10:38:13 term 47 49 00 2c 80 40 64 09  |GI.,.@d.|
2018/07/31 10:38:13 term 00 01 e9 29 2d 48 3b 09  |...)-H;.|
2018/07/31 10:38:13 term 00 01 fb 29 2d 48 31 09  |...)-H1.|
2018/07/31 10:38:13 term 00 01 00 20 2c 48 44 8b  |... ,HD.|
2018/07/31 10:38:13 term 01 00 01 20 2c 48 44 8b  |... ,HD.|
2018/07/31 10:38:13 term 02 00 01 20 2c 48 44 8b  |... ,HD.|
2018/07/31 10:38:13 term 03 00 01 20 2c 48 44 8b  |... ,HD.|
2018/07/31 10:38:13 term 04 00 01 20 2c 48 44 8b  |... ,HD.|
2018/07/31 10:38:13 term 05 00 01 20 2c 48 de     |... ,H.|
2018/07/31 10:38:13 tcp  07 4f 00 2c c0 40 7d     |.O.,.@}|
2018/07/31 10:38:13 term 47 49 00 2c c0 40 44 8b  |GI.,.@D.|
2018/07/31 10:38:13 term 06 00 01 20 2c 48 44 8b  |... ,HD.|
2018/07/31 10:38:13 term 07 00 01 20 2c 48 44 8b  |... ,HD.|
2018/07/31 10:38:13 term 08 00 01 20 2c 48 64 09  |... ,Hd.|
2018/07/31 10:38:13 term 00 01 02 20 2c 48 44 84  |... ,HD.|
2018/07/31 10:38:13 term 08 00 03 20 2c 48 1f 00  |... ,H..|
2018/07/31 10:38:13 term 01 01 06 20 2c 48 58 09  |... ,HX.|
2018/07/31 10:38:13 term 0e 01 0b 20 2c 48 58 09  |... ,HX.|
2018/07/31 10:38:13 term 0e 01 cb 20 2c 48 fe     |... ,H.|
2018/07/31 10:38:13 tcp  07 4f 00 2d 00 40 3c     |.O.-.@<|
2018/07/31 10:38:13 term 47 49 00 2d 00 40 33 09  |GI.-.@3.|
2018/07/31 10:38:13 term 00 01 cd 20 2c 48 58 09  |... ,HX.|
2018/07/31 10:38:13 term 04 01 ea 20 2c 48 1f 00  |... ,H..|
2018/07/31 10:38:13 term 00 03 50 23 2c 48 1f 00  |..P#,H..|
2018/07/31 10:38:13 term 00 03 53 23 2c 48 3a 09  |..S#,H:.|
2018/07/31 10:38:13 term 00 01 53 23 2c 48 64 09  |..S#,Hd.|
2018/07/31 10:38:13 term 00 01 75 23 2c 48 58 0a  |..u#,HX.|
2018/07/31 10:38:13 term 04 01 75 23 2c 48 3b 09  |..u#,H;.|
2018/07/31 10:38:13 term 00 01 80 23 2c 48 f4     |...#,H.|
2018/07/31 10:38:13 tcp  07 4f 00 2d 40 40 fc     |.O.-@@.|
2018/07/31 10:38:13 term 47 49 00 2d 40 40 1f 00  |GI.-@@..|
2018/07/31 10:38:13 term 00 03 b2 25 2c 48 1f 00  |...%,H..|
2018/07/31 10:38:13 term 00 03 b5 25 2c 48 3a 09  |...%,H:.|
2018/07/31 10:38:13 term 00 01 b6 25 2c 48 64 09  |...%,Hd.|
2018/07/31 10:38:13 term 00 01 d3 25 2c 48 3b 09  |...%,H;.|
2018/07/31 10:38:13 term 00 01 db 25 2c 48 71 09  |...%,Hq.|
2018/07/31 10:38:13 term 02 00 1d 26 2c 48 71 09  |...&,Hq.|
2018/07/31 10:38:13 term 02 00 26 26 2c 48 1f 00  |..&&,H..|
2018/07/31 10:38:13 term 00 03 13 27 2c 48 80     |...',H.|
2018/07/31 10:38:13 tcp  07 4f 00 2d 80 40 bc     |.O.-.@.|
2018/07/31 10:38:13 term 47 49 00 2d 80 40 1f 00  |GI.-.@..|
2018/07/31 10:38:13 term 00 03 1e 27 2c 48 3a 09  |...',H:.|
2018/07/31 10:38:13 term 00 01 1e 27 2c 48 58 0a  |...',HX.|
2018/07/31 10:38:13 term 0e 01 37 27 2c 48 33 0a  |..7',H3.|
2018/07/31 10:38:13 term 00 01 38 27 2c 48 3b 09  |..8',H;.|
2018/07/31 10:38:13 term 00 01 41 27 2c 48 71 09  |..A',Hq.|
2018/07/31 10:38:13 term 02 00 b7 28 2c 48 1f 00  |...(,H..|
2018/07/31 10:38:13 term 00 03 f9 2a 2c 48 1f 00  |...*,H..|
2018/07/31 10:38:13 term 00 03 11 2b 2c 48 db     |...+,H.|
2018/07/31 10:38:13 tcp  07 4f 00 2d c0 40 7c     |.O.-.@||
2018/07/31 10:38:13 term 47 49 00 2d c0 40 3a 09  |GI.-.@:.|
2018/07/31 10:38:13 term 00 01 11 2b 2c 48 3b 09  |...+,H;.|
2018/07/31 10:38:13 term 00 01 37 2b 2c 48 1f 00  |..7+,H..|
2018/07/31 10:38:13 term 00 03 83 2b 2c 48 1f 00  |...+,H..|
2018/07/31 10:38:13 term 00 03 8a 2b 2c 48 3a 09  |...+,H:.|
2018/07/31 10:38:13 term 00 01 8a 2b 2c 48 30 09  |...+,H0.|
2018/07/31 10:38:13 term 00 01 cb 2d 2c 48 64 09  |...-,Hd.|
2018/07/31 10:38:13 term 00 01 cc 2d 2c 48 31 09  |...-,H1.|
2018/07/31 10:38:13 term 00 01 00 20 2c 48 e7     |... ,H.|
2018/07/31 10:38:13 tcp  07 4f 00 2e 00 40 3b     |.O...@;|
2018/07/31 10:38:13 term 47 49 00 2e 00 40 44 8b  |GI...@D.|
2018/07/31 10:38:13 term 01 00 01 20 2c 48 44 8b  |... ,HD.|
2018/07/31 10:38:13 term 02 00 01 20 2c 48 44 8b  |... ,HD.|
2018/07/31 10:38:13 term 03 00 01 20 2c 48 44 8b  |... ,HD.|
2018/07/31 10:38:13 term 04 00 01 20 2c 48 44 8b  |... ,HD.|
2018/07/31 10:38:13 term 05 00 01 20 2c 48 44 8b  |... ,HD.|
2018/07/31 10:38:13 term 06 00 01 20 2c 48 44 8b  |... ,HD.|
2018/07/31 10:38:13 term 07 00 01 20 2c 48 44 8b  |... ,HD.|
2018/07/31 10:38:13 term 08 00 01 20 2c 48 bd     |... ,H.|
2018/07/31 10:38:13 tcp  07 4f 00 2e 40 40 fb     |.O..@@.|
2018/07/31 10:38:13 term 47 49 00 2e 40 40 64 09  |GI..@@d.|
2018/07/31 10:38:13 term 00 01 02 20 2c 48 44 84  |... ,HD.|
2018/07/31 10:38:13 term 08 00 03 20 2c 48 1f 00  |... ,H..|
2018/07/31 10:38:13 term 00 03 06 20 2c 48 30 09  |... ,H0.|
2018/07/31 10:38:13 term 00 01 0b 20 2c 48 31 09  |... ,H1.|
2018/07/31 10:38:13 term 00 01 00 20 2c 48 44 8b  |... ,HD.|
2018/07/31 10:38:13 term 01 00 01 20 2c 48 44 8b  |... ,HD.|
2018/07/31 10:38:13 term 02 00 01 20 2c 48 44 8b  |... ,HD.|
2018/07/31 10:38:13 term 03 00 01 20 2c 48 c0     |... ,H.|
2018/07/31 10:38:13 tcp  07 4f 00 2e 80 40 bb     |.O...@.|
2018/07/31 10:38:13 term 47 49 00 2e 80 40 44 8b  |GI...@D.|
2018/07/31 10:38:13 term 04 00 01 20 2c 48 44 8b  |... ,HD.|
2018/07/31 10:38:13 term 05 00 01 20 2c 48 44 8b  |... ,HD.|
2018/07/31 10:38:13 term 06 00 01 20 2c 48 44 8b  |... ,HD.|
2018/07/31 10:38:13 term 07 00 01 20 2c 48 44 8b  |... ,HD.|
2018/07/31 10:38:13 term 08 00 01 20 2c 48 64 09  |... ,Hd.|
2018/07/31 10:38:13 term 00 01 02 20 2c 48 44 84  |... ,HD.|
2018/07/31 10:38:13 term 08 00 03 20 2c 48 1f 00  |... ,H..|
2018/07/31 10:38:13 term 00 03 04 20 2c 48 4a     |... ,HJ|
2018/07/31 10:38:13 tcp  07 4f 00 2e c0 40 7b     |.O...@{|
2018/07/31 10:38:13 term 47 49 00 2e c0 40 30 09  |GI...@0.|
2018/07/31 10:38:13 term 00 01 0b 20 2c 48 1f 00  |... ,H..|
2018/07/31 10:38:13 term 00 03 30 20 2c 48 1f 00  |..0 ,H..|
2018/07/31 10:38:13 term 00 03 41 20 2c 48 3a 09  |..A ,H:.|
2018/07/31 10:38:13 term 00 01 41 20 2c 48 64 09  |..A ,Hd.|
2018/07/31 10:38:13 term 00 01 48 20 2c 48 3b 09  |..H ,H;.|
2018/07/31 10:38:13 term 00 01 a0 21 2c 48 1f 00  |...!,H..|
2018/07/31 10:38:13 term 00 03 2b 23 2c 48 31 09  |..+#,H1.|
2018/07/31 10:38:13 term 00 01 00 20 2c 48 fb     |... ,H.|
2018/07/31 10:38:13 tcp  07 4f 00 2f 00 40 3a     |.O./.@:|
2018/07/31 10:38:13 term 47 49 00 2f 00 40 44 8b  |GI./.@D.|
2018/07/31 10:38:13 term 01 00 01 20 2c 48 44 8b  |... ,HD.|
2018/07/31 10:38:13 term 02 00 01 20 2c 48 44 8b  |... ,HD.|
2018/07/31 10:38:13 term 03 00 01 20 2c 48 44 8b  |... ,HD.|
2018/07/31 10:38:13 term 04 00 01 20 2c 48 44 8b  |... ,HD.|
2018/07/31 10:38:13 term 05 00 01 20 2c 48 44 8b  |... ,HD.|
2018/07/31 10:38:13 term 06 00 01 20 2c 48 44 8b  |... ,HD.|
2018/07/31 10:38:13 term 07 00 01 20 2c 48 44 8b  |... ,HD.|
2018/07/31 10:38:13 term 08 00 01 20 2c 48 bc     |... ,H.|
2018/07/31 10:38:13 tcp  07 4f 00 2f 40 40 fa     |.O./@@.|
2018/07/31 10:38:13 term 47 49 00 2f 40 40 64 09  |GI./@@d.|
2018/07/31 10:38:13 term 00 01 02 20 2c 48 44 84  |... ,HD.|
2018/07/31 10:38:14 term 08 00 02 20 2c 48 1f 00  |... ,H..|
2018/07/31 10:38:14 term 00 03 04 20 2c 48 30 09  |... ,H0.|
2018/07/31 10:38:14 term 00 01 0b 20 2c 48 31 09  |... ,H1.|
2018/07/31 10:38:14 term 00 01 00 20 2c 48 44 8b  |... ,HD.|
2018/07/31 10:38:14 term 01 00 01 20 2c 48 44 8b  |... ,HD.|
2018/07/31 10:38:14 term 02 00 01 20 2c 48 44 8b  |... ,HD.|
2018/07/31 10:38:14 term 03 00 01 20 2c 48 c2     |... ,H.|
2018/07/31 10:38:14 tcp  07 4f 00 2f 80 20 da     |.O./. .|
2018/07/31 10:38:14 term 27 49 00 2f 80 20 44 8b  |'I./. D.|
2018/07/31 10:38:14 term 04 00 01 20 2c 48 44 8b  |... ,HD.|
2018/07/31 10:38:14 term 05 00 01 20 2c 48 44 8b  |... ,HD.|
2018/07/31 10:38:14 term 06 00 01 20 2c 48 44 8b  |... ,HD.|
2018/07/31 10:38:14 term 07 00 01 20 2c 48 1a     |... ,H.|
2018/07/31 10:38:23 tcp  03 50 ac                 |.P.|
2018/07/31 10:38:23 term 05 50 ff ff ac           |.P...|
2018/07/31 10:38:33 tcp  03 50 ac                 |.P.|
2018/07/31 10:38:33 term 05 50 ff ff ac           |.P...|
2018/07/31 10:38:36 tcp  07 4f 00 1f fe 02 8a     |.O.....|
2018/07/31 10:38:36 term 09 49 00 1f fe 02 f9 00  |.I......|
2018/07/31 10:38:36 term 95                       |.|
2018/07/31 10:38:36 tcp  07 4f 00 25 30 40 14     |.O.%0@.|
2018/07/31 10:38:37 term 47 49 00 25 30 40 71 09  |GI.%0@q.|
2018/07/31 10:38:37 term 01 00 4f 7a 0d 4b 1f 00  |..Oz.K..|
2018/07/31 10:38:37 term 01 01 29 7b 0d 4b 1f 00  |..){.K..|
2018/07/31 10:38:37 term 01 01 45 7b 0d 4b 71 09  |..E{.Kq.|
2018/07/31 10:38:37 term 01 00 71 7b 0d 4b 71 09  |..q{.Kq.|
2018/07/31 10:38:37 term 01 00 df 7b 0d 4b 1f 00  |...{.K..|
2018/07/31 10:38:37 term 01 01 64 7d 0d 4b 6f 05  |..d}.Ko.|
2018/07/31 10:38:37 term 01 01 64 7d 0d 4b 4d 16  |..d}.KM.|
2018/07/31 10:38:37 term 0b 01 64 7d 0d 4b 4b     |..d}.KK|
2018/07/31 10:38:37 tcp  07 4f 00 25 70 40 d4     |.O.%p@.|
2018/07/31 10:38:37 term 47 49 00 25 70 40 1f 00  |GI.%p@..|
2018/07/31 10:38:37 term 01 01 72 7d 0d 4b 6f 05  |..r}.Ko.|
2018/07/31 10:38:37 term 01 01 72 7d 0d 4b 4d 16  |..r}.KM.|
2018/07/31 10:38:37 term 0b 01 72 7d 0d 4b 1f 00  |..r}.K..|
2018/07/31 10:38:37 term 01 01 a0 7d 0d 4b 6f 05  |...}.Ko.|
2018/07/31 10:38:37 term 01 01 a0 7d 0d 4b 4d 16  |...}.KM.|
2018/07/31 10:38:37 term 0b 01 a0 7d 0d 4b 71 09  |...}.Kq.|
2018/07/31 10:38:37 term 01 00 e0 7d 0d 4b 71 09  |...}.Kq.|
2018/07/31 10:38:37 term 01 00 02 7e 0d 4b d7     |...~.K.|
2018/07/31 10:38:37 tcp  07 4f 00 25 b0 40 94     |.O.%.@.|
2018/07/31 10:38:37 term 47 49 00 25 b0 40 44 84  |GI.%.@D.|
2018/07/31 10:38:37 term 01 00 04 7e 0d 4b 44 84  |...~.KD.|
2018/07/31 10:38:37 term 02 00 04 7e 0d 4b 1f 00  |...~.K..|
2018/07/31 10:38:37 term 01 01 57 7e 0d 4b 6f 05  |..W~.Ko.|
2018/07/31 10:38:37 term 01 01 57 7e 0d 4b 4d 16  |..W~.KM.|
2018/07/31 10:38:37 term 0b 01 57 7e 0d 4b 1f 00  |..W~.K..|
2018/07/31 10:38:37 term 01 01 7b 7e 0d 4b 6f 05  |..{~.Ko.|
2018/07/31 10:38:37 term 01 01 7b 7e 0d 4b 4d 16  |..{~.KM.|
2018/07/31 10:38:37 term 0b 01 7b 7e 0d 4b 8d     |..{~.K.|
2018/07/31 10:38:37 tcp  07 4f 00 25 f0 40 54     |.O.%.@T|
2018/07/31 10:38:37 term 47 49 00 25 f0 40 30 09  |GI.%.@0.|
2018/07/31 10:38:37 term 00 01 8b 7d 4d 4b 1f 00  |...}MK..|
2018/07/31 10:38:37 term 01 01 9a 7d 4d 4b 6f 05  |...}MKo.|
2018/07/31 10:38:37 term 01 01 9a 7d 4d 4b 4d 16  |...}MKM.|
2018/07/31 10:38:37 term 0b 01 9a 7d 4d 4b 1f 00  |...}MK..|
2018/07/31 10:38:37 term 01 01 9f 7d 4d 4b 6f 05  |...}MKo.|
2018/07/31 10:38:37 term 01 01 9f 7d 4d 4b 4d 16  |...}MKM.|
2018/07/31 10:38:37 term 0b 01 9f 7d 4d 4b 31 09  |...}MK1.|
2018/07/31 10:38:37 term 00 01 00 20 2c 48 3c     |... ,H<|
2018/07/31 10:38:37 tcp  07 4f 00 26 30 40 13     |.O.&0@.|
2018/07/31 10:38:37 term 47 49 00 26 30 40 44 8b  |GI.&0@D.|
2018/07/31 10:38:37 term 08 00 01 20 2c 48 64 09  |... ,Hd.|
2018/07/31 10:38:37 term 00 01 02 20 2c 48 44 84  |... ,HD.|
2018/07/31 10:38:37 term 08 00 02 20 2c 48 1f 00  |... ,H..|
2018/07/31 10:38:37 term 01 01 05 20 2c 48 30 09  |... ,H0.|
2018/07/31 10:38:37 term 00 01 0b 20 2c 48 1f 00  |... ,H..|
2018/07/31 10:38:37 term 01 01 17 20 2c 48 6f 05  |... ,Ho.|
2018/07/31 10:38:37 term 01 01 17 20 2c 48 4d 16  |... ,HM.|
2018/07/31 10:38:37 term 0b 01 17 20 2c 48 69     |... ,Hi|
2018/07/31 10:38:37 tcp  07 4f 00 26 70 40 d3     |.O.&p@.|
2018/07/31 10:38:37 term 47 49 00 26 70 40 30 0a  |GI.&p@0.|
2018/07/31 10:38:37 term 00 01 29 20 2c 48 1f 00  |..) ,H..|
2018/07/31 10:38:37 term 01 01 35 20 2c 48 6f 05  |..5 ,Ho.|
2018/07/31 10:38:37 term 01 01 35 20 2c 48 4d 16  |..5 ,HM.|
2018/07/31 10:38:37 term 0b 01 35 20 2c 48 31 09  |..5 ,H1.|
2018/07/31 10:38:37 term 00 01 00 20 2c 48 44 8b  |... ,HD.|
2018/07/31 10:38:37 term 08 00 01 20 2c 48 64 09  |... ,Hd.|
2018/07/31 10:38:37 term 00 01 02 20 2c 48 44 84  |... ,HD.|
2018/07/31 10:38:37 term 08 00 02 20 2c 48 9b     |... ,H.|
2018/07/31 10:38:37 tcp  07 4f 00 26 b0 40 93     |.O.&.@.|
2018/07/31 10:38:37 term 47 49 00 26 b0 40 1f 00  |GI.&.@..|
2018/07/31 10:38:37 term 00 03 04 20 2c 48 30 09  |... ,H0.|
2018/07/31 10:38:37 term 00 01 0b 20 2c 48 31 09  |... ,H1.|
2018/07/31 10:38:37 term 00 01 00 20 2c 48 44 8b  |... ,HD.|
2018/07/31 10:38:37 term 08 00 01 20 2c 48 64 09  |... ,Hd.|
2018/07/31 10:38:37 term 00 01 02 20 2c 48 44 84  |... ,HD.|
2018/07/31 10:38:37 term 08 00 02 20 2c 48 1f 00  |... ,H..|
2018/07/31 10:38:37 term 00 03 07 20 2c 48 30 09  |... ,H0.|
2018/07/31 10:38:37 term 00 01 0b 20 2c 48 8b     |... ,H.|
2018/07/31 10:38:37 tcp  07 4f 00 26 f0 40 53     |.O.&.@S|
2018/07/31 10:38:37 term 47 49 00 26 f0 40 1f 00  |GI.&.@..|
2018/07/31 10:38:37 term 01 01 79 20 2c 48 6f 05  |..y ,Ho.|
2018/07/31 10:38:37 term 01 01 79 20 2c 48 4d 16  |..y ,HM.|
2018/07/31 10:38:37 term 0b 01 79 20 2c 48 30 0a  |..y ,H0.|
2018/07/31 10:38:37 term 00 01 8b 20 2c 48 1f 00  |... ,H..|
2018/07/31 10:38:37 term 01 01 ab 20 2c 48 6f 05  |... ,Ho.|
2018/07/31 10:38:37 term 01 01 ab 20 2c 48 4d 16  |... ,HM.|
2018/07/31 10:38:37 term 0b 01 ab 20 2c 48 1f 00  |... ,H..|
2018/07/31 10:38:37 term 01 01 b2 20 2c 48 68     |... ,Hh|
2018/07/31 10:38:37 tcp  07 4f 00 27 30 40 12     |.O.'0@.|
2018/07/31 10:38:37 term 47 49 00 27 30 40 6f 05  |GI.'0@o.|
2018/07/31 10:38:37 term 01 01 b2 20 2c 48 4d 16  |... ,HM.|
2018/07/31 10:38:37 term 0b 01 b2 20 2c 48 1f 00  |... ,H..|
2018/07/31 10:38:37 term 01 01 fa 20 2c 48 6f 05  |... ,Ho.|
2018/07/31 10:38:37 term 01 01 fa 20 2c 48 4d 16  |... ,HM.|
2018/07/31 10:38:37 term 0b 01 fa 20 2c 48 1f 00  |... ,H..|
2018/07/31 10:38:37 term 01 01 05 21 2c 48 6f 05  |...!,Ho.|
2018/07/31 10:38:37 term 01 01 05 21 2c 48 4d 16  |...!,HM.|
2018/07/31 10:38:37 term 0b 01 05 21 2c 48 e3     |...!,H.|
2018/07/31 10:38:37 tcp  07 4f 00 27 70 40 d2     |.O.'p@.|
2018/07/31 10:38:37 term 47 49 00 27 70 40 20 10  |GI.'p@ .|
2018/07/31 10:38:37 term 0b 01 09 21 2c 48 1f 00  |...!,H..|
2018/07/31 10:38:37 term 01 01 3b 21 2c 48 6f 05  |..;!,Ho.|
2018/07/31 10:38:37 term 01 01 3b 21 2c 48 4d 16  |..;!,HM.|
2018/07/31 10:38:37 term 0b 01 3b 21 2c 48 20 11  |..;!,H .|
2018/07/31 10:38:37 term 0b 01 40 21 2c 48 71 09  |..@!,Hq.|
2018/07/31 10:38:37 term 01 00 92 2a 2c 48 64 09  |...*,Hd.|
2018/07/31 10:38:37 term 01 01 99 2a 2c 48 71 09  |...*,Hq.|
2018/07/31 10:38:37 term 01 00 99 2a 2c 48 33     |...*,H3|
2018/07/31 10:38:37 tcp  07 4f 00 27 b0 18 ba     |.O.'...|
2018/07/31 10:38:37 term 1f 49 00 27 b0 18 71 09  |.I.'..q.|
2018/07/31 10:38:37 term 01 00 f1 2a 2c 48 64 09  |...*,Hd.|
2018/07/31 10:38:37 term 01 01 02 2b 2c 48 64 09  |...+,Hd.|
2018/07/31 10:38:37 term 01 01 4e 2b 2c 48 32     |..N+,H2|
2018/07/31 10:38:47 tcp  03 50 ac                 |.P.|
2018/07/31 10:38:47 term 05 50 ff ff ac           |.P...|
2018/07/31 10:38:57 tcp  03 50 ac                 |.P.|
2018/07/31 10:38:57 term 05 50 ff ff ac           |.P...|
2018/07/31 10:38:58 tcp  03 48 b4                 |.H.|
2018/07/31 10:38:58 term 03 06 f6                 |...|
2018/07/31 10:38:59 CLOSE (tcp read close)
