2018/07/31 10:35:35 OPEN (::ffff:192.168.1.228:64913)
2018/07/31 10:35:37 tcp  03 5a a2                 |.Z.|
2018/07/31 10:35:37 term 0b 5a 05 01 00 07 09 04  |.Z......|
2018/07/31 10:35:37 term 07 01 78                 |..x|
2018/07/31 10:35:37 tcp  0b 5a 31 32 33 34 35 36  |.Z123456|
2018/07/31 10:35:37 tcp  37 38 f6                 |78.|
2018/07/31 10:35:37 term 17 5a 45 6c 69 74 65 20  |.ZElite |
2018/07/31 10:35:37 term 32 34 20 20 20 20 56 34  |24    V4|
2018/07/31 10:35:37 term 2e 30 32 2e 30 31 ec     |.02.01.|
2018/07/31 10:35:37 tcp  07 4f 00 64 9b 10 9a     |.O.d...|
2018/07/31 10:35:37 term 17 49 00 64 9b 10 2f fc  |.I.d../.|
2018/07/31 10:35:37 term 56 50 85 90 48 44 76 11  |VP..HDv.|
2018/07/31 10:35:37 term 43 39 ce c4 19 76 fa     |C9...v.|
2018/07/31 10:35:37 tcp  07 4f 00 5d 04 10 38     |.O.]..8|
2018/07/31 10:35:37 term 17 49 00 5d 04 10 54 01  |.I.]..T.|
2018/07/31 10:35:37 term 07 94 71 b6 49 17 a5 1b  |..q.I...|
2018/07/31 10:35:37 term 32 5a 96 f9 6e 49 25     |2Z..nI%|
2018/07/31 10:35:37 tcp  07 4f 00 16 78 01 1a     |.O..x..|
2018/07/31 10:35:37 term 08 49 00 16 78 01 06 19  |.I..x...|
2018/07/31 10:35:37 tcp  07 4f 00 1f ca 07 b9     |.O.....|
2018/07/31 10:35:37 term 0e 49 00 1f ca 07 01 00  |.I......|
2018/07/31 10:35:37 term 00 00 ff ff 2c 8d        |....,.|
2018/07/31 10:35:37 tcp  07 4f 00 16 7e 01 14     |.O..~..|
2018/07/31 10:35:37 term 08 49 00 16 7e 01 00 19  |.I..~...|
2018/07/31 10:35:37 tcp  07 4f 00 5c 55 02 f6     |.O.\U..|
2018/07/31 10:35:37 term 09 49 00 5c 55 02 28 c0  |.I.\U.(.|
2018/07/31 10:35:37 term 12                       |.|
2018/07/31 10:35:37 tcp  07 4f 00 5c 57 02 f4     |.O.\W..|
2018/07/31 10:35:37 term 09 49 00 5c 57 02 23 9c  |.I.\W.#.|
2018/07/31 10:35:37 term 39                       |9|
2018/07/31 10:35:47 tcp  03 50 ac                 |.P.|
2018/07/31 10:35:47 term 05 50 ff ff ac           |.P...|
2018/07/31 10:35:57 tcp  03 50 ac                 |.P.|
2018/07/31 10:35:57 term 05 50 ff ff ac           |.P...|
2018/07/31 10:36:04 tcp  07 4f 00 40 00 40 29     |.O.@.@)|
2018/07/31 10:36:04 term 47 49 00 40 00 40 45 6e  |GI.@.@En|
2018/07/31 10:36:04 term 67 69 6e 65 65 72 4d 61  |gineerMa|
2018/07/31 10:36:04 term 73 74 65 72 20 20 20 20  |ster    |
2018/07/31 10:36:04 term 20 20 20 20 20 20 20 20  |        |
2018/07/31 10:36:04 term 20 20 20 20 20 20 20 20  |        |
2018/07/31 10:36:04 term 20 20 20 20 20 20 20 20  |        |
2018/07/31 10:36:04 term 20 20 20 20 20 20 20 20  |        |
2018/07/31 10:36:04 term 20 20 20 20 20 20 20 20  |        |
2018/07/31 10:36:04 term 20 20 20 20 20 20 16     |      .|
2018/07/31 10:36:04 tcp  07 4f 00 40 40 40 e9     |.O.@@@.|
2018/07/31 10:36:04 term 47 49 00 40 40 40 20 20  |GI.@@@  |
2018/07/31 10:36:04 term 20 20 20 20 20 20 20 20  |        |
2018/07/31 10:36:04 term 20 20 20 20 20 20 20 20  |        |
2018/07/31 10:36:04 term 20 20 20 20 20 20 20 20  |        |
2018/07/31 10:36:04 term 20 20 20 20 20 20 20 20  |        |
2018/07/31 10:36:04 term 20 20 20 20 20 20 20 20  |        |
2018/07/31 10:36:04 term 20 20 20 20 20 20 20 20  |        |
2018/07/31 10:36:04 term 20 20 20 20 20 20 20 20  |        |
2018/07/31 10:36:04 term 20 20 20 20 20 20 af     |      .|
2018/07/31 10:36:04 tcp  07 4f 00 40 80 40 a9     |.O.@.@.|
2018/07/31 10:36:04 term 47 49 00 40 80 40 20 20  |GI.@.@  |
2018/07/31 10:36:04 term 20 20 20 20 20 20 20 20  |        |
2018/07/31 10:36:04 term 20 20 20 20 20 20 20 20  |        |
2018/07/31 10:36:04 term 20 20 20 20 20 20 20 20  |        |
2018/07/31 10:36:04 term 20 20 20 20 20 20 20 20  |        |
2018/07/31 10:36:04 term 20 20 20 20 20 20 20 20  |        |
2018/07/31 10:36:04 term 20 20 20 20 20 20 20 20  |        |
2018/07/31 10:36:04 term 20 20 20 20 20 20 20 20  |        |
2018/07/31 10:36:04 term 20 20 20 20 20 20 6f     |      o|
2018/07/31 10:36:04 tcp  07 4f 00 40 c0 08 a1     |.O.@...|
2018/07/31 10:36:04 term 0f 49 00 40 c0 08 20 20  |.I.@..  |
2018/07/31 10:36:04 term 20 20 20 20 20 20 9f     |      .|
2018/07/31 10:36:04 tcp  07 4f 00 42 ee 32 47     |.O.B.2G|
2018/07/31 10:36:04 term 39 49 00 42 ee 32 03 00  |9I.B.2..|
2018/07/31 10:36:04 term 01 00 01 00 01 00 01 00  |........|
2018/07/31 10:36:04 term 01 00 01 00 01 00 01 00  |........|
2018/07/31 10:36:04 term 01 00 01 00 01 00 01 00  |........|
2018/07/31 10:36:04 term 01 00 01 00 01 00 01 00  |........|
2018/07/31 10:36:04 term 01 00 01 00 01 00 01 00  |........|
2018/07/31 10:36:04 term 01 00 01 00 01 00 01 00  |........|
2018/07/31 10:36:04 term 00                       |.|
2018/07/31 10:36:04 tcp  07 4f 00 43 52 32 e2     |.O.CR2.|
2018/07/31 10:36:04 term 39 49 00 43 52 32 8f b3  |9I.CR2..|
2018/07/31 10:36:04 term 87 b1 87 81 87 81 87 81  |........|
2018/07/31 10:36:04 term 87 81 87 81 87 81 87 81  |........|
2018/07/31 10:36:04 term 87 81 87 81 87 81 87 81  |........|
2018/07/31 10:36:04 term 87 81 87 81 87 81 87 81  |........|
2018/07/31 10:36:04 term 87 81 87 81 87 81 87 81  |........|
2018/07/31 10:36:04 term 87 81 87 81 87 81 87 81  |........|
2018/07/31 10:36:04 term 84                       |.|
2018/07/31 10:36:04 tcp  07 4f 00 43 b6 19 97     |.O.C...|
2018/07/31 10:36:04 term 20 49 00 43 b6 19 ff 3f  | I.C...?|
2018/07/31 10:36:04 term 23 23 23 23 23 23 23 23  |########|
2018/07/31 10:36:04 term 23 23 23 23 23 23 23 23  |########|
2018/07/31 10:36:04 term 23 23 23 23 23 23 23 21  |#######!|
2018/07/31 10:36:04 tcp  07 4f 00 43 e8 19 65     |.O.C..e|
2018/07/31 10:36:04 term 20 49 00 43 e8 19 00 00  | I.C....|
2018/07/31 10:36:04 term 00 00 00 00 00 00 00 00  |........|
2018/07/31 10:36:04 term 00 00 00 00 00 00 00 00  |........|
2018/07/31 10:36:04 term 00 00 00 00 00 00 00 52  |.......R|
2018/07/31 10:36:04 tcp  07 4f 00 18 b0 32 af     |.O...2.|
2018/07/31 10:36:04 term 39 49 00 18 b0 32 00 00  |9I...2..|
2018/07/31 10:36:04 term 03 00 00 00 00 00 00 00  |........|
2018/07/31 10:36:04 term 00 00 00 00 00 00 00 00  |........|
2018/07/31 10:36:04 term 00 00 00 00 00 00 00 00  |........|
2018/07/31 10:36:04 term 00 00 00 00 00 00 00 00  |........|
2018/07/31 10:36:04 term 00 00 00 00 00 00 00 00  |........|
2018/07/31 10:36:04 term 00 00 00 00 00 00 00 00  |........|
2018/07/31 10:36:04 term 80                       |.|
2018/07/31 10:36:04 tcp  07 4f 00 5a e4 19 52     |.O.Z..R|
2018/07/31 10:36:05 term 20 49 00 5a e4 19 ff ff  | I.Z....|
2018/07/31 10:36:05 term 00 00 00 00 00 00 00 00  |........|
2018/07/31 10:36:05 term 00 00 00 00 00 00 00 00  |........|
2018/07/31 10:36:05 term 00 00 00 00 00 00 00 41  |.......A|
2018/07/31 10:36:05 tcp  07 4f 00 41 90 40 98     |.O.A.@.|
2018/07/31 10:36:05 term 47 49 00 41 90 40 12 34  |GI.A.@.4|
2018/07/31 10:36:05 term dd 56 78 dd ff ee dd ff  |.Vx.....|
2018/07/31 10:36:05 term ee dd ff ee dd ff ee dd  |........|
2018/07/31 10:36:05 term ff ee dd ff ee dd ff ee  |........|
2018/07/31 10:36:05 term dd ff ee dd ff ee dd ff  |........|
2018/07/31 10:36:05 term ee dd ff ee dd ff ee dd  |........|
2018/07/31 10:36:05 term ff ee dd ff ee dd ff ee  |........|
2018/07/31 10:36:05 term dd ff ee dd ff ee dd ff  |........|
2018/07/31 10:36:05 term ee dd ff ee dd ff 93     |.......|
2018/07/31 10:36:05 tcp  07 4f 00 41 d0 0b 8d     |.O.A...|
2018/07/31 10:36:05 term 12 49 00 41 d0 0b ee dd  |.I.A....|
2018/07/31 10:36:05 term ff ee dd ff ee dd ff ee  |........|
2018/07/31 10:36:05 term dd 5f                    |._|
2018/07/31 10:36:05 tcp  07 4f 00 63 0b 18 23     |.O.c..#|
2018/07/31 10:36:05 term 1f 49 00 63 0b 18 ff ee  |.I.c....|
2018/07/31 10:36:05 term dd ff ee dd ff ee dd ff  |........|
2018/07/31 10:36:05 term ee dd ff ee dd ff ee dd  |........|
2018/07/31 10:36:05 term ff ee dd ff ee dd c1     |.......|
2018/07/31 10:36:05 tcp  07 4f 00 42 26 40 01     |.O.B&@.|
2018/07/31 10:36:05 term 47 49 00 42 26 40 ff ff  |GI.B&@..|
2018/07/31 10:36:05 term ff ff ff ff ff ff ff ff  |........|
2018/07/31 10:36:05 term ff ff ff ff ff ff ff ff  |........|
2018/07/31 10:36:05 term ff ff ff ff ff ff ff ff  |........|
2018/07/31 10:36:05 term ff ff ff ff ff ff ff ff  |........|
2018/07/31 10:36:05 term ff ff ff ff ff ff ff ff  |........|
2018/07/31 10:36:05 term ff ff ff ff ff ff ff ff  |........|
2018/07/31 10:36:05 term ff ff ff ff ff ff ff ff  |........|
2018/07/31 10:36:05 term ff ff ff ff ff ff 07     |.......|
2018/07/31 10:36:05 tcp  07 4f 00 42 66 24 dd     |.O.Bf$.|
2018/07/31 10:36:05 term 2b 49 00 42 66 24 ff ff  |+I.Bf$..|
2018/07/31 10:36:05 term ff ff ff ff ff ff ff ff  |........|
2018/07/31 10:36:05 term ff ff ff ff ff ff ff ff  |........|
2018/07/31 10:36:05 term ff ff ff ff ff ff ff ff  |........|
2018/07/31 10:36:05 term ff ff ff ff ff ff ff ff  |........|
2018/07/31 10:36:05 term ff ff e3                 |...|
2018/07/31 10:36:05 tcp  07 4f 00 09 c0 40 a0     |.O...@.|
2018/07/31 10:36:05 term 47 49 00 09 c0 40 00 00  |GI...@..|
2018/07/31 10:36:05 term 00 00 00 00 00 00 00 00  |........|
2018/07/31 10:36:05 term 00 00 00 00 00 00 00 00  |........|
2018/07/31 10:36:05 term 00 00 00 00 00 00 00 00  |........|
2018/07/31 10:36:05 term 00 00 00 00 00 00 ff ff  |........|
2018/07/31 10:36:05 term ff ff ff ff ff ff ff ff  |........|
2018/07/31 10:36:05 term ff ff ff ff ff ff ff ff  |........|
2018/07/31 10:36:05 term ff ff ff ff ff ff ff ff  |........|
2018/07/31 10:36:05 term ff ff ff ff ff ff 86     |.......|
2018/07/31 10:36:05 tcp  07 4f 00 0a 00 40 5f     |.O...@_|
2018/07/31 10:36:05 term 47 49 00 0a 00 40 ff ff  |GI...@..|
2018/07/31 10:36:05 term ff ff ff ff ff ff ff ff  |........|
2018/07/31 10:36:05 term ff ff ff ff ff ff ff ff  |........|
2018/07/31 10:36:05 term ff ff ff ff ff ff ff ff  |........|
2018/07/31 10:36:05 term ff ff ff ff ff ff ff ff  |........|
2018/07/31 10:36:05 term ff ff ff ff ff ff ff ff  |........|
2018/07/31 10:36:05 term ff ff ff ff ff ff ff ff  |........|
2018/07/31 10:36:05 term ff ff ff ff ff ff ff ff  |........|
2018/07/31 10:36:05 term ff ff ff ff ff ff 65     |......e|
2018/07/31 10:36:05 tcp  07 4f 00 0a 40 20 3f     |.O..@ ?|
2018/07/31 10:36:05 term 27 49 00 0a 40 20 ff ff  |'I..@ ..|
2018/07/31 10:36:05 term ff ff ff ff ff ff ff ff  |........|
2018/07/31 10:36:05 term ff ff ff ff ff ff ff ff  |........|
2018/07/31 10:36:05 term ff ff ff ff ff ff ff ff  |........|
2018/07/31 10:36:05 term ff ff ff ff ff ff 45     |......E|
2018/07/31 10:36:05 tcp  07 4f 00 53 20 40 f6     |.O.S @.|
2018/07/31 10:36:05 term 47 49 00 53 20 40 ff ff  |GI.S @..|
2018/07/31 10:36:05 term ff ff ff ff ff ff ff ff  |........|
2018/07/31 10:36:05 term ff ff ff ff ff ff ff ff  |........|
2018/07/31 10:36:05 term ff ff ff ff ff ff ff ff  |........|
2018/07/31 10:36:05 term ff ff ff ff ff ff ff ff  |........|
2018/07/31 10:36:05 term ff ff ff ff ff ff ff ff  |........|
2018/07/31 10:36:05 term ff ff ff ff ff ff ff ff  |........|
2018/07/31 10:36:05 term ff ff ff ff ff ff ff ff  |........|
2018/07/31 10:36:05 term ff ff ff ff ff ff fc     |.......|
2018/07/31 10:36:05 tcp  07 4f 00 53 60 24 d2     |.O.S`$.|
2018/07/31 10:36:05 term 2b 49 00 53 60 24 ff ff  |+I.S`$..|
2018/07/31 10:36:05 term ff ff ff ff ff ff ff ff  |........|
2018/07/31 10:36:05 term ff ff ff ff ff ff ff ff  |........|
2018/07/31 10:36:05 term ff ff ff ff ff ff ff ff  |........|
2018/07/31 10:36:05 term ff ff ff ff ff ff ff ff  |........|
2018/07/31 10:36:05 term ff ff d8                 |...|
2018/07/31 10:36:15 tcp  03 50 ac                 |.P.|
2018/07/31 10:36:15 term 05 50 ff ff ac           |.P...|
2018/07/31 10:36:25 tcp  03 50 ac                 |.P.|
2018/07/31 10:36:25 term 05 50 ff ff ac           |.P...|
2018/07/31 10:36:35 tcp  03 50 ac                 |.P.|
2018/07/31 10:36:35 term 05 50 ff ff ac           |.P...|
2018/07/31 10:36:45 tcp  03 50 ac                 |.P.|
2018/07/31 10:36:45 term 05 50 ff ff ac           |.P...|
2018/07/31 10:36:55 tcp  03 50 ac                 |.P.|
2018/07/31 10:36:55 term 05 50 ff ff ac           |.P...|
2018/07/31 10:37:05 tcp  03 50 ac                 |.P.|
2018/07/31 10:37:05 term 05 50 ff ff ac           |.P...|
2018/07/31 10:37:15 tcp  03 50 ac                 |.P.|
2018/07/31 10:37:15 term 05 50 ff ff ac           |.P...|
2018/07/31 10:37:19 tcp  47 49 00 40 00 40 45 6e  |GI.@.@En|
2018/07/31 10:37:19 tcp  67 69 6e 65 65 72 4d 61  |gineerMa|
2018/07/31 10:37:19 tcp  73 74 65 72 20 20 63 68  |ster  ch|
2018/07/31 10:37:19 tcp  72 69 73 20 20 20 20 20  |ris     |
2018/07/31 10:37:19 tcp  20 20 20 20 20 20 20 20  |        |
2018/07/31 10:37:19 tcp  20 20 20 20 20 20 20 20  |        |
2018/07/31 10:37:19 tcp  20 20 20 20 20 20 20 20  |        |
2018/07/31 10:37:19 tcp  20 20 20 20 20 20 20 20  |        |
2018/07/31 10:37:19 tcp  20 20 20 20 20 20 9d     |      .|
2018/07/31 10:37:19 term 03 06 f6                 |...|
2018/07/31 10:37:19 tcp  47 49 00 40 40 40 20 20  |GI.@@@  |
2018/07/31 10:37:19 tcp  20 20 20 20 20 20 20 20  |        |
2018/07/31 10:37:19 tcp  20 20 20 20 20 20 20 20  |        |
2018/07/31 10:37:19 tcp  20 20 20 20 20 20 20 20  |        |
2018/07/31 10:37:19 tcp  20 20 20 20 20 20 20 20  |        |
2018/07/31 10:37:19 tcp  20 20 20 20 20 20 20 20  |        |
2018/07/31 10:37:19 tcp  20 20 20 20 20 20 20 20  |        |
2018/07/31 10:37:19 tcp  20 20 20 20 20 20 20 20  |        |
2018/07/31 10:37:19 tcp  20 20 20 20 20 20 af     |      .|
2018/07/31 10:37:19 term 03 06 f6                 |...|
2018/07/31 10:37:19 tcp  47 49 00 40 80 40 20 20  |GI.@.@  |
2018/07/31 10:37:19 tcp  20 20 20 20 20 20 20 20  |        |
2018/07/31 10:37:19 tcp  20 20 20 20 20 20 20 20  |        |
2018/07/31 10:37:19 tcp  20 20 20 20 20 20 20 20  |        |
2018/07/31 10:37:19 tcp  20 20 20 20 20 20 20 20  |        |
2018/07/31 10:37:19 tcp  20 20 20 20 20 20 20 20  |        |
2018/07/31 10:37:19 tcp  20 20 20 20 20 20 20 20  |        |
2018/07/31 10:37:19 tcp  20 20 20 20 20 20 20 20  |        |
2018/07/31 10:37:19 tcp  20 20 20 20 20 20 6f     |      o|
2018/07/31 10:37:19 term 03 06 f6                 |...|
2018/07/31 10:37:19 tcp  0f 49 00 40 c0 08 20 20  |.I.@..  |
2018/07/31 10:37:19 tcp  20 20 20 20 20 20 9f     |      .|
2018/07/31 10:37:19 term 03 06 f6                 |...|
2018/07/31 10:37:19 tcp  39 49 00 42 ee 32 03 00  |9I.B.2..|
2018/07/31 10:37:19 tcp  01 00 03 00 01 00 01 00  |........|
2018/07/31 10:37:19 tcp  01 00 01 00 01 00 01 00  |........|
2018/07/31 10:37:19 tcp  01 00 01 00 01 00 01 00  |........|
2018/07/31 10:37:19 tcp  01 00 01 00 01 00 01 00  |........|
2018/07/31 10:37:19 tcp  01 00 01 00 01 00 01 00  |........|
2018/07/31 10:37:19 tcp  01 00 01 00 01 00 01 00  |........|
2018/07/31 10:37:19 tcp  fe                       |.|
2018/07/31 10:37:19 term 03 06 f6                 |...|
2018/07/31 10:37:19 tcp  39 49 00 43 52 32 8f b3  |9I.CR2..|
2018/07/31 10:37:19 tcp  87 b1 87 81 87 81 87 81  |........|
2018/07/31 10:37:19 tcp  87 81 87 81 87 81 87 81  |........|
2018/07/31 10:37:19 tcp  87 81 87 81 87 81 87 81  |........|
2018/07/31 10:37:19 tcp  87 81 87 81 87 81 87 81  |........|
2018/07/31 10:37:19 tcp  87 81 87 81 87 81 87 81  |........|
2018/07/31 10:37:19 tcp  87 81 87 81 87 81 87 81  |........|
2018/07/31 10:37:19 tcp  84                       |.|
2018/07/31 10:37:19 term 03 06 f6                 |...|
2018/07/31 10:37:19 tcp  20 49 00 43 b6 19 ff 3f  | I.C...?|
2018/07/31 10:37:19 tcp  23 23 23 23 23 23 23 23  |########|
2018/07/31 10:37:19 tcp  23 23 23 23 23 23 23 23  |########|
2018/07/31 10:37:19 tcp  23 23 23 23 23 23 23 21  |#######!|
2018/07/31 10:37:19 term 03 06 f6                 |...|
2018/07/31 10:37:19 tcp  20 49 00 43 e8 19 00 00  | I.C....|
2018/07/31 10:37:19 tcp  00 00 00 00 00 00 00 00  |........|
2018/07/31 10:37:19 tcp  00 00 00 00 00 00 00 00  |........|
2018/07/31 10:37:19 tcp  00 00 00 00 00 00 00 52  |.......R|
2018/07/31 10:37:19 term 03 06 f6                 |...|
2018/07/31 10:37:19 tcp  39 49 00 18 b0 32 00 00  |9I...2..|
2018/07/31 10:37:19 tcp  03 00 00 00 00 00 00 00  |........|
2018/07/31 10:37:19 tcp  00 00 00 00 00 00 00 00  |........|
2018/07/31 10:37:19 tcp  00 00 00 00 00 00 00 00  |........|
2018/07/31 10:37:19 tcp  00 00 00 00 00 00 00 00  |........|
2018/07/31 10:37:19 tcp  00 00 00 00 00 00 00 00  |........|
2018/07/31 10:37:19 tcp  00 00 00 00 00 00 00 00  |........|
2018/07/31 10:37:19 tcp  80                       |.|
2018/07/31 10:37:20 term 03 06 f6                 |...|
2018/07/31 10:37:20 tcp  20 49 00 5a e4 19 ff ff  | I.Z....|
2018/07/31 10:37:20 tcp  03 00 00 00 00 00 00 00  |........|
2018/07/31 10:37:20 tcp  00 00 00 00 00 00 00 00  |........|
2018/07/31 10:37:20 tcp  00 00 00 00 00 00 00 3e  |.......>|
2018/07/31 10:37:20 term 03 06 f6                 |...|
2018/07/31 10:37:20 tcp  47 49 00 41 90 40 12 34  |GI.A.@.4|
2018/07/31 10:37:20 tcp  dd 56 78 dd 90 00 78 ff  |.Vx...x.|
2018/07/31 10:37:20 tcp  ee dd ff ee dd ff ee dd  |........|
2018/07/31 10:37:20 tcp  ff ee dd ff ee dd ff ee  |........|
2018/07/31 10:37:20 tcp  dd ff ee dd ff ee dd ff  |........|
2018/07/31 10:37:20 tcp  ee dd ff ee dd ff ee dd  |........|
2018/07/31 10:37:20 tcp  ff ee dd ff ee dd ff ee  |........|
2018/07/31 10:37:20 tcp  dd ff ee dd ff ee dd ff  |........|
2018/07/31 10:37:20 tcp  ee dd ff ee dd ff 55     |......U|
2018/07/31 10:37:20 term 03 06 f6                 |...|
2018/07/31 10:37:20 tcp  12 49 00 41 d0 0b ee dd  |.I.A....|
2018/07/31 10:37:20 tcp  ff ee dd ff ee dd ff ee  |........|
2018/07/31 10:37:20 tcp  dd 5f                    |._|
2018/07/31 10:37:20 term 03 06 f6                 |...|
2018/07/31 10:37:20 tcp  1f 49 00 63 0b 18 ff ee  |.I.c....|
2018/07/31 10:37:20 tcp  dd ff ee dd ff ee dd ff  |........|
2018/07/31 10:37:20 tcp  ee dd ff ee dd ff ee dd  |........|
2018/07/31 10:37:20 tcp  ff ee dd ff ee dd c1     |.......|
2018/07/31 10:37:20 term 03 06 f6                 |...|
2018/07/31 10:37:20 tcp  47 49 00 42 26 40 ff ff  |GI.B&@..|
2018/07/31 10:37:20 tcp  ff ff ff ff ff ff ff ff  |........|
2018/07/31 10:37:20 tcp  ff ff ff ff ff ff ff ff  |........|
2018/07/31 10:37:20 tcp  ff ff ff ff ff ff ff ff  |........|
2018/07/31 10:37:20 tcp  ff ff ff ff ff ff ff ff  |........|
2018/07/31 10:37:20 tcp  ff ff ff ff ff ff ff ff  |........|
2018/07/31 10:37:20 tcp  ff ff ff ff ff ff ff ff  |........|
2018/07/31 10:37:20 tcp  ff ff ff ff ff ff ff ff  |........|
2018/07/31 10:37:20 tcp  ff ff ff ff ff ff 07     |.......|
2018/07/31 10:37:20 term 03 06 f6                 |...|
2018/07/31 10:37:20 tcp  2b 49 00 42 66 24 ff ff  |+I.Bf$..|
2018/07/31 10:37:20 tcp  ff ff ff ff ff ff ff ff  |........|
2018/07/31 10:37:20 tcp  ff ff ff ff ff ff ff ff  |........|
2018/07/31 10:37:20 tcp  ff ff ff ff ff ff ff ff  |........|
2018/07/31 10:37:20 tcp  ff ff ff ff ff ff ff ff  |........|
2018/07/31 10:37:20 tcp  ff ff e3                 |...|
2018/07/31 10:37:20 term 03 06 f6                 |...|
2018/07/31 10:37:20 tcp  47 49 00 53 20 40 ff ff  |GI.S @..|
2018/07/31 10:37:20 tcp  ff ff ff ff ff ff ff ff  |........|
2018/07/31 10:37:20 tcp  ff ff ff ff ff ff ff ff  |........|
2018/07/31 10:37:20 tcp  ff ff ff ff ff ff ff ff  |........|
2018/07/31 10:37:20 tcp  ff ff ff ff ff ff ff ff  |........|
2018/07/31 10:37:20 tcp  ff ff ff ff ff ff ff ff  |........|
2018/07/31 10:37:20 tcp  ff ff ff ff ff ff ff ff  |........|
2018/07/31 10:37:20 tcp  ff ff ff ff ff ff ff ff  |........|
2018/07/31 10:37:20 tcp  ff ff ff ff ff ff fc     |.......|
2018/07/31 10:37:20 term 03 06 f6                 |...|
2018/07/31 10:37:20 tcp  2b 49 00 53 60 24 ff ff  |+I.S`$..|
2018/07/31 10:37:20 tcp  ff ff ff ff ff ff ff ff  |........|
2018/07/31 10:37:20 tcp  ff ff ff ff ff ff ff ff  |........|
2018/07/31 10:37:20 tcp  ff ff ff ff ff ff ff ff  |........|
2018/07/31 10:37:20 tcp  ff ff ff ff ff ff ff ff  |........|
2018/07/31 10:37:20 tcp  ff ff d8                 |...|
2018/07/31 10:37:20 term 03 06 f6                 |...|
2018/07/31 10:37:27 tcp  08 42 64 09 01 01 00 46  |.Bd....F|
2018/07/31 10:37:27 term 03 06 f6                 |...|
2018/07/31 10:37:27 tcp  03 48 b4                 |.H.|
2018/07/31 10:37:27 term 03 06 f6                 |...|
2018/07/31 10:37:28 CLOSE (tcp read close)
