2018/07/31 08:28:50 OPEN (::1:39424)
2018/07/31 08:28:54 CLOSE (tcp read close)
2018/07/31 08:29:04 OPEN (::ffff:192.168.1.228:62826)
2018/07/31 08:29:09 CLOSE (tcp read close)
2018/07/31 08:30:57 OPEN (::ffff:192.168.1.228:62975)
2018/07/31 08:30:59 tcp  03 5a a2                 |.Z.|
2018/07/31 08:30:59 term 0b 00 5a 05 01 00 07 09  |..Z.....|
2018/07/31 08:30:59 term 04                       |.|
2018/07/31 08:30:59 term 07 01 78                 |..x|
2018/07/31 08:31:04 tcp  03 5a a2                 |.Z.|
2018/07/31 08:31:04 term 0b 5a 05 01 00 07 09 04  |.Z......|
2018/07/31 08:31:04 term 07 01 78                 |..x|
2018/07/31 08:31:04 tcp  0b 5a 31 32 33 34 35 36  |.Z123456|
2018/07/31 08:31:04 tcp  37 38 f6                 |78.|
2018/07/31 08:31:04 term 17 5a 45 6c 69 74 65 20  |.ZElite |
2018/07/31 08:31:04 term 32 34 20 20 20 20 56 34  |24    V4|
2018/07/31 08:31:04 term 2e 30 32 2e 30 31 ec     |.02.01.|
2018/07/31 08:31:04 tcp  07 4f 00 64 9b 10 9a     |.O.d...|
2018/07/31 08:31:04 term 17 49 00 64 9b 10 2f fc  |.I.d../.|
2018/07/31 08:31:04 term 56 50 85 90 48 44 76 11  |VP..HDv.|
2018/07/31 08:31:04 term 43 39 ce c4 19 76 fa     |C9...v.|
2018/07/31 08:31:04 tcp  07 4f 00 5d 04 10 38     |.O.]..8|
2018/07/31 08:31:04 term 17 49 00 5d 04 10 54 01  |.I.]..T.|
2018/07/31 08:31:04 term 07 94 71 b6 49 17 a5 1b  |..q.I...|
2018/07/31 08:31:04 term 32 5a 96 f9 6e 49 25     |2Z..nI%|
2018/07/31 08:31:04 tcp  07 4f 00 16 78 01 1a     |.O..x..|
2018/07/31 08:31:04 term 08 49 00 16 78 01 06 19  |.I..x...|
2018/07/31 08:31:04 tcp  07 4f 00 1f ca 07 b9     |.O.....|
2018/07/31 08:31:04 term 0e 49 00 1f ca 07 01 00  |.I......|
2018/07/31 08:31:04 term 00 00 ff ff 2c 8d        |....,.|
2018/07/31 08:31:04 tcp  07 4f 00 16 7e 01 14     |.O..~..|
2018/07/31 08:31:04 term 08 49 00 16 7e 01 00 19  |.I..~...|
2018/07/31 08:31:04 tcp  07 4f 00 5c 55 02 f6     |.O.\U..|
2018/07/31 08:31:04 term 09 49 00 5c 55 02 28 c0  |.I.\U.(.|
2018/07/31 08:31:04 term 12                       |.|
2018/07/31 08:31:18 tcp  07 4f 00 00 00 18 91     |.O.....|
2018/07/31 08:31:18 term 1f 49 00 00 00 18 01 04  |.I......|
2018/07/31 08:31:18 term 02 00 00 00 00 03 00 00  |........|
2018/07/31 08:31:18 term 00 00 00 00 00 00 00 00  |........|
2018/07/31 08:31:18 term 00 00 00 00 00 00 75     |......u|
2018/07/31 08:31:18 tcp  07 4f 00 00 30 18 61     |.O..0.a|
2018/07/31 08:31:18 term 1f 49 00 00 30 18 00 00  |.I..0...|
2018/07/31 08:31:18 term 00 00 00 00 00 00 00 00  |........|
2018/07/31 08:31:18 term 00 00 00 00 00 00 00 00  |........|
2018/07/31 08:31:18 term 00 00 00 00 00 00 4f     |......O|
2018/07/31 08:31:18 tcp  07 4f 00 00 60 18 31     |.O..`.1|
2018/07/31 08:31:18 term 1f 49 00 00 60 18 01 01  |.I..`...|
2018/07/31 08:31:18 term 00 01 01 01 01 01 01 01  |........|
2018/07/31 08:31:18 term 01 01 01 01 01 01 01 01  |........|
2018/07/31 08:31:18 term 01 01 01 01 01 01 08     |.......|
2018/07/31 08:31:18 tcp  07 4f 00 00 90 18 01     |.O.....|
2018/07/31 08:31:18 term 1f 49 00 00 90 18 01 01  |.I......|
2018/07/31 08:31:18 term 01 02 02 02 02 02 02 02  |........|
2018/07/31 08:31:18 term 02 02 02 02 02 02 02 02  |........|
2018/07/31 08:31:18 term 02 02 02 02 02 02 c2     |.......|
2018/07/31 08:31:18 tcp  07 4f 00 00 c0 30 b9     |.O...0.|
2018/07/31 08:31:18 term 37 49 00 00 c0 30 00 20  |7I...0. |
2018/07/31 08:31:18 term 61 20 00 20 00 00 00 00  |a . ....|
2018/07/31 08:31:18 term 00 00 00 00 01 20 00 00  |..... ..|
2018/07/31 08:31:18 term 00 00 00 00 00 00 00 00  |........|
2018/07/31 08:31:18 term 00 00 00 00 00 00 00 00  |........|
2018/07/31 08:31:18 term 00 00 00 00 00 00 00 00  |........|
2018/07/31 08:31:18 term 00 00 00 00 00 00 ad     |.......|
2018/07/31 08:31:18 tcp  07 4f 00 54 00 40 15     |.O.T.@.|
2018/07/31 08:31:18 term 47 49 00 54 00 40 5a 4f  |GI.T.@ZO|
2018/07/31 08:31:18 term 4d 45 30 30 31 61 62 63  |ME001abc|
2018/07/31 08:31:18 term 64 65 66 67 68 69 6a 6b  |defghijk|
2018/07/31 08:31:18 term 6c 6d 6e 6f 70 71 72 73  |lmnopqrs|
2018/07/31 08:31:18 term 74 75 76 77 78 79 7a 6f  |tuvwxyzo|
2018/07/31 08:31:18 term 6d 65 30 30 32 61 62 63  |me002abc|
2018/07/31 08:31:18 term 64 65 66 67 68 69 6a 6b  |defghijk|
2018/07/31 08:31:18 term 6d 6e 6f 70 71 72 73 74  |mnopqrst|
2018/07/31 08:31:18 term 75 76 77 78 79 7a 6a     |uvwxyzj|
2018/07/31 08:31:18 tcp  07 4f 00 54 40 40 d5     |.O.T@@.|
2018/07/31 08:31:18 term 47 49 00 54 40 40 5a 4f  |GI.T@@ZO|
2018/07/31 08:31:18 term 4d 45 30 30 33 00 00 00  |ME003...|
2018/07/31 08:31:18 term 00 00 00 00 00 00 20 20  |......  |
2018/07/31 08:31:18 term 20 20 20 20 20 20 20 20  |        |
2018/07/31 08:31:18 term 20 20 20 20 20 20 20 20  |        |
2018/07/31 08:31:18 term 20 20 20 20 20 20 20 20  |        |
2018/07/31 08:31:18 term 20 20 20 20 20 20 20 20  |        |
2018/07/31 08:31:18 term 20 20 20 20 20 20 20 20  |        |
2018/07/31 08:31:18 term 20 20 20 20 20 20 cd     |      .|
2018/07/31 08:31:18 tcp  07 4f 00 54 80 40 95     |.O.T.@.|
2018/07/31 08:31:18 term 47 49 00 54 80 40 20 20  |GI.T.@  |
2018/07/31 08:31:18 term 20 20 20 20 20 20 20 20  |        |
2018/07/31 08:31:18 term 20 20 20 20 20 20 20 20  |        |
2018/07/31 08:31:18 term 20 20 20 20 20 20 20 20  |        |
2018/07/31 08:31:18 term 20 20 20 20 20 20 20 20  |        |
2018/07/31 08:31:18 term 20 20 20 20 20 20 20 20  |        |
2018/07/31 08:31:18 term 20 20 20 20 20 20 20 20  |        |
2018/07/31 08:31:18 term 20 20 20 20 20 20 20 20  |        |
2018/07/31 08:31:18 term 20 20 20 20 20 20 5b     |      [|
2018/07/31 08:31:18 tcp  07 4f 00 54 c0 40 55     |.O.T.@U|
2018/07/31 08:31:18 term 47 49 00 54 c0 40 20 20  |GI.T.@  |
2018/07/31 08:31:18 term 20 20 20 20 20 20 20 20  |        |
2018/07/31 08:31:18 term 20 20 20 20 20 20 20 20  |        |
2018/07/31 08:31:18 term 20 20 20 20 20 20 20 20  |        |
2018/07/31 08:31:18 term 20 20 20 20 20 20 20 20  |        |
2018/07/31 08:31:18 term 20 20 20 20 20 20 20 20  |        |
2018/07/31 08:31:18 term 20 20 20 20 20 20 20 20  |        |
2018/07/31 08:31:18 term 20 20 20 20 20 20 20 20  |        |
2018/07/31 08:31:18 term 20 20 20 20 20 20 1b     |      .|
2018/07/31 08:31:18 tcp  07 4f 00 55 00 40 14     |.O.U.@.|
2018/07/31 08:31:18 term 47 49 00 55 00 40 20 20  |GI.U.@  |
2018/07/31 08:31:18 term 20 20 20 20 20 20 20 20  |        |
2018/07/31 08:31:18 term 20 20 20 20 20 20 20 20  |        |
2018/07/31 08:31:19 term 20 20 20 20 20 20 20 20  |        |
2018/07/31 08:31:19 term 20 20 20 20 20 20 20 20  |        |
2018/07/31 08:31:19 term 20 20 20 20 20 20 20 20  |        |
2018/07/31 08:31:19 term 20 20 20 20 20 20 20 20  |        |
2018/07/31 08:31:19 term 20 20 20 20 20 20 20 20  |        |
2018/07/31 08:31:19 term 20 20 20 20 20 20 da     |      .|
2018/07/31 08:31:19 tcp  07 4f 00 55 40 40 d4     |.O.U@@.|
2018/07/31 08:31:19 term 47 49 00 55 40 40 20 20  |GI.U@@  |
2018/07/31 08:31:19 term 20 20 20 20 20 20 20 20  |        |
2018/07/31 08:31:19 term 20 20 20 20 20 20 20 20  |        |
2018/07/31 08:31:19 term 20 20 20 20 20 20 20 20  |        |
2018/07/31 08:31:19 term 20 20 20 20 20 20 20 20  |        |
2018/07/31 08:31:19 term 20 20 20 20 20 20 20 20  |        |
2018/07/31 08:31:19 term 20 20 20 20 20 20 20 20  |        |
2018/07/31 08:31:19 term 20 20 20 20 20 20 20 20  |        |
2018/07/31 08:31:19 term 20 20 20 20 20 20 9a     |      .|
2018/07/31 08:31:19 tcp  07 4f 00 55 80 40 94     |.O.U.@.|
2018/07/31 08:31:19 term 47 49 00 55 80 40 20 20  |GI.U.@  |
2018/07/31 08:31:19 term 20 20 20 20 20 20 20 20  |        |
2018/07/31 08:31:19 term 20 20 20 20 20 20 20 20  |        |
2018/07/31 08:31:19 term 20 20 20 20 20 20 20 20  |        |
2018/07/31 08:31:19 term 20 20 20 20 20 20 20 20  |        |
2018/07/31 08:31:19 term 20 20 20 20 20 20 20 20  |        |
2018/07/31 08:31:19 term 20 20 20 20 20 20 20 20  |        |
2018/07/31 08:31:19 term 20 20 20 20 20 20 20 20  |        |
2018/07/31 08:31:19 term 20 20 20 20 20 20 5a     |      Z|
2018/07/31 08:31:19 tcp  07 4f 00 55 c0 40 54     |.O.U.@T|
2018/07/31 08:31:19 term 47 49 00 55 c0 40 20 20  |GI.U.@  |
2018/07/31 08:31:19 term 20 20 20 20 20 20 20 20  |        |
2018/07/31 08:31:19 term 20 20 20 20 20 20 20 20  |        |
2018/07/31 08:31:19 term 20 20 20 20 20 20 20 20  |        |
2018/07/31 08:31:19 term 20 20 20 20 20 20 20 20  |        |
2018/07/31 08:31:19 term 20 20 20 20 20 20 20 20  |        |
2018/07/31 08:31:19 term 20 20 20 20 20 20 20 20  |        |
2018/07/31 08:31:19 term 20 20 20 20 20 20 20 20  |        |
2018/07/31 08:31:19 term 20 20 20 20 20 20 1a     |      .|
2018/07/31 08:31:19 tcp  07 4f 00 56 00 40 13     |.O.V.@.|
2018/07/31 08:31:19 term 47 49 00 56 00 40 20 20  |GI.V.@  |
2018/07/31 08:31:19 term 20 20 20 20 20 20 20 20  |        |
2018/07/31 08:31:19 term 20 20 20 20 20 20 20 20  |        |
2018/07/31 08:31:19 term 20 20 20 20 20 20 20 20  |        |
2018/07/31 08:31:19 term 20 20 20 20 20 20 20 20  |        |
2018/07/31 08:31:19 term 20 20 20 20 20 20 20 20  |        |
2018/07/31 08:31:19 term 20 20 20 20 20 20 20 20  |        |
2018/07/31 08:31:19 term 20 20 20 20 20 20 20 20  |        |
2018/07/31 08:31:19 term 20 20 20 20 20 20 d9     |      .|
2018/07/31 08:31:19 tcp  07 4f 00 56 40 40 d3     |.O.V@@.|
2018/07/31 08:31:19 term 47 49 00 56 40 40 20 20  |GI.V@@  |
2018/07/31 08:31:19 term 20 20 20 20 20 20 20 20  |        |
2018/07/31 08:31:19 term 20 20 20 20 20 20 20 20  |        |
2018/07/31 08:31:19 term 20 20 20 20 20 20 20 20  |        |
2018/07/31 08:31:19 term 20 20 20 20 20 20 20 20  |        |
2018/07/31 08:31:19 term 20 20 20 20 20 20 20 20  |        |
2018/07/31 08:31:19 term 20 20 20 20 20 20 20 20  |        |
2018/07/31 08:31:19 term 20 20 20 20 20 20 20 20  |        |
2018/07/31 08:31:19 term 20 20 20 20 20 20 99     |      .|
2018/07/31 08:31:19 tcp  07 4f 00 56 80 40 93     |.O.V.@.|
2018/07/31 08:31:19 term 47 49 00 56 80 40 20 20  |GI.V.@  |
2018/07/31 08:31:19 term 20 20 20 20 20 20 20 20  |        |
2018/07/31 08:31:19 term 20 20 20 20 20 20 20 20  |        |
2018/07/31 08:31:19 term 20 20 20 20 20 20 20 20  |        |
2018/07/31 08:31:19 term 20 20 20 20 20 20 20 20  |        |
2018/07/31 08:31:19 term 20 20 20 20 20 20 20 20  |        |
2018/07/31 08:31:19 term 20 20 20 20 20 20 20 20  |        |
2018/07/31 08:31:19 term 20 20 20 20 20 20 20 20  |        |
2018/07/31 08:31:19 term 20 20 20 20 20 20 59     |      Y|
2018/07/31 08:31:19 tcp  07 4f 00 56 c0 40 53     |.O.V.@S|
2018/07/31 08:31:19 term 47 49 00 56 c0 40 20 20  |GI.V.@  |
2018/07/31 08:31:19 term 20 20 20 20 20 20 20 20  |        |
2018/07/31 08:31:19 term 20 20 20 20 20 20 20 20  |        |
2018/07/31 08:31:19 term 20 20 20 20 20 20 20 20  |        |
2018/07/31 08:31:19 term 20 20 20 20 20 20 20 20  |        |
2018/07/31 08:31:19 term 20 20 20 20 20 20 20 20  |        |
2018/07/31 08:31:19 term 20 20 20 20 20 20 20 20  |        |
2018/07/31 08:31:19 term 20 20 20 20 20 20 20 20  |        |
2018/07/31 08:31:19 term 20 20 20 20 20 20 19     |      .|
2018/07/31 08:31:19 tcp  07 4f 00 09 c0 40 a0     |.O...@.|
2018/07/31 08:31:19 term 47 49 00 09 c0 40 00 00  |GI...@..|
2018/07/31 08:31:19 term 00 00 00 00 00 00 00 00  |........|
2018/07/31 08:31:19 term 00 00 00 00 00 00 00 00  |........|
2018/07/31 08:31:19 term 00 00 00 00 00 00 00 00  |........|
2018/07/31 08:31:19 term 00 00 00 00 00 00 ff ff  |........|
2018/07/31 08:31:19 term ff ff ff ff ff ff ff ff  |........|
2018/07/31 08:31:19 term ff ff ff ff ff ff ff ff  |........|
2018/07/31 08:31:19 term ff ff ff ff ff ff ff ff  |........|
2018/07/31 08:31:19 term ff ff ff ff ff ff 86     |.......|
2018/07/31 08:31:19 tcp  07 4f 00 0a 00 40 5f     |.O...@_|
2018/07/31 08:31:19 term 47 49 00 0a 00 40 ff ff  |GI...@..|
2018/07/31 08:31:19 term ff ff ff ff ff ff ff ff  |........|
2018/07/31 08:31:19 term ff ff ff ff ff ff ff ff  |........|
2018/07/31 08:31:19 term ff ff ff ff ff ff ff ff  |........|
2018/07/31 08:31:19 term ff ff ff ff ff ff ff ff  |........|
2018/07/31 08:31:19 term ff ff ff ff ff ff ff ff  |........|
2018/07/31 08:31:19 term ff ff ff ff ff ff ff ff  |........|
2018/07/31 08:31:19 term ff ff ff ff ff ff ff ff  |........|
2018/07/31 08:31:19 term ff ff ff ff ff ff 65     |......e|
2018/07/31 08:31:19 tcp  07 4f 00 0a 40 20 3f     |.O..@ ?|
2018/07/31 08:31:19 term 27 49 00 0a 40 20 ff ff  |'I..@ ..|
2018/07/31 08:31:19 term ff ff ff ff ff ff ff ff  |........|
2018/07/31 08:31:19 term ff ff ff ff ff ff ff ff  |........|
2018/07/31 08:31:19 term ff ff ff ff ff ff ff ff  |........|
2018/07/31 08:31:19 term ff ff ff ff ff ff 45     |......E|
2018/07/31 08:31:19 tcp  07 4f 00 06 e8 10 ab     |.O.....|
2018/07/31 08:31:19 term 17 49 00 06 e8 10 ff ff  |.I......|
2018/07/31 08:31:19 term ff ff ff ff ff ff ff ff  |........|
2018/07/31 08:31:19 term ff ff ff ff ff ff b1     |.......|
2018/07/31 08:31:19 tcp  07 4f 00 53 20 40 f6     |.O.S @.|
2018/07/31 08:31:19 term 47 49 00 53 20 40 ff ff  |GI.S @..|
2018/07/31 08:31:19 term ff ff ff ff ff ff ff ff  |........|
2018/07/31 08:31:19 term ff ff ff ff ff ff ff ff  |........|
2018/07/31 08:31:19 term ff ff ff ff ff ff ff ff  |........|
2018/07/31 08:31:19 term ff ff ff ff ff ff ff ff  |........|
2018/07/31 08:31:19 term ff ff ff ff ff ff ff ff  |........|
2018/07/31 08:31:19 term ff ff ff ff ff ff ff ff  |........|
2018/07/31 08:31:19 term ff ff ff ff ff ff ff ff  |........|
2018/07/31 08:31:19 term ff ff ff ff ff ff fc     |.......|
2018/07/31 08:31:19 tcp  07 4f 00 53 60 24 d2     |.O.S`$.|
2018/07/31 08:31:20 term 2b 49 00 53 60 24 ff ff  |+I.S`$..|
2018/07/31 08:31:20 term ff ff ff ff ff ff ff ff  |........|
2018/07/31 08:31:20 term ff ff ff ff ff ff ff ff  |........|
2018/07/31 08:31:20 term ff ff ff ff ff ff ff ff  |........|
2018/07/31 08:31:20 term ff ff ff ff ff ff ff ff  |........|
2018/07/31 08:31:20 term ff ff d8                 |...|
2018/07/31 08:31:20 tcp  07 4f 00 09 68 30 08     |.O..h0.|
2018/07/31 08:31:20 term 37 49 00 09 68 30 00 00  |7I..h0..|
2018/07/31 08:31:20 term 00 00 00 00 00 00 00 00  |........|
2018/07/31 08:31:20 term 00 00 00 00 00 00 00 00  |........|
2018/07/31 08:31:20 term 00 00 00 00 00 00 00 00  |........|
2018/07/31 08:31:20 term 00 00 00 00 00 00 00 00  |........|
2018/07/31 08:31:20 term 00 00 00 00 00 00 00 00  |........|
2018/07/31 08:31:20 term 00 00 00 00 00 00 de     |.......|
2018/07/31 08:31:20 tcp  07 4f 00 07 08 18 82     |.O.....|
2018/07/31 08:31:20 term 1f 49 00 07 08 18 00 00  |.I......|
2018/07/31 08:31:20 term 00 00 00 00 00 00 00 00  |........|
2018/07/31 08:31:20 term 00 00 00 00 00 00 00 00  |........|
2018/07/31 08:31:20 term 00 00 00 00 00 00 70     |......p|
2018/07/31 08:31:20 tcp  07 4f 00 5b ac 18 8a     |.O.[...|
2018/07/31 08:31:20 term 1f 49 00 5b ac 18 00 00  |.I.[....|
2018/07/31 08:31:20 term 00 00 00 00 00 00 00 00  |........|
2018/07/31 08:31:20 term 00 00 00 00 00 00 00 00  |........|
2018/07/31 08:31:20 term 00 00 00 00 00 00 78     |......x|
2018/07/31 08:31:20 tcp  07 4f 00 51 ea 30 3e     |.O.Q.0>|
2018/07/31 08:31:20 term 37 49 00 51 ea 30 ff ff  |7I.Q.0..|
2018/07/31 08:31:20 term ff ff ff ff ff ff ff ff  |........|
2018/07/31 08:31:20 term ff ff ff ff ff ff ff ff  |........|
2018/07/31 08:31:20 term ff ff ff ff ff ff ff ff  |........|
2018/07/31 08:31:20 term ff ff ff ff ff ff ff ff  |........|
2018/07/31 08:31:20 term ff ff ff ff ff ff ff ff  |........|
2018/07/31 08:31:20 term ff ff ff ff ff ff 44     |......D|
2018/07/31 08:31:20 tcp  07 4f 00 5d 1d 40 ef     |.O.].@.|
2018/07/31 08:31:20 term 47 49 00 5d 1d 40 ff ff  |GI.].@..|
2018/07/31 08:31:20 term ff ff ff ff ff ff ff ff  |........|
2018/07/31 08:31:20 term ff ff ff ff ff ff ff ff  |........|
2018/07/31 08:31:20 term ff ff ff ff ff ff ff ff  |........|
2018/07/31 08:31:20 term ff ff ff ff ff ff ff ff  |........|
2018/07/31 08:31:20 term ff ff ff ff ff ff ff ff  |........|
2018/07/31 08:31:20 term ff ff ff ff ff ff ff ff  |........|
2018/07/31 08:31:20 term ff ff ff ff ff ff ff ff  |........|
2018/07/31 08:31:20 term ff ff ff ff ff ff f5     |.......|
2018/07/31 08:31:20 tcp  07 4f 00 5d 5d 40 af     |.O.]]@.|
2018/07/31 08:31:20 term 47 49 00 5d 5d 40 ff ff  |GI.]]@..|
2018/07/31 08:31:20 term ff ff ff ff ff ff ff ff  |........|
2018/07/31 08:31:20 term ff ff ff ff ff ff ff ff  |........|
2018/07/31 08:31:20 term ff ff ff ff ff ff ff ff  |........|
2018/07/31 08:31:20 term ff ff ff ff ff ff ff ff  |........|
2018/07/31 08:31:20 term ff ff ff ff ff ff ff ff  |........|
2018/07/31 08:31:20 term ff ff ff ff ff ff ff ff  |........|
2018/07/31 08:31:20 term ff ff ff ff ff ff ff ff  |........|
2018/07/31 08:31:20 term ff ff ff ff ff ff b5     |.......|
2018/07/31 08:31:20 tcp  07 4f 00 5d 9d 40 6f     |.O.].@o|
2018/07/31 08:31:20 term 47 49 00 5d 9d 40 ff ff  |GI.].@..|
2018/07/31 08:31:20 term ff ff ff ff ff ff ff ff  |........|
2018/07/31 08:31:20 term ff ff ff ff ff ff ff ff  |........|
2018/07/31 08:31:20 term ff ff ff ff ff ff ff ff  |........|
2018/07/31 08:31:20 term ff ff ff ff ff ff ff ff  |........|
2018/07/31 08:31:20 term ff ff ff ff ff ff ff ff  |........|
2018/07/31 08:31:20 term ff ff ff ff ff ff ff ff  |........|
2018/07/31 08:31:20 term ff ff ff ff ff ff ff ff  |........|
2018/07/31 08:31:20 term ff ff ff ff ff ff 75     |......u|
2018/07/31 08:31:20 tcp  07 4f 00 5d dd 08 67     |.O.]..g|
2018/07/31 08:31:20 term 0f 49 00 5d dd 08 ff ff  |.I.]....|
2018/07/31 08:31:20 term ff ff ff ff ff ff 6d     |......m|
2018/07/31 08:31:20 tcp  07 4f 00 5d e5 04 63     |.O.]..c|
2018/07/31 08:31:20 term 0b 49 00 5d e5 04 00 00  |.I.]....|
2018/07/31 08:31:20 term ff ff 67                 |..g|
2018/07/31 08:31:30 tcp  03 50 ac                 |.P.|
2018/07/31 08:31:30 term 05 50 ff ff ac           |.P...|
2018/07/31 08:31:39 tcp  03 48 b4                 |.H.|
2018/07/31 08:31:39 term 03 06 f6                 |...|
2018/07/31 08:31:40 CLOSE (tcp read close)
